<?xml version="1.0" encoding="UTF-8"?>
<testsuite xmlns:xsi="http://www.w3.org/2001/XMLSchema-instance" xsi:noNamespaceSchemaLocation="https://maven.apache.org/surefire/maven-surefire-plugin/xsd/surefire-test-report-3.0.xsd" version="3.0" name="org.matsim.project.RunMatsimTest" time="9.53" tests="1" errors="0" skipped="0" failures="0">
  <properties>
    <property name="java.specification.version" value="21"/>
    <property name="sun.cpu.isalist" value="amd64"/>
    <property name="sun.jnu.encoding" value="Cp1252"/>
    <property name="java.class.path" value="C:\Users\ranyjulek\Desktop\uni\inteligencja-obliczeniowa\IO_projekt\java\target\test-classes;C:\Users\ranyjulek\Desktop\uni\inteligencja-obliczeniowa\IO_projekt\java\target\classes;C:\Users\ranyjulek\.m2\repository\org\matsim\matsim\15.0\matsim-15.0.jar;C:\Users\ranyjulek\.m2\repository\org\geotools\gt-main\29.0\gt-main-29.0.jar;C:\Users\ranyjulek\.m2\repository\org\geotools\gt-http\29.0\gt-http-29.0.jar;C:\Users\ranyjulek\.m2\repository\com\google\re2j\re2j\1.6\re2j-1.6.jar;C:\Users\ranyjulek\.m2\repository\javax\media\jai_core\1.1.3\jai_core-1.1.3.jar;C:\Users\ranyjulek\.m2\repository\org\geotools\gt-referencing\29.0\gt-referencing-29.0.jar;C:\Users\ranyjulek\.m2\repository\org\ejml\ejml-ddense\0.41\ejml-ddense-0.41.jar;C:\Users\ranyjulek\.m2\repository\org\ejml\ejml-core\0.41\ejml-core-0.41.jar;C:\Users\ranyjulek\.m2\repository\commons-pool\commons-pool\1.5.4\commons-pool-1.5.4.jar;C:\Users\ranyjulek\.m2\repository\org\geotools\gt-metadata\29.0\gt-metadata-29.0.jar;C:\Users\ranyjulek\.m2\repository\org\geotools\gt-opengis\29.0\gt-opengis-29.0.jar;C:\Users\ranyjulek\.m2\repository\systems\uom\systems-common\2.1\systems-common-2.1.jar;C:\Users\ranyjulek\.m2\repository\javax\measure\unit-api\2.1.2\unit-api-2.1.2.jar;C:\Users\ranyjulek\.m2\repository\si\uom\si-quantity\2.1\si-quantity-2.1.jar;C:\Users\ranyjulek\.m2\repository\si\uom\si-units\2.1\si-units-2.1.jar;C:\Users\ranyjulek\.m2\repository\jakarta\annotation\jakarta.annotation-api\1.3.4\jakarta.annotation-api-1.3.4.jar;C:\Users\ranyjulek\.m2\repository\tech\units\indriya\2.1.3\indriya-2.1.3.jar;C:\Users\ranyjulek\.m2\repository\tech\uom\lib\uom-lib-common\2.1\uom-lib-common-2.1.jar;C:\Users\ranyjulek\.m2\repository\org\apiguardian\apiguardian-api\1.1.1\apiguardian-api-1.1.1.jar;C:\Users\ranyjulek\.m2\repository\org\geotools\ogc\net.opengis.ows\29.0\net.opengis.ows-29.0.jar;C:\Users\ranyjulek\.m2\repository\org\geotools\ogc\org.w3.xlink\29.0\org.w3.xlink-29.0.jar;C:\Users\ranyjulek\.m2\repository\org\eclipse\emf\org.eclipse.emf.common\2.15.0\org.eclipse.emf.common-2.15.0.jar;C:\Users\ranyjulek\.m2\repository\org\eclipse\emf\org.eclipse.emf.ecore\2.15.0\org.eclipse.emf.ecore-2.15.0.jar;C:\Users\ranyjulek\.m2\repository\org\eclipse\emf\org.eclipse.emf.ecore.xmi\2.15.0\org.eclipse.emf.ecore.xmi-2.15.0.jar;C:\Users\ranyjulek\.m2\repository\it\geosolutions\jgridshift\jgridshift-core\1.3\jgridshift-core-1.3.jar;C:\Users\ranyjulek\.m2\repository\net\sf\geographiclib\GeographicLib-Java\1.49\GeographicLib-Java-1.49.jar;C:\Users\ranyjulek\.m2\repository\org\geotools\gt-shapefile\29.0\gt-shapefile-29.0.jar;C:\Users\ranyjulek\.m2\repository\org\geotools\gt-epsg-hsql\29.0\gt-epsg-hsql-29.0.jar;C:\Users\ranyjulek\.m2\repository\org\locationtech\jts\jts-core\1.19.0\jts-core-1.19.0.jar;C:\Users\ranyjulek\.m2\repository\org\jfree\jfreechart\1.5.4\jfreechart-1.5.4.jar;C:\Users\ranyjulek\.m2\repository\com\google\inject\guice\5.1.0\guice-5.1.0.jar;C:\Users\ranyjulek\.m2\repository\javax\inject\javax.inject\1\javax.inject-1.jar;C:\Users\ranyjulek\.m2\repository\aopalliance\aopalliance\1.0\aopalliance-1.0.jar;C:\Users\ranyjulek\.m2\repository\com\google\inject\extensions\guice-grapher\5.1.0\guice-grapher-5.1.0.jar;C:\Users\ranyjulek\.m2\repository\com\google\inject\extensions\guice-assistedinject\5.1.0\guice-assistedinject-5.1.0.jar;C:\Users\ranyjulek\.m2\repository\com\google\guava\guava\31.1-jre\guava-31.1-jre.jar;C:\Users\ranyjulek\.m2\repository\com\google\guava\failureaccess\1.0.1\failureaccess-1.0.1.jar;C:\Users\ranyjulek\.m2\repository\com\google\guava\listenablefuture\9999.0-empty-to-avoid-conflict-with-guava\listenablefuture-9999.0-empty-to-avoid-conflict-with-guava.jar;C:\Users\ranyjulek\.m2\repository\com\google\code\findbugs\jsr305\3.0.2\jsr305-3.0.2.jar;C:\Users\ranyjulek\.m2\repository\org\checkerframework\checker-qual\3.12.0\checker-qual-3.12.0.jar;C:\Users\ranyjulek\.m2\repository\com\google\errorprone\error_prone_annotations\2.11.0\error_prone_annotations-2.11.0.jar;C:\Users\ranyjulek\.m2\repository\com\google\j2objc\j2objc-annotations\1.3\j2objc-annotations-1.3.jar;C:\Users\ranyjulek\.m2\repository\org\jgrapht\jgrapht-core\1.5.1\jgrapht-core-1.5.1.jar;C:\Users\ranyjulek\.m2\repository\org\jheaps\jheaps\0.13\jheaps-0.13.jar;C:\Users\ranyjulek\.m2\repository\net\sf\trove4j\trove4j\3.0.3\trove4j-3.0.3.jar;C:\Users\ranyjulek\.m2\repository\org\lz4\lz4-java\1.8.0\lz4-java-1.8.0.jar;C:\Users\ranyjulek\.m2\repository\com\github\luben\zstd-jni\1.5.5-1\zstd-jni-1.5.5-1.jar;C:\Users\ranyjulek\.m2\repository\jakarta\validation\jakarta.validation-api\3.0.2\jakarta.validation-api-3.0.2.jar;C:\Users\ranyjulek\.m2\repository\org\hibernate\validator\hibernate-validator\8.0.0.Final\hibernate-validator-8.0.0.Final.jar;C:\Users\ranyjulek\.m2\repository\org\jboss\logging\jboss-logging\3.4.1.Final\jboss-logging-3.4.1.Final.jar;C:\Users\ranyjulek\.m2\repository\com\fasterxml\classmate\1.5.1\classmate-1.5.1.jar;C:\Users\ranyjulek\.m2\repository\org\hibernate\validator\hibernate-validator-annotation-processor\8.0.0.Final\hibernate-validator-annotation-processor-8.0.0.Final.jar;C:\Users\ranyjulek\.m2\repository\org\glassfish\jakarta.el\4.0.2\jakarta.el-4.0.2.jar;C:\Users\ranyjulek\.m2\repository\jakarta\el\jakarta.el-api\4.0.0\jakarta.el-api-4.0.0.jar;C:\Users\ranyjulek\.m2\repository\org\apache\commons\commons-compress\1.23.0\commons-compress-1.23.0.jar;C:\Users\ranyjulek\.m2\repository\org\apache\commons\commons-csv\1.10.0\commons-csv-1.10.0.jar;C:\Users\ranyjulek\.m2\repository\jakarta\xml\bind\jakarta.xml.bind-api\4.0.0\jakarta.xml.bind-api-4.0.0.jar;C:\Users\ranyjulek\.m2\repository\jakarta\activation\jakarta.activation-api\2.1.0\jakarta.activation-api-2.1.0.jar;C:\Users\ranyjulek\.m2\repository\com\sun\xml\bind\jaxb-impl\4.0.2\jaxb-impl-4.0.2.jar;C:\Users\ranyjulek\.m2\repository\com\sun\xml\bind\jaxb-core\4.0.2\jaxb-core-4.0.2.jar;C:\Users\ranyjulek\.m2\repository\org\eclipse\angus\angus-activation\2.0.0\angus-activation-2.0.0.jar;C:\Users\ranyjulek\.m2\repository\com\fasterxml\jackson\core\jackson-databind\2.14.2\jackson-databind-2.14.2.jar;C:\Users\ranyjulek\.m2\repository\com\fasterxml\jackson\core\jackson-annotations\2.14.2\jackson-annotations-2.14.2.jar;C:\Users\ranyjulek\.m2\repository\com\fasterxml\jackson\core\jackson-core\2.14.2\jackson-core-2.14.2.jar;C:\Users\ranyjulek\.m2\repository\org\apache\logging\log4j\log4j-api\2.20.0\log4j-api-2.20.0.jar;C:\Users\ranyjulek\.m2\repository\org\apache\logging\log4j\log4j-core\2.20.0\log4j-core-2.20.0.jar;C:\Users\ranyjulek\.m2\repository\junit\junit\4.13.2\junit-4.13.2.jar;C:\Users\ranyjulek\.m2\repository\org\hamcrest\hamcrest-core\1.3\hamcrest-core-1.3.jar;C:\Users\ranyjulek\.m2\repository\org\matsim\matsim\15.0\matsim-15.0-tests.jar;C:\Users\ranyjulek\.m2\repository\org\matsim\matsim-examples\15.0\matsim-examples-15.0.jar;C:\Users\ranyjulek\.m2\repository\org\matsim\contrib\minibus\15.0\minibus-15.0.jar;C:\Users\ranyjulek\.m2\repository\commons-codec\commons-codec\1.15\commons-codec-1.15.jar;C:\Users\ranyjulek\.m2\repository\commons-logging\commons-logging\1.2\commons-logging-1.2.jar;C:\Users\ranyjulek\.m2\repository\org\matsim\contrib\otfvis\15.0\otfvis-15.0.jar;C:\Users\ranyjulek\.m2\repository\net\java\dev\timingframework\timingframework\1.0\timingframework-1.0.jar;C:\Users\ranyjulek\.m2\repository\org\jogamp\gluegen\gluegen-rt\2.4.0-matsim-1\gluegen-rt-2.4.0-matsim-1.jar;C:\Users\ranyjulek\.m2\repository\org\jogamp\gluegen\gluegen-rt\2.4.0-matsim-1\gluegen-rt-2.4.0-matsim-1-natives-macosx-universal.jar;C:\Users\ranyjulek\.m2\repository\org\jogamp\gluegen\gluegen-rt\2.4.0-matsim-1\gluegen-rt-2.4.0-matsim-1-natives-linux-i586.jar;C:\Users\ranyjulek\.m2\repository\org\jogamp\gluegen\gluegen-rt\2.4.0-matsim-1\gluegen-rt-2.4.0-matsim-1-natives-windows-i586.jar;C:\Users\ranyjulek\.m2\repository\org\jogamp\gluegen\gluegen-rt\2.4.0-matsim-1\gluegen-rt-2.4.0-matsim-1-natives-windows-amd64.jar;C:\Users\ranyjulek\.m2\repository\org\jogamp\gluegen\gluegen-rt\2.4.0-matsim-1\gluegen-rt-2.4.0-matsim-1-natives-linux-amd64.jar;C:\Users\ranyjulek\.m2\repository\org\jogamp\jogl\jogl-all\2.4.0-matsim-1\jogl-all-2.4.0-matsim-1.jar;C:\Users\ranyjulek\.m2\repository\org\jogamp\jogl\jogl-all\2.4.0-matsim-1\jogl-all-2.4.0-matsim-1-natives-macosx-universal.jar;C:\Users\ranyjulek\.m2\repository\org\jogamp\jogl\jogl-all\2.4.0-matsim-1\jogl-all-2.4.0-matsim-1-natives-linux-i586.jar;C:\Users\ranyjulek\.m2\repository\org\jogamp\jogl\jogl-all\2.4.0-matsim-1\jogl-all-2.4.0-matsim-1-natives-windows-i586.jar;C:\Users\ranyjulek\.m2\repository\org\jogamp\jogl\jogl-all\2.4.0-matsim-1\jogl-all-2.4.0-matsim-1-natives-windows-amd64.jar;C:\Users\ranyjulek\.m2\repository\org\jogamp\jogl\jogl-all\2.4.0-matsim-1\jogl-all-2.4.0-matsim-1-natives-linux-amd64.jar;C:\Users\ranyjulek\.m2\repository\org\jxmapviewer\jxmapviewer2\2.6\jxmapviewer2-2.6.jar;C:\Users\ranyjulek\.m2\repository\org\matsim\contrib\signals\15.0\signals-15.0.jar;C:\Users\ranyjulek\.m2\repository\de\topobyte\osm4j-pbf\1.2.0\osm4j-pbf-1.2.0.jar;C:\Users\ranyjulek\.m2\repository\de\topobyte\osm4j-core\1.2.0\osm4j-core-1.2.0.jar;C:\Users\ranyjulek\.m2\repository\de\topobyte\adt-multicollections\0.0.4\adt-multicollections-0.0.4.jar;C:\Users\ranyjulek\.m2\repository\com\slimjars\trove4j\trove4j-long-hash-set\1.0.1\trove4j-long-hash-set-1.0.1.jar;C:\Users\ranyjulek\.m2\repository\com\slimjars\trove4j\trove4j-hash-primitive-iterator\1.0.1\trove4j-hash-primitive-iterator-1.0.1.jar;C:\Users\ranyjulek\.m2\repository\com\slimjars\trove4j\trove4j-primitive-hash\1.0.1\trove4j-primitive-hash-1.0.1.jar;C:\Users\ranyjulek\.m2\repository\com\slimjars\trove4j\trove4j-hash\1.0.1\trove4j-hash-1.0.1.jar;C:\Users\ranyjulek\.m2\repository\com\slimjars\trove4j\trove4j-prime-finder\1.0.1\trove4j-prime-finder-1.0.1.jar;C:\Users\ranyjulek\.m2\repository\com\slimjars\trove4j\trove4j-primitive-iterator\1.0.1\trove4j-primitive-iterator-1.0.1.jar;C:\Users\ranyjulek\.m2\repository\com\slimjars\trove4j\trove4j-long-hash\1.0.1\trove4j-long-hash-1.0.1.jar;C:\Users\ranyjulek\.m2\repository\com\slimjars\trove4j\trove4j-long-procedure\1.0.1\trove4j-long-procedure-1.0.1.jar;C:\Users\ranyjulek\.m2\repository\com\slimjars\trove4j\trove4j-long-set\1.0.1\trove4j-long-set-1.0.1.jar;C:\Users\ranyjulek\.m2\repository\com\slimjars\trove4j\trove4j-long-collection\1.0.1\trove4j-long-collection-1.0.1.jar;C:\Users\ranyjulek\.m2\repository\com\slimjars\trove4j\trove4j-long-iterator\1.0.1\trove4j-long-iterator-1.0.1.jar;C:\Users\ranyjulek\.m2\repository\com\slimjars\trove4j\trove4j-long-array-list\1.0.1\trove4j-long-array-list-1.0.1.jar;C:\Users\ranyjulek\.m2\repository\com\slimjars\trove4j\trove4j-constants\1.0.1\trove4j-constants-1.0.1.jar;C:\Users\ranyjulek\.m2\repository\com\slimjars\trove4j\trove4j-long-list\1.0.1\trove4j-long-list-1.0.1.jar;C:\Users\ranyjulek\.m2\repository\com\slimjars\trove4j\trove4j-long-function\1.0.1\trove4j-long-function-1.0.1.jar;C:\Users\ranyjulek\.m2\repository\com\slimjars\trove4j\trove4j-long-object-hash-map\1.0.1\trove4j-long-object-hash-map-1.0.1.jar;C:\Users\ranyjulek\.m2\repository\com\slimjars\trove4j\trove4j-long-object-map\1.0.1\trove4j-long-object-map-1.0.1.jar;C:\Users\ranyjulek\.m2\repository\com\slimjars\trove4j\trove4j-long-object-iterator\1.0.1\trove4j-long-object-iterator-1.0.1.jar;C:\Users\ranyjulek\.m2\repository\com\slimjars\trove4j\trove4j-long-object-procedure\1.0.1\trove4j-long-object-procedure-1.0.1.jar;C:\Users\ranyjulek\.m2\repository\com\slimjars\trove4j\trove4j-object-function\1.0.1\trove4j-object-function-1.0.1.jar;C:\Users\ranyjulek\.m2\repository\com\slimjars\trove4j\trove4j-object-int-hash-map\1.0.1\trove4j-object-int-hash-map-1.0.1.jar;C:\Users\ranyjulek\.m2\repository\com\slimjars\trove4j\trove4j-hash-functions\1.0.1\trove4j-hash-functions-1.0.1.jar;C:\Users\ranyjulek\.m2\repository\com\slimjars\trove4j\trove4j-object-hash-iterator\1.0.1\trove4j-object-hash-iterator-1.0.1.jar;C:\Users\ranyjulek\.m2\repository\com\slimjars\trove4j\trove4j-hash-iterator\1.0.1\trove4j-hash-iterator-1.0.1.jar;C:\Users\ranyjulek\.m2\repository\com\slimjars\trove4j\trove4j-iterator\1.0.1\trove4j-iterator-1.0.1.jar;C:\Users\ranyjulek\.m2\repository\com\slimjars\trove4j\trove4j-object-hash\1.0.1\trove4j-object-hash-1.0.1.jar;C:\Users\ranyjulek\.m2\repository\com\slimjars\trove4j\trove4j-object-int-map\1.0.1\trove4j-object-int-map-1.0.1.jar;C:\Users\ranyjulek\.m2\repository\com\slimjars\trove4j\trove4j-int-collection\1.0.1\trove4j-int-collection-1.0.1.jar;C:\Users\ranyjulek\.m2\repository\com\slimjars\trove4j\trove4j-int-iterator\1.0.1\trove4j-int-iterator-1.0.1.jar;C:\Users\ranyjulek\.m2\repository\com\slimjars\trove4j\trove4j-int-procedure\1.0.1\trove4j-int-procedure-1.0.1.jar;C:\Users\ranyjulek\.m2\repository\com\slimjars\trove4j\trove4j-int-function\1.0.1\trove4j-int-function-1.0.1.jar;C:\Users\ranyjulek\.m2\repository\com\slimjars\trove4j\trove4j-object-int-iterator\1.0.1\trove4j-object-int-iterator-1.0.1.jar;C:\Users\ranyjulek\.m2\repository\com\slimjars\trove4j\trove4j-advancing-iterator\1.0.1\trove4j-advancing-iterator-1.0.1.jar;C:\Users\ranyjulek\.m2\repository\com\slimjars\trove4j\trove4j-object-int-procedure\1.0.1\trove4j-object-int-procedure-1.0.1.jar;C:\Users\ranyjulek\.m2\repository\com\slimjars\trove4j\trove4j-object-procedure\1.0.1\trove4j-object-procedure-1.0.1.jar;C:\Users\ranyjulek\.m2\repository\com\google\protobuf\protobuf-javalite\3.9.1\protobuf-javalite-3.9.1.jar;C:\Users\ranyjulek\.m2\repository\net\jpountz\lz4\lz4\1.3.0\lz4-1.3.0.jar;C:\Users\ranyjulek\.m2\repository\org\slf4j\slf4j-api\1.6.1\slf4j-api-1.6.1.jar;C:\Users\ranyjulek\.m2\repository\de\topobyte\osm4j-xml\1.2.0\osm4j-xml-1.2.0.jar;C:\Users\ranyjulek\.m2\repository\de\topobyte\dynsax\0.0.1\dynsax-0.0.1.jar;C:\Users\ranyjulek\.m2\repository\joda-time\joda-time\2.9.7\joda-time-2.9.7.jar;C:\Users\ranyjulek\.m2\repository\org\matsim\contrib\noise\15.0\noise-15.0.jar;C:\Users\ranyjulek\.m2\repository\org\matsim\contrib\analysis\15.0\analysis-15.0.jar;C:\Users\ranyjulek\.m2\repository\org\osgeo\proj4j\0.1.0\proj4j-0.1.0.jar;C:\Users\ranyjulek\.m2\repository\com\googlecode\json-simple\json-simple\1.1.1\json-simple-1.1.1.jar;C:\Users\ranyjulek\.m2\repository\org\apache\commons\commons-math3\3.6.1\commons-math3-3.6.1.jar;C:\Users\ranyjulek\.m2\repository\org\apache\httpcomponents\client5\httpclient5\5.2.1\httpclient5-5.2.1.jar;C:\Users\ranyjulek\.m2\repository\org\apache\httpcomponents\core5\httpcore5\5.2\httpcore5-5.2.jar;C:\Users\ranyjulek\.m2\repository\org\apache\httpcomponents\core5\httpcore5-h2\5.2\httpcore5-h2-5.2.jar;C:\Users\ranyjulek\.m2\repository\org\geotools\gt-geojson\29.0\gt-geojson-29.0.jar;C:\Users\ranyjulek\.m2\repository\org\apache\commons\commons-lang3\3.8.1\commons-lang3-3.8.1.jar;C:\Users\ranyjulek\.m2\repository\org\geotools\gt-coverage\29.0\gt-coverage-29.0.jar;C:\Users\ranyjulek\.m2\repository\javax\media\jai_imageio\1.1\jai_imageio-1.1.jar;C:\Users\ranyjulek\.m2\repository\it\geosolutions\imageio-ext\imageio-ext-tiff\1.4.7\imageio-ext-tiff-1.4.7.jar;C:\Users\ranyjulek\.m2\repository\it\geosolutions\imageio-ext\imageio-ext-utilities\1.4.7\imageio-ext-utilities-1.4.7.jar;C:\Users\ranyjulek\.m2\repository\it\geosolutions\imageio-ext\imageio-ext-geocore\1.4.7\imageio-ext-geocore-1.4.7.jar;C:\Users\ranyjulek\.m2\repository\it\geosolutions\imageio-ext\imageio-ext-streams\1.4.7\imageio-ext-streams-1.4.7.jar;C:\Users\ranyjulek\.m2\repository\javax\xml\bind\jaxb-api\2.4.0-b180830.0359\jaxb-api-2.4.0-b180830.0359.jar;C:\Users\ranyjulek\.m2\repository\javax\activation\javax.activation-api\1.2.0\javax.activation-api-1.2.0.jar;C:\Users\ranyjulek\.m2\repository\io\airlift\aircompressor\0.20\aircompressor-0.20.jar;C:\Users\ranyjulek\.m2\repository\javax\media\jai_codec\1.1.3\jai_codec-1.1.3.jar;C:\Users\ranyjulek\.m2\repository\org\jaitools\jt-zonalstats\1.6.0\jt-zonalstats-1.6.0.jar;C:\Users\ranyjulek\.m2\repository\org\jaitools\jt-utils\1.6.0\jt-utils-1.6.0.jar;C:\Users\ranyjulek\.m2\repository\it\geosolutions\jaiext\affine\jt-affine\1.1.24\jt-affine-1.1.24.jar;C:\Users\ranyjulek\.m2\repository\it\geosolutions\jaiext\algebra\jt-algebra\1.1.24\jt-algebra-1.1.24.jar;C:\Users\ranyjulek\.m2\repository\it\geosolutions\jaiext\bandmerge\jt-bandmerge\1.1.24\jt-bandmerge-1.1.24.jar;C:\Users\ranyjulek\.m2\repository\it\geosolutions\jaiext\bandselect\jt-bandselect\1.1.24\jt-bandselect-1.1.24.jar;C:\Users\ranyjulek\.m2\repository\it\geosolutions\jaiext\bandcombine\jt-bandcombine\1.1.24\jt-bandcombine-1.1.24.jar;C:\Users\ranyjulek\.m2\repository\it\geosolutions\jaiext\border\jt-border\1.1.24\jt-border-1.1.24.jar;C:\Users\ranyjulek\.m2\repository\it\geosolutions\jaiext\buffer\jt-buffer\1.1.24\jt-buffer-1.1.24.jar;C:\Users\ranyjulek\.m2\repository\it\geosolutions\jaiext\crop\jt-crop\1.1.24\jt-crop-1.1.24.jar;C:\Users\ranyjulek\.m2\repository\it\geosolutions\jaiext\iterators\jt-iterators\1.1.24\jt-iterators-1.1.24.jar;C:\Users\ranyjulek\.m2\repository\it\geosolutions\jaiext\lookup\jt-lookup\1.1.24\jt-lookup-1.1.24.jar;C:\Users\ranyjulek\.m2\repository\it\geosolutions\jaiext\mosaic\jt-mosaic\1.1.24\jt-mosaic-1.1.24.jar;C:\Users\ranyjulek\.m2\repository\it\geosolutions\jaiext\nullop\jt-nullop\1.1.24\jt-nullop-1.1.24.jar;C:\Users\ranyjulek\.m2\repository\it\geosolutions\jaiext\rescale\jt-rescale\1.1.24\jt-rescale-1.1.24.jar;C:\Users\ranyjulek\.m2\repository\it\geosolutions\jaiext\scale\jt-scale\1.1.24\jt-scale-1.1.24.jar;C:\Users\ranyjulek\.m2\repository\it\geosolutions\jaiext\scale2\jt-scale2\1.1.24\jt-scale2-1.1.24.jar;C:\Users\ranyjulek\.m2\repository\org\huldra\math\bigint\0.7.1\bigint-0.7.1.jar;C:\Users\ranyjulek\.m2\repository\it\geosolutions\jaiext\stats\jt-stats\1.1.24\jt-stats-1.1.24.jar;C:\Users\ranyjulek\.m2\repository\it\geosolutions\jaiext\translate\jt-translate\1.1.24\jt-translate-1.1.24.jar;C:\Users\ranyjulek\.m2\repository\it\geosolutions\jaiext\utilities\jt-utilities\1.1.24\jt-utilities-1.1.24.jar;C:\Users\ranyjulek\.m2\repository\it\geosolutions\jaiext\warp\jt-warp\1.1.24\jt-warp-1.1.24.jar;C:\Users\ranyjulek\.m2\repository\it\geosolutions\jaiext\zonal\jt-zonal\1.1.24\jt-zonal-1.1.24.jar;C:\Users\ranyjulek\.m2\repository\it\geosolutions\jaiext\binarize\jt-binarize\1.1.24\jt-binarize-1.1.24.jar;C:\Users\ranyjulek\.m2\repository\it\geosolutions\jaiext\format\jt-format\1.1.24\jt-format-1.1.24.jar;C:\Users\ranyjulek\.m2\repository\it\geosolutions\jaiext\colorconvert\jt-colorconvert\1.1.24\jt-colorconvert-1.1.24.jar;C:\Users\ranyjulek\.m2\repository\it\geosolutions\jaiext\errordiffusion\jt-errordiffusion\1.1.24\jt-errordiffusion-1.1.24.jar;C:\Users\ranyjulek\.m2\repository\it\geosolutions\jaiext\orderdither\jt-orderdither\1.1.24\jt-orderdither-1.1.24.jar;C:\Users\ranyjulek\.m2\repository\it\geosolutions\jaiext\colorindexer\jt-colorindexer\1.1.24\jt-colorindexer-1.1.24.jar;C:\Users\ranyjulek\.m2\repository\it\geosolutions\jaiext\imagefunction\jt-imagefunction\1.1.24\jt-imagefunction-1.1.24.jar;C:\Users\ranyjulek\.m2\repository\it\geosolutions\jaiext\piecewise\jt-piecewise\1.1.24\jt-piecewise-1.1.24.jar;C:\Users\ranyjulek\.m2\repository\it\geosolutions\jaiext\classifier\jt-classifier\1.1.24\jt-classifier-1.1.24.jar;C:\Users\ranyjulek\.m2\repository\it\geosolutions\jaiext\rlookup\jt-rlookup\1.1.24\jt-rlookup-1.1.24.jar;C:\Users\ranyjulek\.m2\repository\it\geosolutions\jaiext\vectorbin\jt-vectorbin\1.1.24\jt-vectorbin-1.1.24.jar;C:\Users\ranyjulek\.m2\repository\it\geosolutions\jaiext\shadedrelief\jt-shadedrelief\1.1.24\jt-shadedrelief-1.1.24.jar;C:\Users\ranyjulek\.m2\repository\commons-io\commons-io\2.10.0\commons-io-2.10.0.jar;C:\Users\ranyjulek\.m2\repository\org\geotools\gt-geotiff\29.0\gt-geotiff-29.0.jar;C:\Users\ranyjulek\.m2\repository\it\geosolutions\imageio-ext\imageio-ext-cog-reader\1.4.7\imageio-ext-cog-reader-1.4.7.jar;C:\Users\ranyjulek\.m2\repository\it\geosolutions\imageio-ext\imageio-ext-cog-commons\1.4.7\imageio-ext-cog-commons-1.4.7.jar;C:\Users\ranyjulek\.m2\repository\it\geosolutions\imageio-ext\imageio-ext-cog-streams\1.4.7\imageio-ext-cog-streams-1.4.7.jar;C:\Users\ranyjulek\.m2\repository\org\ehcache\ehcache\3.4.0\ehcache-3.4.0.jar;C:\Users\ranyjulek\.m2\repository\org\openstreetmap\osmosis\osmosis-xml\0.48.3\osmosis-xml-0.48.3.jar;C:\Users\ranyjulek\.m2\repository\org\matsim\contrib\roadpricing\15.0\roadpricing-15.0.jar;C:\Users\ranyjulek\.m2\repository\org\matsim\contrib\taxi\15.0\taxi-15.0.jar;C:\Users\ranyjulek\.m2\repository\org\matsim\contrib\dvrp\15.0\dvrp-15.0.jar;C:\Users\ranyjulek\.m2\repository\one\util\streamex\0.8.1\streamex-0.8.1.jar;C:\Users\ranyjulek\.m2\repository\org\matsim\contrib\drt\15.0\drt-15.0.jar;C:\Users\ranyjulek\.m2\repository\org\matsim\contrib\ev\15.0\ev-15.0.jar;C:\Users\ranyjulek\.m2\repository\org\matsim\contrib\av\15.0\av-15.0.jar;C:\Users\ranyjulek\.m2\repository\org\matsim\contrib\freight\15.0\freight-15.0.jar;C:\Users\ranyjulek\.m2\repository\com\graphhopper\jsprit-core\1.8\jsprit-core-1.8.jar;C:\Users\ranyjulek\.m2\repository\com\graphhopper\jsprit-io\1.8\jsprit-io-1.8.jar;C:\Users\ranyjulek\.m2\repository\commons-configuration\commons-configuration\1.9\commons-configuration-1.9.jar;C:\Users\ranyjulek\.m2\repository\commons-lang\commons-lang\2.6\commons-lang-2.6.jar;C:\Users\ranyjulek\.m2\repository\com\graphhopper\jsprit-analysis\1.8\jsprit-analysis-1.8.jar;C:\Users\ranyjulek\.m2\repository\org\graphstream\gs-core\1.3\gs-core-1.3.jar;C:\Users\ranyjulek\.m2\repository\org\graphstream\pherd\1.0\pherd-1.0.jar;C:\Users\ranyjulek\.m2\repository\org\graphstream\mbox2\1.0\mbox2-1.0.jar;C:\Users\ranyjulek\.m2\repository\org\graphstream\gs-ui\1.3\gs-ui-1.3.jar;C:\Users\ranyjulek\.m2\repository\org\graphstream\gs-algo\1.3\gs-algo-1.3.jar;C:\Users\ranyjulek\.m2\repository\org\apache\commons\commons-math\2.1\commons-math-2.1.jar;C:\Users\ranyjulek\.m2\repository\org\scala-lang\scala-library\2.10.1\scala-library-2.10.1.jar;C:\Users\ranyjulek\.m2\repository\org\apache\logging\log4j\log4j-slf4j2-impl\2.20.0\log4j-slf4j2-impl-2.20.0.jar;C:\Users\ranyjulek\.m2\repository\org\hsqldb\hsqldb\2.7.1\hsqldb-2.7.1.jar;C:\Users\ranyjulek\.m2\repository\xerces\xercesImpl\2.12.2\xercesImpl-2.12.2.jar;C:\Users\ranyjulek\.m2\repository\xml-apis\xml-apis\1.4.01\xml-apis-1.4.01.jar;C:\Users\ranyjulek\.m2\repository\org\matsim\contrib\bicycle\15.0\bicycle-15.0.jar;C:\Users\ranyjulek\.m2\repository\org\matsim\contrib\osm\15.0\osm-15.0.jar;C:\Users\ranyjulek\.m2\repository\org\matsim\contrib\emissions\15.0\emissions-15.0.jar;C:\Users\ranyjulek\.m2\repository\org\matsim\contrib\application\15.0\application-15.0.jar;C:\Users\ranyjulek\.m2\repository\org\matsim\contrib\sumo\15.0\sumo-15.0.jar;C:\Users\ranyjulek\.m2\repository\com\github\matsim-org\gtfs2matsim\master-33809c4f0f-1\gtfs2matsim-master-33809c4f0f-1.jar;C:\Users\ranyjulek\.m2\repository\com\conveyal\gtfs-lib\5.0.2\gtfs-lib-5.0.2.jar;C:\Users\ranyjulek\.m2\repository\net\sourceforge\javacsv\javacsv\2.0\javacsv-2.0.jar;C:\Users\ranyjulek\.m2\repository\com\beust\jcommander\1.30\jcommander-1.30.jar;C:\Users\ranyjulek\.m2\repository\com\vividsolutions\jts\1.13\jts-1.13.jar;C:\Users\ranyjulek\.m2\repository\org\mapdb\mapdb\1.0.8\mapdb-1.0.8.jar;C:\Users\ranyjulek\.m2\repository\org\slf4j\slf4j-simple\1.7.25\slf4j-simple-1.7.25.jar;C:\Users\ranyjulek\.m2\repository\commons-dbutils\commons-dbutils\1.6\commons-dbutils-1.6.jar;C:\Users\ranyjulek\.m2\repository\com\amazonaws\aws-java-sdk-s3\1.11.18\aws-java-sdk-s3-1.11.18.jar;C:\Users\ranyjulek\.m2\repository\com\amazonaws\aws-java-sdk-kms\1.11.18\aws-java-sdk-kms-1.11.18.jar;C:\Users\ranyjulek\.m2\repository\com\amazonaws\aws-java-sdk-core\1.11.18\aws-java-sdk-core-1.11.18.jar;C:\Users\ranyjulek\.m2\repository\org\apache\httpcomponents\httpclient\4.5.2\httpclient-4.5.2.jar;C:\Users\ranyjulek\.m2\repository\org\apache\httpcomponents\httpcore\4.4.4\httpcore-4.4.4.jar;C:\Users\ranyjulek\.m2\repository\com\fasterxml\jackson\dataformat\jackson-dataformat-cbor\2.6.6\jackson-dataformat-cbor-2.6.6.jar;C:\Users\ranyjulek\.m2\repository\commons-cli\commons-cli\1.4\commons-cli-1.4.jar;C:\Users\ranyjulek\.m2\repository\org\postgresql\postgresql\42.0.0\postgresql-42.0.0.jar;C:\Users\ranyjulek\.m2\repository\org\apache\commons\commons-dbcp2\2.1.1\commons-dbcp2-2.1.1.jar;C:\Users\ranyjulek\.m2\repository\org\apache\commons\commons-pool2\2.4.2\commons-pool2-2.4.2.jar;C:\Users\ranyjulek\.m2\repository\com\graphql-java\graphql-java\11.0\graphql-java-11.0.jar;C:\Users\ranyjulek\.m2\repository\org\antlr\antlr4-runtime\4.7.1\antlr4-runtime-4.7.1.jar;C:\Users\ranyjulek\.m2\repository\com\graphql-java\java-dataloader\2.1.1\java-dataloader-2.1.1.jar;C:\Users\ranyjulek\.m2\repository\org\reactivestreams\reactive-streams\1.0.2\reactive-streams-1.0.2.jar;C:\Users\ranyjulek\.m2\repository\com\conveyal\jackson2-geojson\0.8\jackson2-geojson-0.8.jar;C:\Users\ranyjulek\.m2\repository\info\picocli\picocli\4.7.2\picocli-4.7.2.jar;C:\Users\ranyjulek\.m2\repository\it\unimi\dsi\fastutil\8.5.12\fastutil-8.5.12.jar;C:\Users\ranyjulek\.m2\repository\org\apache\commons\commons-text\1.10.0\commons-text-1.10.0.jar;C:\Users\ranyjulek\.m2\repository\com\fasterxml\jackson\dataformat\jackson-dataformat-yaml\2.14.2\jackson-dataformat-yaml-2.14.2.jar;C:\Users\ranyjulek\.m2\repository\org\yaml\snakeyaml\1.33\snakeyaml-1.33.jar;C:\Users\ranyjulek\.m2\repository\org\matsim\contrib\vsp\15.0\vsp-15.0.jar;C:\Users\ranyjulek\.m2\repository\org\matsim\contrib\multimodal\15.0\multimodal-15.0.jar;C:\Users\ranyjulek\.m2\repository\org\matsim\contrib\parking\15.0\parking-15.0.jar;C:\Users\ranyjulek\.m2\repository\org\matsim\contrib\accessibility\15.0\accessibility-15.0.jar;C:\Users\ranyjulek\.m2\repository\org\matsim\contrib\matrixbasedptrouter\15.0\matrixbasedptrouter-15.0.jar;C:\Users\ranyjulek\.m2\repository\org\geotools\jdbc\gt-jdbc-postgis\29.0\gt-jdbc-postgis-29.0.jar;C:\Users\ranyjulek\.m2\repository\org\geotools\gt-jdbc\29.0\gt-jdbc-29.0.jar;C:\Users\ranyjulek\.m2\repository\commons-dbcp\commons-dbcp\1.4\commons-dbcp-1.4.jar;C:\Users\ranyjulek\.m2\repository\org\matsim\contrib\common\15.0\common-15.0.jar;C:\Users\ranyjulek\.m2\repository\com\opencsv\opencsv\5.7.1\opencsv-5.7.1.jar;C:\Users\ranyjulek\.m2\repository\commons-beanutils\commons-beanutils\1.9.4\commons-beanutils-1.9.4.jar;C:\Users\ranyjulek\.m2\repository\commons-collections\commons-collections\3.2.2\commons-collections-3.2.2.jar;C:\Users\ranyjulek\.m2\repository\org\jogamp\gluegen\gluegen-rt-main\2.3.2\gluegen-rt-main-2.3.2.jar;C:\Users\ranyjulek\.m2\repository\org\jogamp\gluegen\gluegen-rt\2.3.2\gluegen-rt-2.3.2-natives-android-aarch64.jar;C:\Users\ranyjulek\.m2\repository\org\jogamp\gluegen\gluegen-rt\2.3.2\gluegen-rt-2.3.2-natives-android-armv6.jar;C:\Users\ranyjulek\.m2\repository\org\jogamp\gluegen\gluegen-rt\2.3.2\gluegen-rt-2.3.2-natives-linux-armv6.jar;C:\Users\ranyjulek\.m2\repository\org\jogamp\gluegen\gluegen-rt\2.3.2\gluegen-rt-2.3.2-natives-linux-armv6hf.jar;C:\Users\ranyjulek\.m2\repository\org\jogamp\gluegen\gluegen-rt\2.3.2\gluegen-rt-2.3.2-natives-solaris-amd64.jar;C:\Users\ranyjulek\.m2\repository\org\jogamp\gluegen\gluegen-rt\2.3.2\gluegen-rt-2.3.2-natives-solaris-i586.jar;C:\Users\ranyjulek\.m2\repository\org\jogamp\jogl\jogl-all-main\2.3.2\jogl-all-main-2.3.2.jar;C:\Users\ranyjulek\.m2\repository\org\jogamp\jogl\jogl-all\2.3.2\jogl-all-2.3.2-natives-android-aarch64.jar;C:\Users\ranyjulek\.m2\repository\org\jogamp\jogl\jogl-all\2.3.2\jogl-all-2.3.2-natives-android-armv6.jar;C:\Users\ranyjulek\.m2\repository\org\jogamp\jogl\jogl-all\2.3.2\jogl-all-2.3.2-natives-linux-armv6.jar;C:\Users\ranyjulek\.m2\repository\org\jogamp\jogl\jogl-all\2.3.2\jogl-all-2.3.2-natives-linux-armv6hf.jar;C:\Users\ranyjulek\.m2\repository\org\jogamp\jogl\jogl-all\2.3.2\jogl-all-2.3.2-natives-solaris-amd64.jar;C:\Users\ranyjulek\.m2\repository\org\jogamp\jogl\jogl-all\2.3.2\jogl-all-2.3.2-natives-solaris-i586.jar;C:\Users\ranyjulek\.m2\repository\org\openstreetmap\osmosis\osmosis-core\0.48.3\osmosis-core-0.48.3.jar;C:\Users\ranyjulek\.m2\repository\net\sf\jpf\jpf\1.5\jpf-1.5.jar;C:\Users\ranyjulek\.m2\repository\com\fasterxml\woodstox\woodstox-core\5.1.0\woodstox-core-5.1.0.jar;C:\Users\ranyjulek\.m2\repository\org\codehaus\woodstox\stax2-api\4.1\stax2-api-4.1.jar;C:\Users\ranyjulek\.m2\repository\org\springframework\spring-jdbc\5.1.0.RELEASE\spring-jdbc-5.1.0.RELEASE.jar;C:\Users\ranyjulek\.m2\repository\org\springframework\spring-beans\5.1.0.RELEASE\spring-beans-5.1.0.RELEASE.jar;C:\Users\ranyjulek\.m2\repository\org\springframework\spring-core\5.1.0.RELEASE\spring-core-5.1.0.RELEASE.jar;C:\Users\ranyjulek\.m2\repository\org\springframework\spring-jcl\5.1.0.RELEASE\spring-jcl-5.1.0.RELEASE.jar;C:\Users\ranyjulek\.m2\repository\org\springframework\spring-tx\5.1.0.RELEASE\spring-tx-5.1.0.RELEASE.jar;C:\Users\ranyjulek\.m2\repository\org\openstreetmap\osmosis\osmosis-tagfilter\0.48.3\osmosis-tagfilter-0.48.3.jar;C:\Users\ranyjulek\.m2\repository\org\openstreetmap\osmosis\osmosis-set\0.48.3\osmosis-set-0.48.3.jar;C:\Users\ranyjulek\.m2\repository\org\openstreetmap\osmosis\osmosis-areafilter\0.48.3\osmosis-areafilter-0.48.3.jar;C:\Users\ranyjulek\.m2\repository\org\matsim\contrib\cadyts-integration\15.0\cadyts-integration-15.0.jar;C:\Users\ranyjulek\.m2\repository\cadyts\cadyts\1.1.0\cadyts-1.1.0.jar;C:\Users\ranyjulek\.m2\repository\org\apache\poi\poi-ooxml\5.2.3\poi-ooxml-5.2.3.jar;C:\Users\ranyjulek\.m2\repository\org\apache\poi\poi\5.2.3\poi-5.2.3.jar;C:\Users\ranyjulek\.m2\repository\com\zaxxer\SparseBitSet\1.2\SparseBitSet-1.2.jar;C:\Users\ranyjulek\.m2\repository\org\apache\poi\poi-ooxml-lite\5.2.3\poi-ooxml-lite-5.2.3.jar;C:\Users\ranyjulek\.m2\repository\org\apache\xmlbeans\xmlbeans\5.1.1\xmlbeans-5.1.1.jar;C:\Users\ranyjulek\.m2\repository\com\github\virtuald\curvesapi\1.07\curvesapi-1.07.jar;C:\Users\ranyjulek\.m2\repository\org\apache\commons\commons-collections4\4.4\commons-collections4-4.4.jar;C:\Users\ranyjulek\.m2\repository\com\jcraft\jsch\0.1.55\jsch-0.1.55.jar;C:\Users\ranyjulek\.m2\repository\org\openjfx\javafx-graphics\20\javafx-graphics-20.jar;C:\Users\ranyjulek\.m2\repository\org\openjfx\javafx-graphics\20\javafx-graphics-20-win.jar;C:\Users\ranyjulek\.m2\repository\org\openjfx\javafx-base\20\javafx-base-20.jar;C:\Users\ranyjulek\.m2\repository\org\openjfx\javafx-base\20\javafx-base-20-win.jar;C:\Users\ranyjulek\.m2\repository\com\graphhopper\graphhopper-core\6.2\graphhopper-core-6.2.jar;C:\Users\ranyjulek\.m2\repository\com\graphhopper\graphhopper-web-api\6.2\graphhopper-web-api-6.2.jar;C:\Users\ranyjulek\.m2\repository\com\carrotsearch\hppc\0.8.1\hppc-0.8.1.jar;C:\Users\ranyjulek\.m2\repository\org\codehaus\janino\janino\3.1.2\janino-3.1.2.jar;C:\Users\ranyjulek\.m2\repository\org\codehaus\janino\commons-compiler\3.1.2\commons-compiler-3.1.2.jar;C:\Users\ranyjulek\.m2\repository\com\graphhopper\external\jackson-datatype-jts\0.12-2.5-1\jackson-datatype-jts-0.12-2.5-1.jar;C:\Users\ranyjulek\.m2\repository\com\fasterxml\jackson\dataformat\jackson-dataformat-xml\2.10.5\jackson-dataformat-xml-2.10.5.jar;C:\Users\ranyjulek\.m2\repository\com\fasterxml\jackson\module\jackson-module-jaxb-annotations\2.10.5\jackson-module-jaxb-annotations-2.10.5.jar;C:\Users\ranyjulek\.m2\repository\org\apache\xmlgraphics\xmlgraphics-commons\2.7\xmlgraphics-commons-2.7.jar;C:\Users\ranyjulek\.m2\repository\org\openstreetmap\osmosis\osmosis-osm-binary\0.47.3\osmosis-osm-binary-0.47.3.jar;C:\Users\ranyjulek\.m2\repository\com\google\protobuf\protobuf-java\3.11.4\protobuf-java-3.11.4.jar;"/>
    <property name="java.vm.vendor" value="Oracle Corporation"/>
    <property name="sun.arch.data.model" value="64"/>
    <property name="user.variant" value=""/>
    <property name="java.vendor.url" value="https://java.oracle.com/"/>
    <property name="user.timezone" value="Europe/Warsaw"/>
    <property name="user.country.format" value="PL"/>
    <property name="os.name" value="Windows 11"/>
    <property name="java.vm.specification.version" value="21"/>
    <property name="sun.java.launcher" value="SUN_STANDARD"/>
    <property name="user.country" value="US"/>
    <property name="sun.boot.library.path" value="C:\Users\ranyjulek\.jdks\openjdk-21.0.2\bin"/>
    <property name="sun.java.command" value="C:\Users\ranyjulek\AppData\Local\Temp\surefire12370366788046409222\surefirebooter-20240503162240713_3.jar C:\Users\ranyjulek\AppData\Local\Temp\surefire12370366788046409222 2024-05-03T16-22-40_568-jvmRun1 surefire-20240503162240713_1tmp surefire_0-20240503162240713_2tmp"/>
    <property name="jdk.debug" value="release"/>
    <property name="surefire.test.class.path" value="C:\Users\ranyjulek\Desktop\uni\inteligencja-obliczeniowa\IO_projekt\java\target\test-classes;C:\Users\ranyjulek\Desktop\uni\inteligencja-obliczeniowa\IO_projekt\java\target\classes;C:\Users\ranyjulek\.m2\repository\org\matsim\matsim\15.0\matsim-15.0.jar;C:\Users\ranyjulek\.m2\repository\org\geotools\gt-main\29.0\gt-main-29.0.jar;C:\Users\ranyjulek\.m2\repository\org\geotools\gt-http\29.0\gt-http-29.0.jar;C:\Users\ranyjulek\.m2\repository\com\google\re2j\re2j\1.6\re2j-1.6.jar;C:\Users\ranyjulek\.m2\repository\javax\media\jai_core\1.1.3\jai_core-1.1.3.jar;C:\Users\ranyjulek\.m2\repository\org\geotools\gt-referencing\29.0\gt-referencing-29.0.jar;C:\Users\ranyjulek\.m2\repository\org\ejml\ejml-ddense\0.41\ejml-ddense-0.41.jar;C:\Users\ranyjulek\.m2\repository\org\ejml\ejml-core\0.41\ejml-core-0.41.jar;C:\Users\ranyjulek\.m2\repository\commons-pool\commons-pool\1.5.4\commons-pool-1.5.4.jar;C:\Users\ranyjulek\.m2\repository\org\geotools\gt-metadata\29.0\gt-metadata-29.0.jar;C:\Users\ranyjulek\.m2\repository\org\geotools\gt-opengis\29.0\gt-opengis-29.0.jar;C:\Users\ranyjulek\.m2\repository\systems\uom\systems-common\2.1\systems-common-2.1.jar;C:\Users\ranyjulek\.m2\repository\javax\measure\unit-api\2.1.2\unit-api-2.1.2.jar;C:\Users\ranyjulek\.m2\repository\si\uom\si-quantity\2.1\si-quantity-2.1.jar;C:\Users\ranyjulek\.m2\repository\si\uom\si-units\2.1\si-units-2.1.jar;C:\Users\ranyjulek\.m2\repository\jakarta\annotation\jakarta.annotation-api\1.3.4\jakarta.annotation-api-1.3.4.jar;C:\Users\ranyjulek\.m2\repository\tech\units\indriya\2.1.3\indriya-2.1.3.jar;C:\Users\ranyjulek\.m2\repository\tech\uom\lib\uom-lib-common\2.1\uom-lib-common-2.1.jar;C:\Users\ranyjulek\.m2\repository\org\apiguardian\apiguardian-api\1.1.1\apiguardian-api-1.1.1.jar;C:\Users\ranyjulek\.m2\repository\org\geotools\ogc\net.opengis.ows\29.0\net.opengis.ows-29.0.jar;C:\Users\ranyjulek\.m2\repository\org\geotools\ogc\org.w3.xlink\29.0\org.w3.xlink-29.0.jar;C:\Users\ranyjulek\.m2\repository\org\eclipse\emf\org.eclipse.emf.common\2.15.0\org.eclipse.emf.common-2.15.0.jar;C:\Users\ranyjulek\.m2\repository\org\eclipse\emf\org.eclipse.emf.ecore\2.15.0\org.eclipse.emf.ecore-2.15.0.jar;C:\Users\ranyjulek\.m2\repository\org\eclipse\emf\org.eclipse.emf.ecore.xmi\2.15.0\org.eclipse.emf.ecore.xmi-2.15.0.jar;C:\Users\ranyjulek\.m2\repository\it\geosolutions\jgridshift\jgridshift-core\1.3\jgridshift-core-1.3.jar;C:\Users\ranyjulek\.m2\repository\net\sf\geographiclib\GeographicLib-Java\1.49\GeographicLib-Java-1.49.jar;C:\Users\ranyjulek\.m2\repository\org\geotools\gt-shapefile\29.0\gt-shapefile-29.0.jar;C:\Users\ranyjulek\.m2\repository\org\geotools\gt-epsg-hsql\29.0\gt-epsg-hsql-29.0.jar;C:\Users\ranyjulek\.m2\repository\org\locationtech\jts\jts-core\1.19.0\jts-core-1.19.0.jar;C:\Users\ranyjulek\.m2\repository\org\jfree\jfreechart\1.5.4\jfreechart-1.5.4.jar;C:\Users\ranyjulek\.m2\repository\com\google\inject\guice\5.1.0\guice-5.1.0.jar;C:\Users\ranyjulek\.m2\repository\javax\inject\javax.inject\1\javax.inject-1.jar;C:\Users\ranyjulek\.m2\repository\aopalliance\aopalliance\1.0\aopalliance-1.0.jar;C:\Users\ranyjulek\.m2\repository\com\google\inject\extensions\guice-grapher\5.1.0\guice-grapher-5.1.0.jar;C:\Users\ranyjulek\.m2\repository\com\google\inject\extensions\guice-assistedinject\5.1.0\guice-assistedinject-5.1.0.jar;C:\Users\ranyjulek\.m2\repository\com\google\guava\guava\31.1-jre\guava-31.1-jre.jar;C:\Users\ranyjulek\.m2\repository\com\google\guava\failureaccess\1.0.1\failureaccess-1.0.1.jar;C:\Users\ranyjulek\.m2\repository\com\google\guava\listenablefuture\9999.0-empty-to-avoid-conflict-with-guava\listenablefuture-9999.0-empty-to-avoid-conflict-with-guava.jar;C:\Users\ranyjulek\.m2\repository\com\google\code\findbugs\jsr305\3.0.2\jsr305-3.0.2.jar;C:\Users\ranyjulek\.m2\repository\org\checkerframework\checker-qual\3.12.0\checker-qual-3.12.0.jar;C:\Users\ranyjulek\.m2\repository\com\google\errorprone\error_prone_annotations\2.11.0\error_prone_annotations-2.11.0.jar;C:\Users\ranyjulek\.m2\repository\com\google\j2objc\j2objc-annotations\1.3\j2objc-annotations-1.3.jar;C:\Users\ranyjulek\.m2\repository\org\jgrapht\jgrapht-core\1.5.1\jgrapht-core-1.5.1.jar;C:\Users\ranyjulek\.m2\repository\org\jheaps\jheaps\0.13\jheaps-0.13.jar;C:\Users\ranyjulek\.m2\repository\net\sf\trove4j\trove4j\3.0.3\trove4j-3.0.3.jar;C:\Users\ranyjulek\.m2\repository\org\lz4\lz4-java\1.8.0\lz4-java-1.8.0.jar;C:\Users\ranyjulek\.m2\repository\com\github\luben\zstd-jni\1.5.5-1\zstd-jni-1.5.5-1.jar;C:\Users\ranyjulek\.m2\repository\jakarta\validation\jakarta.validation-api\3.0.2\jakarta.validation-api-3.0.2.jar;C:\Users\ranyjulek\.m2\repository\org\hibernate\validator\hibernate-validator\8.0.0.Final\hibernate-validator-8.0.0.Final.jar;C:\Users\ranyjulek\.m2\repository\org\jboss\logging\jboss-logging\3.4.1.Final\jboss-logging-3.4.1.Final.jar;C:\Users\ranyjulek\.m2\repository\com\fasterxml\classmate\1.5.1\classmate-1.5.1.jar;C:\Users\ranyjulek\.m2\repository\org\hibernate\validator\hibernate-validator-annotation-processor\8.0.0.Final\hibernate-validator-annotation-processor-8.0.0.Final.jar;C:\Users\ranyjulek\.m2\repository\org\glassfish\jakarta.el\4.0.2\jakarta.el-4.0.2.jar;C:\Users\ranyjulek\.m2\repository\jakarta\el\jakarta.el-api\4.0.0\jakarta.el-api-4.0.0.jar;C:\Users\ranyjulek\.m2\repository\org\apache\commons\commons-compress\1.23.0\commons-compress-1.23.0.jar;C:\Users\ranyjulek\.m2\repository\org\apache\commons\commons-csv\1.10.0\commons-csv-1.10.0.jar;C:\Users\ranyjulek\.m2\repository\jakarta\xml\bind\jakarta.xml.bind-api\4.0.0\jakarta.xml.bind-api-4.0.0.jar;C:\Users\ranyjulek\.m2\repository\jakarta\activation\jakarta.activation-api\2.1.0\jakarta.activation-api-2.1.0.jar;C:\Users\ranyjulek\.m2\repository\com\sun\xml\bind\jaxb-impl\4.0.2\jaxb-impl-4.0.2.jar;C:\Users\ranyjulek\.m2\repository\com\sun\xml\bind\jaxb-core\4.0.2\jaxb-core-4.0.2.jar;C:\Users\ranyjulek\.m2\repository\org\eclipse\angus\angus-activation\2.0.0\angus-activation-2.0.0.jar;C:\Users\ranyjulek\.m2\repository\com\fasterxml\jackson\core\jackson-databind\2.14.2\jackson-databind-2.14.2.jar;C:\Users\ranyjulek\.m2\repository\com\fasterxml\jackson\core\jackson-annotations\2.14.2\jackson-annotations-2.14.2.jar;C:\Users\ranyjulek\.m2\repository\com\fasterxml\jackson\core\jackson-core\2.14.2\jackson-core-2.14.2.jar;C:\Users\ranyjulek\.m2\repository\org\apache\logging\log4j\log4j-api\2.20.0\log4j-api-2.20.0.jar;C:\Users\ranyjulek\.m2\repository\org\apache\logging\log4j\log4j-core\2.20.0\log4j-core-2.20.0.jar;C:\Users\ranyjulek\.m2\repository\junit\junit\4.13.2\junit-4.13.2.jar;C:\Users\ranyjulek\.m2\repository\org\hamcrest\hamcrest-core\1.3\hamcrest-core-1.3.jar;C:\Users\ranyjulek\.m2\repository\org\matsim\matsim\15.0\matsim-15.0-tests.jar;C:\Users\ranyjulek\.m2\repository\org\matsim\matsim-examples\15.0\matsim-examples-15.0.jar;C:\Users\ranyjulek\.m2\repository\org\matsim\contrib\minibus\15.0\minibus-15.0.jar;C:\Users\ranyjulek\.m2\repository\commons-codec\commons-codec\1.15\commons-codec-1.15.jar;C:\Users\ranyjulek\.m2\repository\commons-logging\commons-logging\1.2\commons-logging-1.2.jar;C:\Users\ranyjulek\.m2\repository\org\matsim\contrib\otfvis\15.0\otfvis-15.0.jar;C:\Users\ranyjulek\.m2\repository\net\java\dev\timingframework\timingframework\1.0\timingframework-1.0.jar;C:\Users\ranyjulek\.m2\repository\org\jogamp\gluegen\gluegen-rt\2.4.0-matsim-1\gluegen-rt-2.4.0-matsim-1.jar;C:\Users\ranyjulek\.m2\repository\org\jogamp\gluegen\gluegen-rt\2.4.0-matsim-1\gluegen-rt-2.4.0-matsim-1-natives-macosx-universal.jar;C:\Users\ranyjulek\.m2\repository\org\jogamp\gluegen\gluegen-rt\2.4.0-matsim-1\gluegen-rt-2.4.0-matsim-1-natives-linux-i586.jar;C:\Users\ranyjulek\.m2\repository\org\jogamp\gluegen\gluegen-rt\2.4.0-matsim-1\gluegen-rt-2.4.0-matsim-1-natives-windows-i586.jar;C:\Users\ranyjulek\.m2\repository\org\jogamp\gluegen\gluegen-rt\2.4.0-matsim-1\gluegen-rt-2.4.0-matsim-1-natives-windows-amd64.jar;C:\Users\ranyjulek\.m2\repository\org\jogamp\gluegen\gluegen-rt\2.4.0-matsim-1\gluegen-rt-2.4.0-matsim-1-natives-linux-amd64.jar;C:\Users\ranyjulek\.m2\repository\org\jogamp\jogl\jogl-all\2.4.0-matsim-1\jogl-all-2.4.0-matsim-1.jar;C:\Users\ranyjulek\.m2\repository\org\jogamp\jogl\jogl-all\2.4.0-matsim-1\jogl-all-2.4.0-matsim-1-natives-macosx-universal.jar;C:\Users\ranyjulek\.m2\repository\org\jogamp\jogl\jogl-all\2.4.0-matsim-1\jogl-all-2.4.0-matsim-1-natives-linux-i586.jar;C:\Users\ranyjulek\.m2\repository\org\jogamp\jogl\jogl-all\2.4.0-matsim-1\jogl-all-2.4.0-matsim-1-natives-windows-i586.jar;C:\Users\ranyjulek\.m2\repository\org\jogamp\jogl\jogl-all\2.4.0-matsim-1\jogl-all-2.4.0-matsim-1-natives-windows-amd64.jar;C:\Users\ranyjulek\.m2\repository\org\jogamp\jogl\jogl-all\2.4.0-matsim-1\jogl-all-2.4.0-matsim-1-natives-linux-amd64.jar;C:\Users\ranyjulek\.m2\repository\org\jxmapviewer\jxmapviewer2\2.6\jxmapviewer2-2.6.jar;C:\Users\ranyjulek\.m2\repository\org\matsim\contrib\signals\15.0\signals-15.0.jar;C:\Users\ranyjulek\.m2\repository\de\topobyte\osm4j-pbf\1.2.0\osm4j-pbf-1.2.0.jar;C:\Users\ranyjulek\.m2\repository\de\topobyte\osm4j-core\1.2.0\osm4j-core-1.2.0.jar;C:\Users\ranyjulek\.m2\repository\de\topobyte\adt-multicollections\0.0.4\adt-multicollections-0.0.4.jar;C:\Users\ranyjulek\.m2\repository\com\slimjars\trove4j\trove4j-long-hash-set\1.0.1\trove4j-long-hash-set-1.0.1.jar;C:\Users\ranyjulek\.m2\repository\com\slimjars\trove4j\trove4j-hash-primitive-iterator\1.0.1\trove4j-hash-primitive-iterator-1.0.1.jar;C:\Users\ranyjulek\.m2\repository\com\slimjars\trove4j\trove4j-primitive-hash\1.0.1\trove4j-primitive-hash-1.0.1.jar;C:\Users\ranyjulek\.m2\repository\com\slimjars\trove4j\trove4j-hash\1.0.1\trove4j-hash-1.0.1.jar;C:\Users\ranyjulek\.m2\repository\com\slimjars\trove4j\trove4j-prime-finder\1.0.1\trove4j-prime-finder-1.0.1.jar;C:\Users\ranyjulek\.m2\repository\com\slimjars\trove4j\trove4j-primitive-iterator\1.0.1\trove4j-primitive-iterator-1.0.1.jar;C:\Users\ranyjulek\.m2\repository\com\slimjars\trove4j\trove4j-long-hash\1.0.1\trove4j-long-hash-1.0.1.jar;C:\Users\ranyjulek\.m2\repository\com\slimjars\trove4j\trove4j-long-procedure\1.0.1\trove4j-long-procedure-1.0.1.jar;C:\Users\ranyjulek\.m2\repository\com\slimjars\trove4j\trove4j-long-set\1.0.1\trove4j-long-set-1.0.1.jar;C:\Users\ranyjulek\.m2\repository\com\slimjars\trove4j\trove4j-long-collection\1.0.1\trove4j-long-collection-1.0.1.jar;C:\Users\ranyjulek\.m2\repository\com\slimjars\trove4j\trove4j-long-iterator\1.0.1\trove4j-long-iterator-1.0.1.jar;C:\Users\ranyjulek\.m2\repository\com\slimjars\trove4j\trove4j-long-array-list\1.0.1\trove4j-long-array-list-1.0.1.jar;C:\Users\ranyjulek\.m2\repository\com\slimjars\trove4j\trove4j-constants\1.0.1\trove4j-constants-1.0.1.jar;C:\Users\ranyjulek\.m2\repository\com\slimjars\trove4j\trove4j-long-list\1.0.1\trove4j-long-list-1.0.1.jar;C:\Users\ranyjulek\.m2\repository\com\slimjars\trove4j\trove4j-long-function\1.0.1\trove4j-long-function-1.0.1.jar;C:\Users\ranyjulek\.m2\repository\com\slimjars\trove4j\trove4j-long-object-hash-map\1.0.1\trove4j-long-object-hash-map-1.0.1.jar;C:\Users\ranyjulek\.m2\repository\com\slimjars\trove4j\trove4j-long-object-map\1.0.1\trove4j-long-object-map-1.0.1.jar;C:\Users\ranyjulek\.m2\repository\com\slimjars\trove4j\trove4j-long-object-iterator\1.0.1\trove4j-long-object-iterator-1.0.1.jar;C:\Users\ranyjulek\.m2\repository\com\slimjars\trove4j\trove4j-long-object-procedure\1.0.1\trove4j-long-object-procedure-1.0.1.jar;C:\Users\ranyjulek\.m2\repository\com\slimjars\trove4j\trove4j-object-function\1.0.1\trove4j-object-function-1.0.1.jar;C:\Users\ranyjulek\.m2\repository\com\slimjars\trove4j\trove4j-object-int-hash-map\1.0.1\trove4j-object-int-hash-map-1.0.1.jar;C:\Users\ranyjulek\.m2\repository\com\slimjars\trove4j\trove4j-hash-functions\1.0.1\trove4j-hash-functions-1.0.1.jar;C:\Users\ranyjulek\.m2\repository\com\slimjars\trove4j\trove4j-object-hash-iterator\1.0.1\trove4j-object-hash-iterator-1.0.1.jar;C:\Users\ranyjulek\.m2\repository\com\slimjars\trove4j\trove4j-hash-iterator\1.0.1\trove4j-hash-iterator-1.0.1.jar;C:\Users\ranyjulek\.m2\repository\com\slimjars\trove4j\trove4j-iterator\1.0.1\trove4j-iterator-1.0.1.jar;C:\Users\ranyjulek\.m2\repository\com\slimjars\trove4j\trove4j-object-hash\1.0.1\trove4j-object-hash-1.0.1.jar;C:\Users\ranyjulek\.m2\repository\com\slimjars\trove4j\trove4j-object-int-map\1.0.1\trove4j-object-int-map-1.0.1.jar;C:\Users\ranyjulek\.m2\repository\com\slimjars\trove4j\trove4j-int-collection\1.0.1\trove4j-int-collection-1.0.1.jar;C:\Users\ranyjulek\.m2\repository\com\slimjars\trove4j\trove4j-int-iterator\1.0.1\trove4j-int-iterator-1.0.1.jar;C:\Users\ranyjulek\.m2\repository\com\slimjars\trove4j\trove4j-int-procedure\1.0.1\trove4j-int-procedure-1.0.1.jar;C:\Users\ranyjulek\.m2\repository\com\slimjars\trove4j\trove4j-int-function\1.0.1\trove4j-int-function-1.0.1.jar;C:\Users\ranyjulek\.m2\repository\com\slimjars\trove4j\trove4j-object-int-iterator\1.0.1\trove4j-object-int-iterator-1.0.1.jar;C:\Users\ranyjulek\.m2\repository\com\slimjars\trove4j\trove4j-advancing-iterator\1.0.1\trove4j-advancing-iterator-1.0.1.jar;C:\Users\ranyjulek\.m2\repository\com\slimjars\trove4j\trove4j-object-int-procedure\1.0.1\trove4j-object-int-procedure-1.0.1.jar;C:\Users\ranyjulek\.m2\repository\com\slimjars\trove4j\trove4j-object-procedure\1.0.1\trove4j-object-procedure-1.0.1.jar;C:\Users\ranyjulek\.m2\repository\com\google\protobuf\protobuf-javalite\3.9.1\protobuf-javalite-3.9.1.jar;C:\Users\ranyjulek\.m2\repository\net\jpountz\lz4\lz4\1.3.0\lz4-1.3.0.jar;C:\Users\ranyjulek\.m2\repository\org\slf4j\slf4j-api\1.6.1\slf4j-api-1.6.1.jar;C:\Users\ranyjulek\.m2\repository\de\topobyte\osm4j-xml\1.2.0\osm4j-xml-1.2.0.jar;C:\Users\ranyjulek\.m2\repository\de\topobyte\dynsax\0.0.1\dynsax-0.0.1.jar;C:\Users\ranyjulek\.m2\repository\joda-time\joda-time\2.9.7\joda-time-2.9.7.jar;C:\Users\ranyjulek\.m2\repository\org\matsim\contrib\noise\15.0\noise-15.0.jar;C:\Users\ranyjulek\.m2\repository\org\matsim\contrib\analysis\15.0\analysis-15.0.jar;C:\Users\ranyjulek\.m2\repository\org\osgeo\proj4j\0.1.0\proj4j-0.1.0.jar;C:\Users\ranyjulek\.m2\repository\com\googlecode\json-simple\json-simple\1.1.1\json-simple-1.1.1.jar;C:\Users\ranyjulek\.m2\repository\org\apache\commons\commons-math3\3.6.1\commons-math3-3.6.1.jar;C:\Users\ranyjulek\.m2\repository\org\apache\httpcomponents\client5\httpclient5\5.2.1\httpclient5-5.2.1.jar;C:\Users\ranyjulek\.m2\repository\org\apache\httpcomponents\core5\httpcore5\5.2\httpcore5-5.2.jar;C:\Users\ranyjulek\.m2\repository\org\apache\httpcomponents\core5\httpcore5-h2\5.2\httpcore5-h2-5.2.jar;C:\Users\ranyjulek\.m2\repository\org\geotools\gt-geojson\29.0\gt-geojson-29.0.jar;C:\Users\ranyjulek\.m2\repository\org\apache\commons\commons-lang3\3.8.1\commons-lang3-3.8.1.jar;C:\Users\ranyjulek\.m2\repository\org\geotools\gt-coverage\29.0\gt-coverage-29.0.jar;C:\Users\ranyjulek\.m2\repository\javax\media\jai_imageio\1.1\jai_imageio-1.1.jar;C:\Users\ranyjulek\.m2\repository\it\geosolutions\imageio-ext\imageio-ext-tiff\1.4.7\imageio-ext-tiff-1.4.7.jar;C:\Users\ranyjulek\.m2\repository\it\geosolutions\imageio-ext\imageio-ext-utilities\1.4.7\imageio-ext-utilities-1.4.7.jar;C:\Users\ranyjulek\.m2\repository\it\geosolutions\imageio-ext\imageio-ext-geocore\1.4.7\imageio-ext-geocore-1.4.7.jar;C:\Users\ranyjulek\.m2\repository\it\geosolutions\imageio-ext\imageio-ext-streams\1.4.7\imageio-ext-streams-1.4.7.jar;C:\Users\ranyjulek\.m2\repository\javax\xml\bind\jaxb-api\2.4.0-b180830.0359\jaxb-api-2.4.0-b180830.0359.jar;C:\Users\ranyjulek\.m2\repository\javax\activation\javax.activation-api\1.2.0\javax.activation-api-1.2.0.jar;C:\Users\ranyjulek\.m2\repository\io\airlift\aircompressor\0.20\aircompressor-0.20.jar;C:\Users\ranyjulek\.m2\repository\javax\media\jai_codec\1.1.3\jai_codec-1.1.3.jar;C:\Users\ranyjulek\.m2\repository\org\jaitools\jt-zonalstats\1.6.0\jt-zonalstats-1.6.0.jar;C:\Users\ranyjulek\.m2\repository\org\jaitools\jt-utils\1.6.0\jt-utils-1.6.0.jar;C:\Users\ranyjulek\.m2\repository\it\geosolutions\jaiext\affine\jt-affine\1.1.24\jt-affine-1.1.24.jar;C:\Users\ranyjulek\.m2\repository\it\geosolutions\jaiext\algebra\jt-algebra\1.1.24\jt-algebra-1.1.24.jar;C:\Users\ranyjulek\.m2\repository\it\geosolutions\jaiext\bandmerge\jt-bandmerge\1.1.24\jt-bandmerge-1.1.24.jar;C:\Users\ranyjulek\.m2\repository\it\geosolutions\jaiext\bandselect\jt-bandselect\1.1.24\jt-bandselect-1.1.24.jar;C:\Users\ranyjulek\.m2\repository\it\geosolutions\jaiext\bandcombine\jt-bandcombine\1.1.24\jt-bandcombine-1.1.24.jar;C:\Users\ranyjulek\.m2\repository\it\geosolutions\jaiext\border\jt-border\1.1.24\jt-border-1.1.24.jar;C:\Users\ranyjulek\.m2\repository\it\geosolutions\jaiext\buffer\jt-buffer\1.1.24\jt-buffer-1.1.24.jar;C:\Users\ranyjulek\.m2\repository\it\geosolutions\jaiext\crop\jt-crop\1.1.24\jt-crop-1.1.24.jar;C:\Users\ranyjulek\.m2\repository\it\geosolutions\jaiext\iterators\jt-iterators\1.1.24\jt-iterators-1.1.24.jar;C:\Users\ranyjulek\.m2\repository\it\geosolutions\jaiext\lookup\jt-lookup\1.1.24\jt-lookup-1.1.24.jar;C:\Users\ranyjulek\.m2\repository\it\geosolutions\jaiext\mosaic\jt-mosaic\1.1.24\jt-mosaic-1.1.24.jar;C:\Users\ranyjulek\.m2\repository\it\geosolutions\jaiext\nullop\jt-nullop\1.1.24\jt-nullop-1.1.24.jar;C:\Users\ranyjulek\.m2\repository\it\geosolutions\jaiext\rescale\jt-rescale\1.1.24\jt-rescale-1.1.24.jar;C:\Users\ranyjulek\.m2\repository\it\geosolutions\jaiext\scale\jt-scale\1.1.24\jt-scale-1.1.24.jar;C:\Users\ranyjulek\.m2\repository\it\geosolutions\jaiext\scale2\jt-scale2\1.1.24\jt-scale2-1.1.24.jar;C:\Users\ranyjulek\.m2\repository\org\huldra\math\bigint\0.7.1\bigint-0.7.1.jar;C:\Users\ranyjulek\.m2\repository\it\geosolutions\jaiext\stats\jt-stats\1.1.24\jt-stats-1.1.24.jar;C:\Users\ranyjulek\.m2\repository\it\geosolutions\jaiext\translate\jt-translate\1.1.24\jt-translate-1.1.24.jar;C:\Users\ranyjulek\.m2\repository\it\geosolutions\jaiext\utilities\jt-utilities\1.1.24\jt-utilities-1.1.24.jar;C:\Users\ranyjulek\.m2\repository\it\geosolutions\jaiext\warp\jt-warp\1.1.24\jt-warp-1.1.24.jar;C:\Users\ranyjulek\.m2\repository\it\geosolutions\jaiext\zonal\jt-zonal\1.1.24\jt-zonal-1.1.24.jar;C:\Users\ranyjulek\.m2\repository\it\geosolutions\jaiext\binarize\jt-binarize\1.1.24\jt-binarize-1.1.24.jar;C:\Users\ranyjulek\.m2\repository\it\geosolutions\jaiext\format\jt-format\1.1.24\jt-format-1.1.24.jar;C:\Users\ranyjulek\.m2\repository\it\geosolutions\jaiext\colorconvert\jt-colorconvert\1.1.24\jt-colorconvert-1.1.24.jar;C:\Users\ranyjulek\.m2\repository\it\geosolutions\jaiext\errordiffusion\jt-errordiffusion\1.1.24\jt-errordiffusion-1.1.24.jar;C:\Users\ranyjulek\.m2\repository\it\geosolutions\jaiext\orderdither\jt-orderdither\1.1.24\jt-orderdither-1.1.24.jar;C:\Users\ranyjulek\.m2\repository\it\geosolutions\jaiext\colorindexer\jt-colorindexer\1.1.24\jt-colorindexer-1.1.24.jar;C:\Users\ranyjulek\.m2\repository\it\geosolutions\jaiext\imagefunction\jt-imagefunction\1.1.24\jt-imagefunction-1.1.24.jar;C:\Users\ranyjulek\.m2\repository\it\geosolutions\jaiext\piecewise\jt-piecewise\1.1.24\jt-piecewise-1.1.24.jar;C:\Users\ranyjulek\.m2\repository\it\geosolutions\jaiext\classifier\jt-classifier\1.1.24\jt-classifier-1.1.24.jar;C:\Users\ranyjulek\.m2\repository\it\geosolutions\jaiext\rlookup\jt-rlookup\1.1.24\jt-rlookup-1.1.24.jar;C:\Users\ranyjulek\.m2\repository\it\geosolutions\jaiext\vectorbin\jt-vectorbin\1.1.24\jt-vectorbin-1.1.24.jar;C:\Users\ranyjulek\.m2\repository\it\geosolutions\jaiext\shadedrelief\jt-shadedrelief\1.1.24\jt-shadedrelief-1.1.24.jar;C:\Users\ranyjulek\.m2\repository\commons-io\commons-io\2.10.0\commons-io-2.10.0.jar;C:\Users\ranyjulek\.m2\repository\org\geotools\gt-geotiff\29.0\gt-geotiff-29.0.jar;C:\Users\ranyjulek\.m2\repository\it\geosolutions\imageio-ext\imageio-ext-cog-reader\1.4.7\imageio-ext-cog-reader-1.4.7.jar;C:\Users\ranyjulek\.m2\repository\it\geosolutions\imageio-ext\imageio-ext-cog-commons\1.4.7\imageio-ext-cog-commons-1.4.7.jar;C:\Users\ranyjulek\.m2\repository\it\geosolutions\imageio-ext\imageio-ext-cog-streams\1.4.7\imageio-ext-cog-streams-1.4.7.jar;C:\Users\ranyjulek\.m2\repository\org\ehcache\ehcache\3.4.0\ehcache-3.4.0.jar;C:\Users\ranyjulek\.m2\repository\org\openstreetmap\osmosis\osmosis-xml\0.48.3\osmosis-xml-0.48.3.jar;C:\Users\ranyjulek\.m2\repository\org\matsim\contrib\roadpricing\15.0\roadpricing-15.0.jar;C:\Users\ranyjulek\.m2\repository\org\matsim\contrib\taxi\15.0\taxi-15.0.jar;C:\Users\ranyjulek\.m2\repository\org\matsim\contrib\dvrp\15.0\dvrp-15.0.jar;C:\Users\ranyjulek\.m2\repository\one\util\streamex\0.8.1\streamex-0.8.1.jar;C:\Users\ranyjulek\.m2\repository\org\matsim\contrib\drt\15.0\drt-15.0.jar;C:\Users\ranyjulek\.m2\repository\org\matsim\contrib\ev\15.0\ev-15.0.jar;C:\Users\ranyjulek\.m2\repository\org\matsim\contrib\av\15.0\av-15.0.jar;C:\Users\ranyjulek\.m2\repository\org\matsim\contrib\freight\15.0\freight-15.0.jar;C:\Users\ranyjulek\.m2\repository\com\graphhopper\jsprit-core\1.8\jsprit-core-1.8.jar;C:\Users\ranyjulek\.m2\repository\com\graphhopper\jsprit-io\1.8\jsprit-io-1.8.jar;C:\Users\ranyjulek\.m2\repository\commons-configuration\commons-configuration\1.9\commons-configuration-1.9.jar;C:\Users\ranyjulek\.m2\repository\commons-lang\commons-lang\2.6\commons-lang-2.6.jar;C:\Users\ranyjulek\.m2\repository\com\graphhopper\jsprit-analysis\1.8\jsprit-analysis-1.8.jar;C:\Users\ranyjulek\.m2\repository\org\graphstream\gs-core\1.3\gs-core-1.3.jar;C:\Users\ranyjulek\.m2\repository\org\graphstream\pherd\1.0\pherd-1.0.jar;C:\Users\ranyjulek\.m2\repository\org\graphstream\mbox2\1.0\mbox2-1.0.jar;C:\Users\ranyjulek\.m2\repository\org\graphstream\gs-ui\1.3\gs-ui-1.3.jar;C:\Users\ranyjulek\.m2\repository\org\graphstream\gs-algo\1.3\gs-algo-1.3.jar;C:\Users\ranyjulek\.m2\repository\org\apache\commons\commons-math\2.1\commons-math-2.1.jar;C:\Users\ranyjulek\.m2\repository\org\scala-lang\scala-library\2.10.1\scala-library-2.10.1.jar;C:\Users\ranyjulek\.m2\repository\org\apache\logging\log4j\log4j-slf4j2-impl\2.20.0\log4j-slf4j2-impl-2.20.0.jar;C:\Users\ranyjulek\.m2\repository\org\hsqldb\hsqldb\2.7.1\hsqldb-2.7.1.jar;C:\Users\ranyjulek\.m2\repository\xerces\xercesImpl\2.12.2\xercesImpl-2.12.2.jar;C:\Users\ranyjulek\.m2\repository\xml-apis\xml-apis\1.4.01\xml-apis-1.4.01.jar;C:\Users\ranyjulek\.m2\repository\org\matsim\contrib\bicycle\15.0\bicycle-15.0.jar;C:\Users\ranyjulek\.m2\repository\org\matsim\contrib\osm\15.0\osm-15.0.jar;C:\Users\ranyjulek\.m2\repository\org\matsim\contrib\emissions\15.0\emissions-15.0.jar;C:\Users\ranyjulek\.m2\repository\org\matsim\contrib\application\15.0\application-15.0.jar;C:\Users\ranyjulek\.m2\repository\org\matsim\contrib\sumo\15.0\sumo-15.0.jar;C:\Users\ranyjulek\.m2\repository\com\github\matsim-org\gtfs2matsim\master-33809c4f0f-1\gtfs2matsim-master-33809c4f0f-1.jar;C:\Users\ranyjulek\.m2\repository\com\conveyal\gtfs-lib\5.0.2\gtfs-lib-5.0.2.jar;C:\Users\ranyjulek\.m2\repository\net\sourceforge\javacsv\javacsv\2.0\javacsv-2.0.jar;C:\Users\ranyjulek\.m2\repository\com\beust\jcommander\1.30\jcommander-1.30.jar;C:\Users\ranyjulek\.m2\repository\com\vividsolutions\jts\1.13\jts-1.13.jar;C:\Users\ranyjulek\.m2\repository\org\mapdb\mapdb\1.0.8\mapdb-1.0.8.jar;C:\Users\ranyjulek\.m2\repository\org\slf4j\slf4j-simple\1.7.25\slf4j-simple-1.7.25.jar;C:\Users\ranyjulek\.m2\repository\commons-dbutils\commons-dbutils\1.6\commons-dbutils-1.6.jar;C:\Users\ranyjulek\.m2\repository\com\amazonaws\aws-java-sdk-s3\1.11.18\aws-java-sdk-s3-1.11.18.jar;C:\Users\ranyjulek\.m2\repository\com\amazonaws\aws-java-sdk-kms\1.11.18\aws-java-sdk-kms-1.11.18.jar;C:\Users\ranyjulek\.m2\repository\com\amazonaws\aws-java-sdk-core\1.11.18\aws-java-sdk-core-1.11.18.jar;C:\Users\ranyjulek\.m2\repository\org\apache\httpcomponents\httpclient\4.5.2\httpclient-4.5.2.jar;C:\Users\ranyjulek\.m2\repository\org\apache\httpcomponents\httpcore\4.4.4\httpcore-4.4.4.jar;C:\Users\ranyjulek\.m2\repository\com\fasterxml\jackson\dataformat\jackson-dataformat-cbor\2.6.6\jackson-dataformat-cbor-2.6.6.jar;C:\Users\ranyjulek\.m2\repository\commons-cli\commons-cli\1.4\commons-cli-1.4.jar;C:\Users\ranyjulek\.m2\repository\org\postgresql\postgresql\42.0.0\postgresql-42.0.0.jar;C:\Users\ranyjulek\.m2\repository\org\apache\commons\commons-dbcp2\2.1.1\commons-dbcp2-2.1.1.jar;C:\Users\ranyjulek\.m2\repository\org\apache\commons\commons-pool2\2.4.2\commons-pool2-2.4.2.jar;C:\Users\ranyjulek\.m2\repository\com\graphql-java\graphql-java\11.0\graphql-java-11.0.jar;C:\Users\ranyjulek\.m2\repository\org\antlr\antlr4-runtime\4.7.1\antlr4-runtime-4.7.1.jar;C:\Users\ranyjulek\.m2\repository\com\graphql-java\java-dataloader\2.1.1\java-dataloader-2.1.1.jar;C:\Users\ranyjulek\.m2\repository\org\reactivestreams\reactive-streams\1.0.2\reactive-streams-1.0.2.jar;C:\Users\ranyjulek\.m2\repository\com\conveyal\jackson2-geojson\0.8\jackson2-geojson-0.8.jar;C:\Users\ranyjulek\.m2\repository\info\picocli\picocli\4.7.2\picocli-4.7.2.jar;C:\Users\ranyjulek\.m2\repository\it\unimi\dsi\fastutil\8.5.12\fastutil-8.5.12.jar;C:\Users\ranyjulek\.m2\repository\org\apache\commons\commons-text\1.10.0\commons-text-1.10.0.jar;C:\Users\ranyjulek\.m2\repository\com\fasterxml\jackson\dataformat\jackson-dataformat-yaml\2.14.2\jackson-dataformat-yaml-2.14.2.jar;C:\Users\ranyjulek\.m2\repository\org\yaml\snakeyaml\1.33\snakeyaml-1.33.jar;C:\Users\ranyjulek\.m2\repository\org\matsim\contrib\vsp\15.0\vsp-15.0.jar;C:\Users\ranyjulek\.m2\repository\org\matsim\contrib\multimodal\15.0\multimodal-15.0.jar;C:\Users\ranyjulek\.m2\repository\org\matsim\contrib\parking\15.0\parking-15.0.jar;C:\Users\ranyjulek\.m2\repository\org\matsim\contrib\accessibility\15.0\accessibility-15.0.jar;C:\Users\ranyjulek\.m2\repository\org\matsim\contrib\matrixbasedptrouter\15.0\matrixbasedptrouter-15.0.jar;C:\Users\ranyjulek\.m2\repository\org\geotools\jdbc\gt-jdbc-postgis\29.0\gt-jdbc-postgis-29.0.jar;C:\Users\ranyjulek\.m2\repository\org\geotools\gt-jdbc\29.0\gt-jdbc-29.0.jar;C:\Users\ranyjulek\.m2\repository\commons-dbcp\commons-dbcp\1.4\commons-dbcp-1.4.jar;C:\Users\ranyjulek\.m2\repository\org\matsim\contrib\common\15.0\common-15.0.jar;C:\Users\ranyjulek\.m2\repository\com\opencsv\opencsv\5.7.1\opencsv-5.7.1.jar;C:\Users\ranyjulek\.m2\repository\commons-beanutils\commons-beanutils\1.9.4\commons-beanutils-1.9.4.jar;C:\Users\ranyjulek\.m2\repository\commons-collections\commons-collections\3.2.2\commons-collections-3.2.2.jar;C:\Users\ranyjulek\.m2\repository\org\jogamp\gluegen\gluegen-rt-main\2.3.2\gluegen-rt-main-2.3.2.jar;C:\Users\ranyjulek\.m2\repository\org\jogamp\gluegen\gluegen-rt\2.3.2\gluegen-rt-2.3.2-natives-android-aarch64.jar;C:\Users\ranyjulek\.m2\repository\org\jogamp\gluegen\gluegen-rt\2.3.2\gluegen-rt-2.3.2-natives-android-armv6.jar;C:\Users\ranyjulek\.m2\repository\org\jogamp\gluegen\gluegen-rt\2.3.2\gluegen-rt-2.3.2-natives-linux-armv6.jar;C:\Users\ranyjulek\.m2\repository\org\jogamp\gluegen\gluegen-rt\2.3.2\gluegen-rt-2.3.2-natives-linux-armv6hf.jar;C:\Users\ranyjulek\.m2\repository\org\jogamp\gluegen\gluegen-rt\2.3.2\gluegen-rt-2.3.2-natives-solaris-amd64.jar;C:\Users\ranyjulek\.m2\repository\org\jogamp\gluegen\gluegen-rt\2.3.2\gluegen-rt-2.3.2-natives-solaris-i586.jar;C:\Users\ranyjulek\.m2\repository\org\jogamp\jogl\jogl-all-main\2.3.2\jogl-all-main-2.3.2.jar;C:\Users\ranyjulek\.m2\repository\org\jogamp\jogl\jogl-all\2.3.2\jogl-all-2.3.2-natives-android-aarch64.jar;C:\Users\ranyjulek\.m2\repository\org\jogamp\jogl\jogl-all\2.3.2\jogl-all-2.3.2-natives-android-armv6.jar;C:\Users\ranyjulek\.m2\repository\org\jogamp\jogl\jogl-all\2.3.2\jogl-all-2.3.2-natives-linux-armv6.jar;C:\Users\ranyjulek\.m2\repository\org\jogamp\jogl\jogl-all\2.3.2\jogl-all-2.3.2-natives-linux-armv6hf.jar;C:\Users\ranyjulek\.m2\repository\org\jogamp\jogl\jogl-all\2.3.2\jogl-all-2.3.2-natives-solaris-amd64.jar;C:\Users\ranyjulek\.m2\repository\org\jogamp\jogl\jogl-all\2.3.2\jogl-all-2.3.2-natives-solaris-i586.jar;C:\Users\ranyjulek\.m2\repository\org\openstreetmap\osmosis\osmosis-core\0.48.3\osmosis-core-0.48.3.jar;C:\Users\ranyjulek\.m2\repository\net\sf\jpf\jpf\1.5\jpf-1.5.jar;C:\Users\ranyjulek\.m2\repository\com\fasterxml\woodstox\woodstox-core\5.1.0\woodstox-core-5.1.0.jar;C:\Users\ranyjulek\.m2\repository\org\codehaus\woodstox\stax2-api\4.1\stax2-api-4.1.jar;C:\Users\ranyjulek\.m2\repository\org\springframework\spring-jdbc\5.1.0.RELEASE\spring-jdbc-5.1.0.RELEASE.jar;C:\Users\ranyjulek\.m2\repository\org\springframework\spring-beans\5.1.0.RELEASE\spring-beans-5.1.0.RELEASE.jar;C:\Users\ranyjulek\.m2\repository\org\springframework\spring-core\5.1.0.RELEASE\spring-core-5.1.0.RELEASE.jar;C:\Users\ranyjulek\.m2\repository\org\springframework\spring-jcl\5.1.0.RELEASE\spring-jcl-5.1.0.RELEASE.jar;C:\Users\ranyjulek\.m2\repository\org\springframework\spring-tx\5.1.0.RELEASE\spring-tx-5.1.0.RELEASE.jar;C:\Users\ranyjulek\.m2\repository\org\openstreetmap\osmosis\osmosis-tagfilter\0.48.3\osmosis-tagfilter-0.48.3.jar;C:\Users\ranyjulek\.m2\repository\org\openstreetmap\osmosis\osmosis-set\0.48.3\osmosis-set-0.48.3.jar;C:\Users\ranyjulek\.m2\repository\org\openstreetmap\osmosis\osmosis-areafilter\0.48.3\osmosis-areafilter-0.48.3.jar;C:\Users\ranyjulek\.m2\repository\org\matsim\contrib\cadyts-integration\15.0\cadyts-integration-15.0.jar;C:\Users\ranyjulek\.m2\repository\cadyts\cadyts\1.1.0\cadyts-1.1.0.jar;C:\Users\ranyjulek\.m2\repository\org\apache\poi\poi-ooxml\5.2.3\poi-ooxml-5.2.3.jar;C:\Users\ranyjulek\.m2\repository\org\apache\poi\poi\5.2.3\poi-5.2.3.jar;C:\Users\ranyjulek\.m2\repository\com\zaxxer\SparseBitSet\1.2\SparseBitSet-1.2.jar;C:\Users\ranyjulek\.m2\repository\org\apache\poi\poi-ooxml-lite\5.2.3\poi-ooxml-lite-5.2.3.jar;C:\Users\ranyjulek\.m2\repository\org\apache\xmlbeans\xmlbeans\5.1.1\xmlbeans-5.1.1.jar;C:\Users\ranyjulek\.m2\repository\com\github\virtuald\curvesapi\1.07\curvesapi-1.07.jar;C:\Users\ranyjulek\.m2\repository\org\apache\commons\commons-collections4\4.4\commons-collections4-4.4.jar;C:\Users\ranyjulek\.m2\repository\com\jcraft\jsch\0.1.55\jsch-0.1.55.jar;C:\Users\ranyjulek\.m2\repository\org\openjfx\javafx-graphics\20\javafx-graphics-20.jar;C:\Users\ranyjulek\.m2\repository\org\openjfx\javafx-graphics\20\javafx-graphics-20-win.jar;C:\Users\ranyjulek\.m2\repository\org\openjfx\javafx-base\20\javafx-base-20.jar;C:\Users\ranyjulek\.m2\repository\org\openjfx\javafx-base\20\javafx-base-20-win.jar;C:\Users\ranyjulek\.m2\repository\com\graphhopper\graphhopper-core\6.2\graphhopper-core-6.2.jar;C:\Users\ranyjulek\.m2\repository\com\graphhopper\graphhopper-web-api\6.2\graphhopper-web-api-6.2.jar;C:\Users\ranyjulek\.m2\repository\com\carrotsearch\hppc\0.8.1\hppc-0.8.1.jar;C:\Users\ranyjulek\.m2\repository\org\codehaus\janino\janino\3.1.2\janino-3.1.2.jar;C:\Users\ranyjulek\.m2\repository\org\codehaus\janino\commons-compiler\3.1.2\commons-compiler-3.1.2.jar;C:\Users\ranyjulek\.m2\repository\com\graphhopper\external\jackson-datatype-jts\0.12-2.5-1\jackson-datatype-jts-0.12-2.5-1.jar;C:\Users\ranyjulek\.m2\repository\com\fasterxml\jackson\dataformat\jackson-dataformat-xml\2.10.5\jackson-dataformat-xml-2.10.5.jar;C:\Users\ranyjulek\.m2\repository\com\fasterxml\jackson\module\jackson-module-jaxb-annotations\2.10.5\jackson-module-jaxb-annotations-2.10.5.jar;C:\Users\ranyjulek\.m2\repository\org\apache\xmlgraphics\xmlgraphics-commons\2.7\xmlgraphics-commons-2.7.jar;C:\Users\ranyjulek\.m2\repository\org\openstreetmap\osmosis\osmosis-osm-binary\0.47.3\osmosis-osm-binary-0.47.3.jar;C:\Users\ranyjulek\.m2\repository\com\google\protobuf\protobuf-java\3.11.4\protobuf-java-3.11.4.jar;"/>
    <property name="sun.cpu.endian" value="little"/>
    <property name="user.home" value="C:\Users\ranyjulek"/>
    <property name="user.language" value="en"/>
    <property name="java.specification.vendor" value="Oracle Corporation"/>
    <property name="java.version.date" value="2024-01-16"/>
    <property name="java.home" value="C:\Users\ranyjulek\.jdks\openjdk-21.0.2"/>
    <property name="file.separator" value="\"/>
    <property name="basedir" value="C:\Users\ranyjulek\Desktop\uni\inteligencja-obliczeniowa\IO_projekt\java"/>
    <property name="java.vm.compressedOopsMode" value="32-bit"/>
    <property name="line.separator" value="&#10;"/>
    <property name="java.vm.specification.vendor" value="Oracle Corporation"/>
    <property name="java.specification.name" value="Java Platform API Specification"/>
    <property name="surefire.real.class.path" value="C:\Users\ranyjulek\AppData\Local\Temp\surefire12370366788046409222\surefirebooter-20240503162240713_3.jar"/>
    <property name="user.script" value=""/>
    <property name="sun.management.compiler" value="HotSpot 64-Bit Tiered Compilers"/>
    <property name="java.runtime.version" value="21.0.2+13-58"/>
    <property name="user.name" value="ranyjulek"/>
    <property name="stdout.encoding" value="Cp1252"/>
    <property name="path.separator" value=";"/>
    <property name="os.version" value="10.0"/>
    <property name="java.runtime.name" value="OpenJDK Runtime Environment"/>
    <property name="file.encoding" value="UTF-8"/>
    <property name="java.vm.name" value="OpenJDK 64-Bit Server VM"/>
    <property name="localRepository" value="C:\Users\ranyjulek\.m2\repository"/>
    <property name="java.vendor.url.bug" value="https://bugreport.java.com/bugreport/"/>
    <property name="java.io.tmpdir" value="C:\Users\RANYJU~1\AppData\Local\Temp\"/>
    <property name="idea.version" value="2023.3.3"/>
    <property name="java.version" value="21.0.2"/>
    <property name="user.dir" value="C:\Users\ranyjulek\Desktop\uni\inteligencja-obliczeniowa\IO_projekt\java"/>
    <property name="os.arch" value="amd64"/>
    <property name="java.vm.specification.name" value="Java Virtual Machine Specification"/>
    <property name="user.language.format" value="pl"/>
    <property name="sun.os.patch.level" value=""/>
    <property name="native.encoding" value="Cp1252"/>
    <property name="java.library.path" value="C:\Users\ranyjulek\.jdks\openjdk-21.0.2\bin;C:\WINDOWS\Sun\Java\bin;C:\WINDOWS\system32;C:\WINDOWS;C:\Program Files\PlasticSCM5\server;C:\Program Files\PlasticSCM5\client;C:\WINDOWS\system32;C:\WINDOWS;C:\WINDOWS\System32\Wbem;C:\WINDOWS\System32\WindowsPowerShell\v1.0\;C:\WINDOWS\System32\OpenSSH\;C:\Program Files\Git\cmd;C:\Program Files\Docker\Docker\resources\bin;C:\Program Files\PuTTY\;C:\Program Files\Amazon\AWSCLIV2\;C:\Users\ranyjulek\.jdks\openjdk-21.0.2\bin;C:\Users\ranyjulek\.pyenv\pyenv-win\versions\3.10.0\Scripts;C:\Users\ranyjulek\.pyenv\pyenv-win\shims;C:\Users\ranyjulek\.pyenv\pyenv-win\bin;C:\Users\ranyjulek\AppData\Local\Microsoft\WindowsApps;C:\Users\ranyjulek\AppData\Local\Programs\Microsoft VS Code\bin;C:\Program Files\JetBrains\IntelliJ IDEA 2023.3.3\bin;C:\Users\ranyjulek\AppData\Local\JetBrains\Toolbox\scripts;C:\Users\ranyjulek\AppData\Roaming\Python\Python312\Scripts;C:\Users\ranyjulek\pandoc-3.1.12.2;C:\Users\ranyjulek\k8s;;."/>
    <property name="java.vm.info" value="mixed mode, sharing"/>
    <property name="stderr.encoding" value="Cp1252"/>
    <property name="java.vendor" value="Oracle Corporation"/>
    <property name="java.vm.version" value="21.0.2+13-58"/>
    <property name="sun.io.unicode.encoding" value="UnicodeLittle"/>
    <property name="java.class.version" value="65.0"/>
  </properties>
  <testcase name="test" classname="org.matsim.project.RunMatsimTest" time="9.453">
    <system-out><![CDATA[2024-05-03T16:22:42,521  INFO Config:602 setting context to [file:/C:/Users/ranyjulek/Desktop/uni/inteligencja-obliczeniowa/IO_projekt/java/]
2024-05-03T16:22:42,621  INFO Version:21 HV000001: Hibernate Validator 8.0.0.Final
2024-05-03T16:22:42,796  INFO MatsimXmlParser:165 starting to parse xml from url jar:file:/C:/Users/ranyjulek/.m2/repository/org/matsim/matsim-examples/15.0/matsim-examples-15.0.jar!/test/scenarios/equil/config.xml ...
2024-05-03T16:22:42,875  INFO ConfigReader:103 using config_v2-reader
2024-05-03T16:22:42,875  INFO MatsimXmlParser:281 Trying to load http://www.matsim.org/files/dtd/config_v2.dtd. In some cases (e.g. network interface up but no connection), this may take a bit.
2024-05-03T16:22:43,018  INFO PlanCalcScoreConfigGroup:555 scoring parameters for subpopulation null were just replaced.
2024-05-03T16:22:43,024  INFO Config:602 setting context to [jar:file:/C:/Users/ranyjulek/.m2/repository/org/matsim/matsim-examples/15.0/matsim-examples-15.0.jar!/test/scenarios/equil/config.xml]
2024-05-03T16:22:43,027  INFO CommandLine:508 Received 0 positional command line arguments:
2024-05-03T16:22:43,027  INFO CommandLine:509    
2024-05-03T16:22:43,027  INFO CommandLine:531 Received 2 command line options with 1 prefixes:
2024-05-03T16:22:43,027  INFO CommandLine:543    Prefix config:
2024-05-03T16:22:43,028  INFO CommandLine:546       controler.outputDirectory = test/output/org/matsim/project/RunMatsimTest/test/
2024-05-03T16:22:43,028  INFO CommandLine:546       controler.lastIteration = 1
2024-05-03T16:22:43,032  INFO CommandLine:642 Setting config:controler.outputDirectory to test/output/org/matsim/project/RunMatsimTest/test/
2024-05-03T16:22:43,032  INFO CommandLine:642 Setting config:controler.lastIteration to 1
2024-05-03T16:22:43,083  INFO ScenarioLoaderImpl:135 loading network from jar:file:/C:/Users/ranyjulek/.m2/repository/org/matsim/matsim-examples/15.0/matsim-examples-15.0.jar!/test/scenarios/equil/network.xml
2024-05-03T16:22:43,087  INFO MatsimXmlParser:165 starting to parse xml from url jar:file:/C:/Users/ranyjulek/.m2/repository/org/matsim/matsim-examples/15.0/matsim-examples-15.0.jar!/test/scenarios/equil/network.xml ...
2024-05-03T16:22:43,092  INFO MatsimNetworkReader:116 using network_v1-reader.
2024-05-03T16:22:43,092  INFO MatsimXmlParser:281 Trying to load http://www.matsim.org/files/dtd/network_v1.dtd. In some cases (e.g. network interface up but no connection), this may take a bit.
2024-05-03T16:22:43,158  INFO NetworkImpl:165  node # 1
2024-05-03T16:22:43,159  INFO NetworkImpl:165  node # 4
2024-05-03T16:22:43,163  INFO NetworkImpl:161  link # 1
2024-05-03T16:22:43,164  INFO NetworkImpl:161  link # 4
2024-05-03T16:22:43,166  INFO NetworkImpl:161  link # 16
2024-05-03T16:22:43,168  INFO ScenarioLoaderImpl:160 loading facilities from jar:file:/C:/Users/ranyjulek/.m2/repository/org/matsim/matsim-examples/15.0/matsim-examples-15.0.jar!/test/scenarios/equil/facilities.xml
2024-05-03T16:22:43,169  INFO MatsimXmlParser:165 starting to parse xml from url jar:file:/C:/Users/ranyjulek/.m2/repository/org/matsim/matsim-examples/15.0/matsim-examples-15.0.jar!/test/scenarios/equil/facilities.xml ...
2024-05-03T16:22:43,345  INFO MatsimFacilitiesReader:138 using facilities_v1-reader.
2024-05-03T16:22:43,345  INFO MatsimXmlParser:281 Trying to load http://www.matsim.org/files/dtd/facilities_v1.dtd. In some cases (e.g. network interface up but no connection), this may take a bit.
2024-05-03T16:22:43,417  INFO ScenarioLoaderImpl:169 loaded 23 facilities from jar:file:/C:/Users/ranyjulek/.m2/repository/org/matsim/matsim-examples/15.0/matsim-examples-15.0.jar!/test/scenarios/equil/facilities.xml
2024-05-03T16:22:43,417  INFO ScenarioLoaderImpl:188 no facility-attributes file set in config, not loading any facility attributes
2024-05-03T16:22:43,417  INFO ScenarioLoaderImpl:196 loading population from jar:file:/C:/Users/ranyjulek/.m2/repository/org/matsim/matsim-examples/15.0/matsim-examples-15.0.jar!/test/scenarios/equil/plans100.xml
2024-05-03T16:22:43,425  INFO MatsimXmlParser:165 starting to parse xml from url jar:file:/C:/Users/ranyjulek/.m2/repository/org/matsim/matsim-examples/15.0/matsim-examples-15.0.jar!/test/scenarios/equil/plans100.xml ...
2024-05-03T16:22:43,430  INFO PopulationReader:139 using plans_v4-reader.
2024-05-03T16:22:43,430  INFO MatsimXmlParser:281 Trying to load http://www.matsim.org/files/dtd/plans_v4.dtd. In some cases (e.g. network interface up but no connection), this may take a bit.
2024-05-03T16:22:43,539  INFO ParallelPopulationReaderMatsimV4:138 Start parallel population reading...
2024-05-03T16:22:43,547  INFO PopulationImpl:107  person # 1
2024-05-03T16:22:43,551  INFO PopulationImpl:107  person # 4
2024-05-03T16:22:43,556  INFO PopulationImpl:107  person # 16
2024-05-03T16:22:43,567  INFO PopulationImpl:107  person # 64
2024-05-03T16:22:43,579  INFO ParallelPopulationReaderMatsimV4:188 Finished parallel population reading...
2024-05-03T16:22:43,580  INFO PopulationUtils:1078  person # 100
2024-05-03T16:22:43,580  INFO ScenarioLoaderImpl:244 no person-attributes file set in config, not loading any person attributes
2024-05-03T16:22:43,580  INFO ScenarioLoaderImpl:258 no households file set in config, not loading households
2024-05-03T16:22:43,580  INFO ScenarioLoaderImpl:276 no household-attributes file set in config, not loading any household attributes
2024-05-03T16:22:43,581  INFO ScenarioLoaderImpl:290 no transit schedule file set in config, not loading any transit schedule
2024-05-03T16:22:43,581  INFO ScenarioLoaderImpl:331 no transit vehicles file set in config, not loading any transit vehicles
2024-05-03T16:22:43,603  INFO VspConfigConsistencyCheckerImpl:64 NOT running vsp config consistency check because vsp defaults checking level is set to IGNORE
2024-05-03T16:22:44,682  INFO SimStepParallelEventsManagerImpl:80 number of threads=1
2024-05-03T16:22:44,693  INFO EventsManagerImpl:138 adding Event-Handler: org.matsim.core.trafficmonitoring.TravelTimeCalculator
2024-05-03T16:22:44,693  INFO EventsManagerImpl:144   org.matsim.api.core.v01.events.handler.LinkEnterEventHandler
2024-05-03T16:22:44,693  INFO EventsManagerImpl:205     > org.matsim.api.core.v01.events.LinkEnterEvent
2024-05-03T16:22:44,694  INFO EventsManagerImpl:144   org.matsim.api.core.v01.events.handler.LinkLeaveEventHandler
2024-05-03T16:22:44,694  INFO EventsManagerImpl:205     > org.matsim.api.core.v01.events.LinkLeaveEvent
2024-05-03T16:22:44,694  INFO EventsManagerImpl:144   org.matsim.api.core.v01.events.handler.VehicleEntersTrafficEventHandler
2024-05-03T16:22:44,695  INFO EventsManagerImpl:205     > org.matsim.api.core.v01.events.VehicleEntersTrafficEvent
2024-05-03T16:22:44,695  INFO EventsManagerImpl:144   org.matsim.api.core.v01.events.handler.VehicleLeavesTrafficEventHandler
2024-05-03T16:22:44,695  INFO EventsManagerImpl:205     > org.matsim.api.core.v01.events.VehicleLeavesTrafficEvent
2024-05-03T16:22:44,695  INFO EventsManagerImpl:144   org.matsim.core.api.experimental.events.handler.VehicleArrivesAtFacilityEventHandler
2024-05-03T16:22:44,695  INFO EventsManagerImpl:205     > org.matsim.core.api.experimental.events.VehicleArrivesAtFacilityEvent
2024-05-03T16:22:44,695  INFO EventsManagerImpl:144   org.matsim.api.core.v01.events.handler.VehicleAbortsEventHandler
2024-05-03T16:22:44,696  INFO EventsManagerImpl:205     > org.matsim.api.core.v01.events.VehicleAbortsEvent
2024-05-03T16:22:44,696  INFO EventsManagerImpl:154 
2024-05-03T16:22:44,696  INFO EventsManagerImpl:138 adding Event-Handler: org.matsim.core.trafficmonitoring.TravelTimeCalculator
2024-05-03T16:22:44,696  INFO EventsManagerImpl:144   org.matsim.api.core.v01.events.handler.LinkEnterEventHandler
2024-05-03T16:22:44,696  INFO EventsManagerImpl:205     > org.matsim.api.core.v01.events.LinkEnterEvent
2024-05-03T16:22:44,697  INFO EventsManagerImpl:144   org.matsim.api.core.v01.events.handler.LinkLeaveEventHandler
2024-05-03T16:22:44,697  INFO EventsManagerImpl:205     > org.matsim.api.core.v01.events.LinkLeaveEvent
2024-05-03T16:22:44,697  INFO EventsManagerImpl:144   org.matsim.api.core.v01.events.handler.VehicleEntersTrafficEventHandler
2024-05-03T16:22:44,697  INFO EventsManagerImpl:205     > org.matsim.api.core.v01.events.VehicleEntersTrafficEvent
2024-05-03T16:22:44,697  INFO EventsManagerImpl:144   org.matsim.api.core.v01.events.handler.VehicleLeavesTrafficEventHandler
2024-05-03T16:22:44,697  INFO EventsManagerImpl:205     > org.matsim.api.core.v01.events.VehicleLeavesTrafficEvent
2024-05-03T16:22:44,697  INFO EventsManagerImpl:144   org.matsim.core.api.experimental.events.handler.VehicleArrivesAtFacilityEventHandler
2024-05-03T16:22:44,697  INFO EventsManagerImpl:205     > org.matsim.core.api.experimental.events.VehicleArrivesAtFacilityEvent
2024-05-03T16:22:44,697  INFO EventsManagerImpl:144   org.matsim.api.core.v01.events.handler.VehicleAbortsEventHandler
2024-05-03T16:22:44,698  INFO EventsManagerImpl:205     > org.matsim.api.core.v01.events.VehicleAbortsEvent
2024-05-03T16:22:44,698  INFO EventsManagerImpl:154 
2024-05-03T16:22:44,710  INFO StrategyManager:77 global innovation switch off after iteration: 2147483647
2024-05-03T16:22:44,713  INFO GenericStrategyManagerImpl:330 added change request:  iteration=-2147483648 newWeight=0.0 strategy=RandomPlanSelector_ReRoute
2024-05-03T16:22:44,714  INFO GenericStrategyManagerImpl:362 setting PlanSelectorForRemoval to class org.matsim.core.replanning.selectors.WorstPlanForRemovalSelector
2024-05-03T16:22:44,717  INFO EventsManagerImpl:138 adding Event-Handler: org.matsim.core.scoring.ScoringFunctionsForPopulation
2024-05-03T16:22:44,717  INFO EventsManagerImpl:144   org.matsim.core.events.handler.BasicEventHandler
2024-05-03T16:22:44,717  INFO EventsManagerImpl:205     > org.matsim.api.core.v01.events.Event
2024-05-03T16:22:44,718  INFO EventsManagerImpl:154 
2024-05-03T16:22:44,718  INFO EventsManagerImpl:138 adding Event-Handler: org.matsim.core.scoring.ScoringFunctionsForPopulation
2024-05-03T16:22:44,718  INFO EventsManagerImpl:144   org.matsim.core.events.handler.BasicEventHandler
2024-05-03T16:22:44,718  INFO EventsManagerImpl:205     > org.matsim.api.core.v01.events.Event
2024-05-03T16:22:44,718  INFO EventsManagerImpl:154 
2024-05-03T16:22:44,722  INFO CalcLinkStats:151  resetting `count' to zero.  This info is here since we want to check when this is happening during normal simulation runs.  kai, jan'11
2024-05-03T16:22:44,724  INFO EventsManagerImpl:138 adding Event-Handler: org.matsim.analysis.VolumesAnalyzer
2024-05-03T16:22:44,725  INFO EventsManagerImpl:144   org.matsim.api.core.v01.events.handler.LinkLeaveEventHandler
2024-05-03T16:22:44,725  INFO EventsManagerImpl:205     > org.matsim.api.core.v01.events.LinkLeaveEvent
2024-05-03T16:22:44,725  INFO EventsManagerImpl:144   org.matsim.api.core.v01.events.handler.VehicleEntersTrafficEventHandler
2024-05-03T16:22:44,725  INFO EventsManagerImpl:205     > org.matsim.api.core.v01.events.VehicleEntersTrafficEvent
2024-05-03T16:22:44,726  INFO EventsManagerImpl:154 
2024-05-03T16:22:44,726  INFO EventsManagerImpl:138 adding Event-Handler: org.matsim.analysis.VolumesAnalyzer
2024-05-03T16:22:44,726  INFO EventsManagerImpl:144   org.matsim.api.core.v01.events.handler.LinkLeaveEventHandler
2024-05-03T16:22:44,726  INFO EventsManagerImpl:205     > org.matsim.api.core.v01.events.LinkLeaveEvent
2024-05-03T16:22:44,726  INFO EventsManagerImpl:144   org.matsim.api.core.v01.events.handler.VehicleEntersTrafficEventHandler
2024-05-03T16:22:44,726  INFO EventsManagerImpl:205     > org.matsim.api.core.v01.events.VehicleEntersTrafficEvent
2024-05-03T16:22:44,727  INFO EventsManagerImpl:154 
2024-05-03T16:22:44,728  INFO EventsManagerImpl:138 adding Event-Handler: org.matsim.analysis.LegHistogram
2024-05-03T16:22:44,728  INFO EventsManagerImpl:144   org.matsim.api.core.v01.events.handler.PersonDepartureEventHandler
2024-05-03T16:22:44,728  INFO EventsManagerImpl:205     > org.matsim.api.core.v01.events.PersonDepartureEvent
2024-05-03T16:22:44,728  INFO EventsManagerImpl:144   org.matsim.api.core.v01.events.handler.PersonArrivalEventHandler
2024-05-03T16:22:44,728  INFO EventsManagerImpl:205     > org.matsim.api.core.v01.events.PersonArrivalEvent
2024-05-03T16:22:44,728  INFO EventsManagerImpl:144   org.matsim.api.core.v01.events.handler.PersonStuckEventHandler
2024-05-03T16:22:44,729  INFO EventsManagerImpl:205     > org.matsim.api.core.v01.events.PersonStuckEvent
2024-05-03T16:22:44,729  INFO EventsManagerImpl:154 
2024-05-03T16:22:44,729  INFO EventsManagerImpl:138 adding Event-Handler: org.matsim.analysis.LegHistogram
2024-05-03T16:22:44,729  INFO EventsManagerImpl:144   org.matsim.api.core.v01.events.handler.PersonDepartureEventHandler
2024-05-03T16:22:44,729  INFO EventsManagerImpl:205     > org.matsim.api.core.v01.events.PersonDepartureEvent
2024-05-03T16:22:44,729  INFO EventsManagerImpl:144   org.matsim.api.core.v01.events.handler.PersonArrivalEventHandler
2024-05-03T16:22:44,729  INFO EventsManagerImpl:205     > org.matsim.api.core.v01.events.PersonArrivalEvent
2024-05-03T16:22:44,729  INFO EventsManagerImpl:144   org.matsim.api.core.v01.events.handler.PersonStuckEventHandler
2024-05-03T16:22:44,729  INFO EventsManagerImpl:205     > org.matsim.api.core.v01.events.PersonStuckEvent
2024-05-03T16:22:44,729  INFO EventsManagerImpl:154 
2024-05-03T16:22:44,730  INFO EventsManagerImpl:138 adding Event-Handler: org.matsim.analysis.CalcLegTimes
2024-05-03T16:22:44,730  INFO EventsManagerImpl:144   org.matsim.api.core.v01.events.handler.PersonDepartureEventHandler
2024-05-03T16:22:44,730  INFO EventsManagerImpl:205     > org.matsim.api.core.v01.events.PersonDepartureEvent
2024-05-03T16:22:44,730  INFO EventsManagerImpl:144   org.matsim.api.core.v01.events.handler.PersonArrivalEventHandler
2024-05-03T16:22:44,730  INFO EventsManagerImpl:205     > org.matsim.api.core.v01.events.PersonArrivalEvent
2024-05-03T16:22:44,730  INFO EventsManagerImpl:144   org.matsim.api.core.v01.events.handler.ActivityEndEventHandler
2024-05-03T16:22:44,730  INFO EventsManagerImpl:205     > org.matsim.api.core.v01.events.ActivityEndEvent
2024-05-03T16:22:44,730  INFO EventsManagerImpl:144   org.matsim.api.core.v01.events.handler.ActivityStartEventHandler
2024-05-03T16:22:44,731  INFO EventsManagerImpl:205     > org.matsim.api.core.v01.events.ActivityStartEvent
2024-05-03T16:22:44,731  INFO EventsManagerImpl:154 
2024-05-03T16:22:44,731  INFO EventsManagerImpl:138 adding Event-Handler: org.matsim.analysis.CalcLegTimes
2024-05-03T16:22:44,731  INFO EventsManagerImpl:144   org.matsim.api.core.v01.events.handler.PersonDepartureEventHandler
2024-05-03T16:22:44,731  INFO EventsManagerImpl:205     > org.matsim.api.core.v01.events.PersonDepartureEvent
2024-05-03T16:22:44,731  INFO EventsManagerImpl:144   org.matsim.api.core.v01.events.handler.PersonArrivalEventHandler
2024-05-03T16:22:44,731  INFO EventsManagerImpl:205     > org.matsim.api.core.v01.events.PersonArrivalEvent
2024-05-03T16:22:44,731  INFO EventsManagerImpl:144   org.matsim.api.core.v01.events.handler.ActivityEndEventHandler
2024-05-03T16:22:44,731  INFO EventsManagerImpl:205     > org.matsim.api.core.v01.events.ActivityEndEvent
2024-05-03T16:22:44,732  INFO EventsManagerImpl:144   org.matsim.api.core.v01.events.handler.ActivityStartEventHandler
2024-05-03T16:22:44,732  INFO EventsManagerImpl:205     > org.matsim.api.core.v01.events.ActivityStartEvent
2024-05-03T16:22:44,732  INFO EventsManagerImpl:154 
2024-05-03T16:22:44,736  INFO AbstractController:55 Used Controler-Class: org.matsim.core.controler.NewControler
2024-05-03T16:22:44,737  INFO Config:562 ConfigConsistencyChecker with runtime type=class org.matsim.core.config.consistency.ConfigConsistencyCheckerImpl was already added; not adding it a second time
2024-05-03T16:22:44,744  INFO Injector:81 === printInjector start ===
2024-05-03T16:22:44,746  INFO Injector:85 org.matsim.api.core.v01.Scenario 
2024-05-03T16:22:44,748  INFO Injector:86   --> provider: ConstantFactory{value=org.matsim.core.scenario.MutableScenario@136ccbfe}[Scopes.SINGLETON]
2024-05-03T16:22:44,748  INFO Injector:87   --> source: org.matsim.core.scenario.ScenarioByInstanceModule.install(ScenarioByInstanceModule.java:52)
2024-05-03T16:22:44,749  INFO Injector:89   --> scope: eager singleton
2024-05-03T16:22:44,749  INFO Injector:94   ==full==> InstanceBinding{key=Key[type=org.matsim.api.core.v01.Scenario, annotation=[none]], source=org.matsim.core.scenario.ScenarioByInstanceModule.install(ScenarioByInstanceModule.java:52), instance=org.matsim.core.scenario.MutableScenario@136ccbfe}
2024-05-03T16:22:44,749  INFO Injector:96 
2024-05-03T16:22:44,749  INFO Injector:85 org.matsim.facilities.ActivityFacilities 
2024-05-03T16:22:44,758  INFO Injector:86   --> provider: @Provides org.matsim.core.scenario.ScenarioByInstanceModule.provideActivityFacilities(ScenarioByInstanceModule.java:72)
2024-05-03T16:22:44,758  INFO Injector:87   --> source: org.matsim.facilities.ActivityFacilities org.matsim.core.scenario.ScenarioByInstanceModule.provideActivityFacilities(org.matsim.api.core.v01.Scenario)
2024-05-03T16:22:44,758  INFO Injector:89   --> scope: Scopes.NO_SCOPE
2024-05-03T16:22:44,759  INFO Injector:94   ==full==> ProviderInstanceBinding{key=Key[type=org.matsim.facilities.ActivityFacilities, annotation=[none]], source=org.matsim.facilities.ActivityFacilities org.matsim.core.scenario.ScenarioByInstanceModule.provideActivityFacilities(org.matsim.api.core.v01.Scenario), scope=Scopes.NO_SCOPE, provider=@Provides org.matsim.core.scenario.ScenarioByInstanceModule.provideActivityFacilities(ScenarioByInstanceModule.java:72)}
2024-05-03T16:22:44,759  INFO Injector:96 
2024-05-03T16:22:44,759  INFO Injector:85 org.matsim.households.Households 
2024-05-03T16:22:44,759  INFO Injector:86   --> provider: @Provides org.matsim.core.scenario.ScenarioByInstanceModule.provideHouseholds(ScenarioByInstanceModule.java:77)
2024-05-03T16:22:44,759  INFO Injector:87   --> source: org.matsim.households.Households org.matsim.core.scenario.ScenarioByInstanceModule.provideHouseholds(org.matsim.api.core.v01.Scenario)
2024-05-03T16:22:44,759  INFO Injector:89   --> scope: Scopes.NO_SCOPE
2024-05-03T16:22:44,760  INFO Injector:94   ==full==> ProviderInstanceBinding{key=Key[type=org.matsim.households.Households, annotation=[none]], source=org.matsim.households.Households org.matsim.core.scenario.ScenarioByInstanceModule.provideHouseholds(org.matsim.api.core.v01.Scenario), scope=Scopes.NO_SCOPE, provider=@Provides org.matsim.core.scenario.ScenarioByInstanceModule.provideHouseholds(ScenarioByInstanceModule.java:77)}
2024-05-03T16:22:44,760  INFO Injector:96 
2024-05-03T16:22:44,760  INFO Injector:85 org.matsim.lanes.Lanes 
2024-05-03T16:22:44,760  INFO Injector:86   --> provider: @Provides org.matsim.core.scenario.ScenarioByInstanceModule.provideLanes(ScenarioByInstanceModule.java:87)
2024-05-03T16:22:44,760  INFO Injector:87   --> source: org.matsim.lanes.Lanes org.matsim.core.scenario.ScenarioByInstanceModule.provideLanes(org.matsim.api.core.v01.Scenario)
2024-05-03T16:22:44,760  INFO Injector:89   --> scope: Scopes.NO_SCOPE
2024-05-03T16:22:44,760  INFO Injector:94   ==full==> ProviderInstanceBinding{key=Key[type=org.matsim.lanes.Lanes, annotation=[none]], source=org.matsim.lanes.Lanes org.matsim.core.scenario.ScenarioByInstanceModule.provideLanes(org.matsim.api.core.v01.Scenario), scope=Scopes.NO_SCOPE, provider=@Provides org.matsim.core.scenario.ScenarioByInstanceModule.provideLanes(ScenarioByInstanceModule.java:87)}
2024-05-03T16:22:44,760  INFO Injector:96 
2024-05-03T16:22:44,760  INFO Injector:85 org.matsim.api.core.v01.network.Network 
2024-05-03T16:22:44,761  INFO Injector:86   --> provider: @Provides org.matsim.core.scenario.ScenarioByInstanceModule.provideNetwork(ScenarioByInstanceModule.java:60)
2024-05-03T16:22:44,761  INFO Injector:87   --> source: org.matsim.api.core.v01.network.Network org.matsim.core.scenario.ScenarioByInstanceModule.provideNetwork(org.matsim.api.core.v01.Scenario)
2024-05-03T16:22:44,761  INFO Injector:89   --> scope: Scopes.NO_SCOPE
2024-05-03T16:22:44,761  INFO Injector:94   ==full==> ProviderInstanceBinding{key=Key[type=org.matsim.api.core.v01.network.Network, annotation=[none]], source=org.matsim.api.core.v01.network.Network org.matsim.core.scenario.ScenarioByInstanceModule.provideNetwork(org.matsim.api.core.v01.Scenario), scope=Scopes.NO_SCOPE, provider=@Provides org.matsim.core.scenario.ScenarioByInstanceModule.provideNetwork(ScenarioByInstanceModule.java:60)}
2024-05-03T16:22:44,761  INFO Injector:96 
2024-05-03T16:22:44,761  INFO Injector:85 org.matsim.api.core.v01.population.Population 
2024-05-03T16:22:44,761  INFO Injector:86   --> provider: @Provides org.matsim.core.scenario.ScenarioByInstanceModule.providePopulation(ScenarioByInstanceModule.java:64)
2024-05-03T16:22:44,761  INFO Injector:87   --> source: org.matsim.api.core.v01.population.Population org.matsim.core.scenario.ScenarioByInstanceModule.providePopulation(org.matsim.api.core.v01.Scenario)
2024-05-03T16:22:44,762  INFO Injector:89   --> scope: Scopes.NO_SCOPE
2024-05-03T16:22:44,762  INFO Injector:94   ==full==> ProviderInstanceBinding{key=Key[type=org.matsim.api.core.v01.population.Population, annotation=[none]], source=org.matsim.api.core.v01.population.Population org.matsim.core.scenario.ScenarioByInstanceModule.providePopulation(org.matsim.api.core.v01.Scenario), scope=Scopes.NO_SCOPE, provider=@Provides org.matsim.core.scenario.ScenarioByInstanceModule.providePopulation(ScenarioByInstanceModule.java:64)}
2024-05-03T16:22:44,762  INFO Injector:96 
2024-05-03T16:22:44,762  INFO Injector:85 org.matsim.api.core.v01.population.PopulationFactory 
2024-05-03T16:22:44,762  INFO Injector:86   --> provider: @Provides org.matsim.core.scenario.ScenarioByInstanceModule.providePopulationFactory(ScenarioByInstanceModule.java:68)
2024-05-03T16:22:44,762  INFO Injector:87   --> source: org.matsim.api.core.v01.population.PopulationFactory org.matsim.core.scenario.ScenarioByInstanceModule.providePopulationFactory(org.matsim.api.core.v01.population.Population)
2024-05-03T16:22:44,762  INFO Injector:89   --> scope: Scopes.NO_SCOPE
2024-05-03T16:22:44,762  INFO Injector:94   ==full==> ProviderInstanceBinding{key=Key[type=org.matsim.api.core.v01.population.PopulationFactory, annotation=[none]], source=org.matsim.api.core.v01.population.PopulationFactory org.matsim.core.scenario.ScenarioByInstanceModule.providePopulationFactory(org.matsim.api.core.v01.population.Population), scope=Scopes.NO_SCOPE, provider=@Provides org.matsim.core.scenario.ScenarioByInstanceModule.providePopulationFactory(ScenarioByInstanceModule.java:68)}
2024-05-03T16:22:44,762  INFO Injector:96 
2024-05-03T16:22:44,762  INFO Injector:85 org.matsim.vehicles.Vehicles 
2024-05-03T16:22:44,762  INFO Injector:86   --> provider: @Provides org.matsim.core.scenario.ScenarioByInstanceModule.provideVehicles(ScenarioByInstanceModule.java:82)
2024-05-03T16:22:44,762  INFO Injector:87   --> source: org.matsim.vehicles.Vehicles org.matsim.core.scenario.ScenarioByInstanceModule.provideVehicles(org.matsim.api.core.v01.Scenario)
2024-05-03T16:22:44,762  INFO Injector:89   --> scope: Scopes.NO_SCOPE
2024-05-03T16:22:44,764  INFO Injector:94   ==full==> ProviderInstanceBinding{key=Key[type=org.matsim.vehicles.Vehicles, annotation=[none]], source=org.matsim.vehicles.Vehicles org.matsim.core.scenario.ScenarioByInstanceModule.provideVehicles(org.matsim.api.core.v01.Scenario), scope=Scopes.NO_SCOPE, provider=@Provides org.matsim.core.scenario.ScenarioByInstanceModule.provideVehicles(ScenarioByInstanceModule.java:82)}
2024-05-03T16:22:44,764  INFO Injector:96 
2024-05-03T16:22:44,764  INFO Injector:85 org.matsim.core.controler.ControlerI 
2024-05-03T16:22:44,764  INFO Injector:86   --> provider: FactoryProxy{key=Key[type=org.matsim.core.controler.ControlerI, annotation=[none]], provider=com.google.inject.internal.ConstructorBindingImpl$Factory@634ff56}[Scopes.SINGLETON]
2024-05-03T16:22:44,764  INFO Injector:87   --> source: org.matsim.core.controler.NewControlerModule.install(NewControlerModule.java:29)
2024-05-03T16:22:44,764  INFO Injector:89   --> scope: eager singleton
2024-05-03T16:22:44,764  INFO Injector:92   --> target: Key[type=org.matsim.core.controler.NewControler, annotation=[none]]
2024-05-03T16:22:44,765  INFO Injector:94   ==full==> LinkedKeyBinding{key=Key[type=org.matsim.core.controler.ControlerI, annotation=[none]], source=org.matsim.core.controler.NewControlerModule.install(NewControlerModule.java:29), scope=eager singleton, target=Key[type=org.matsim.core.controler.NewControler, annotation=[none]]}
2024-05-03T16:22:44,765  INFO Injector:96 
2024-05-03T16:22:44,765  INFO Injector:85 org.matsim.core.controler.ControlerListenerManager 
2024-05-03T16:22:44,765  INFO Injector:86   --> provider: FactoryProxy{key=Key[type=org.matsim.core.controler.ControlerListenerManager, annotation=[none]], provider=com.google.inject.internal.ConstructorBindingImpl$Factory@66522ead[Scopes.SINGLETON]}
2024-05-03T16:22:44,765  INFO Injector:87   --> source: org.matsim.core.controler.NewControlerModule.install(NewControlerModule.java:31)
2024-05-03T16:22:44,765  INFO Injector:89   --> scope: Scopes.NO_SCOPE
2024-05-03T16:22:44,765  INFO Injector:92   --> target: Key[type=org.matsim.core.controler.ControlerListenerManagerImpl, annotation=[none]]
2024-05-03T16:22:44,765  INFO Injector:94   ==full==> LinkedKeyBinding{key=Key[type=org.matsim.core.controler.ControlerListenerManager, annotation=[none]], source=org.matsim.core.controler.NewControlerModule.install(NewControlerModule.java:31), scope=Scopes.NO_SCOPE, target=Key[type=org.matsim.core.controler.ControlerListenerManagerImpl, annotation=[none]]}
2024-05-03T16:22:44,765  INFO Injector:96 
2024-05-03T16:22:44,766  INFO Injector:85 org.matsim.core.controler.TerminationCriterion 
2024-05-03T16:22:44,766  INFO Injector:86   --> provider: FactoryProxy{key=Key[type=org.matsim.core.controler.TerminationCriterion, annotation=[none]], provider=com.google.inject.internal.ConstructorBindingImpl$Factory@5a484ce1}
2024-05-03T16:22:44,766  INFO Injector:87   --> source: org.matsim.core.controler.NewControlerModule.install(NewControlerModule.java:35)
2024-05-03T16:22:44,766  INFO Injector:89   --> scope: Scopes.NO_SCOPE
2024-05-03T16:22:44,766  INFO Injector:92   --> target: Key[type=org.matsim.core.controler.TerminateAtFixedIterationNumber, annotation=[none]]
2024-05-03T16:22:44,766  INFO Injector:94   ==full==> LinkedKeyBinding{key=Key[type=org.matsim.core.controler.TerminationCriterion, annotation=[none]], source=org.matsim.core.controler.NewControlerModule.install(NewControlerModule.java:35), scope=Scopes.NO_SCOPE, target=Key[type=org.matsim.core.controler.TerminateAtFixedIterationNumber, annotation=[none]]}
2024-05-03T16:22:44,766  INFO Injector:96 
2024-05-03T16:22:44,766  INFO Injector:85 org.matsim.core.controler.MatsimServices 
2024-05-03T16:22:44,766  INFO Injector:86   --> provider: FactoryProxy{key=Key[type=org.matsim.core.controler.MatsimServices, annotation=[none]], provider=com.google.inject.internal.ConstructorBindingImpl$Factory@e91b4f4}
2024-05-03T16:22:44,766  INFO Injector:87   --> source: org.matsim.core.controler.NewControlerModule.install(NewControlerModule.java:36)
2024-05-03T16:22:44,767  INFO Injector:89   --> scope: Scopes.NO_SCOPE
2024-05-03T16:22:44,767  INFO Injector:92   --> target: Key[type=org.matsim.core.controler.MatsimServicesImpl, annotation=[none]]
2024-05-03T16:22:44,767  INFO Injector:94   ==full==> LinkedKeyBinding{key=Key[type=org.matsim.core.controler.MatsimServices, annotation=[none]], source=org.matsim.core.controler.NewControlerModule.install(NewControlerModule.java:36), scope=Scopes.NO_SCOPE, target=Key[type=org.matsim.core.controler.MatsimServicesImpl, annotation=[none]]}
2024-05-03T16:22:44,767  INFO Injector:96 
2024-05-03T16:22:44,767  INFO Injector:85 org.matsim.core.controler.IterationCounter 
2024-05-03T16:22:44,767  INFO Injector:86   --> provider: FactoryProxy{key=Key[type=org.matsim.core.controler.IterationCounter, annotation=[none]], provider=com.google.inject.internal.ConstructorBindingImpl$Factory@e91b4f4}
2024-05-03T16:22:44,767  INFO Injector:87   --> source: org.matsim.core.controler.NewControlerModule.install(NewControlerModule.java:38)
2024-05-03T16:22:44,767  INFO Injector:89   --> scope: Scopes.NO_SCOPE
2024-05-03T16:22:44,767  INFO Injector:92   --> target: Key[type=org.matsim.core.controler.MatsimServicesImpl, annotation=[none]]
2024-05-03T16:22:44,767  INFO Injector:94   ==full==> LinkedKeyBinding{key=Key[type=org.matsim.core.controler.IterationCounter, annotation=[none]], source=org.matsim.core.controler.NewControlerModule.install(NewControlerModule.java:38), scope=Scopes.NO_SCOPE, target=Key[type=org.matsim.core.controler.MatsimServicesImpl, annotation=[none]]}
2024-05-03T16:22:44,767  INFO Injector:96 
2024-05-03T16:22:44,767  INFO Injector:85 org.matsim.core.controler.PrepareForSim 
2024-05-03T16:22:44,767  INFO Injector:86   --> provider: FactoryProxy{key=Key[type=org.matsim.core.controler.PrepareForSim, annotation=[none]], provider=com.google.inject.internal.ConstructorBindingImpl$Factory@2ffe243f}
2024-05-03T16:22:44,767  INFO Injector:87   --> source: org.matsim.core.controler.NewControlerModule.install(NewControlerModule.java:42)
2024-05-03T16:22:44,767  INFO Injector:89   --> scope: Scopes.NO_SCOPE
2024-05-03T16:22:44,767  INFO Injector:92   --> target: Key[type=org.matsim.core.controler.PrepareForSimImpl, annotation=[none]]
2024-05-03T16:22:44,767  INFO Injector:94   ==full==> LinkedKeyBinding{key=Key[type=org.matsim.core.controler.PrepareForSim, annotation=[none]], source=org.matsim.core.controler.NewControlerModule.install(NewControlerModule.java:42), scope=Scopes.NO_SCOPE, target=Key[type=org.matsim.core.controler.PrepareForSimImpl, annotation=[none]]}
2024-05-03T16:22:44,768  INFO Injector:96 
2024-05-03T16:22:44,768  INFO Injector:85 org.matsim.core.controler.PrepareForMobsim 
2024-05-03T16:22:44,768  INFO Injector:86   --> provider: FactoryProxy{key=Key[type=org.matsim.core.controler.PrepareForMobsim, annotation=[none]], provider=com.google.inject.internal.ConstructorBindingImpl$Factory@58ae402b}
2024-05-03T16:22:44,768  INFO Injector:87   --> source: org.matsim.core.controler.NewControlerModule.install(NewControlerModule.java:43)
2024-05-03T16:22:44,768  INFO Injector:89   --> scope: Scopes.NO_SCOPE
2024-05-03T16:22:44,768  INFO Injector:92   --> target: Key[type=org.matsim.core.controler.PrepareForMobsimImpl, annotation=[none]]
2024-05-03T16:22:44,768  INFO Injector:94   ==full==> LinkedKeyBinding{key=Key[type=org.matsim.core.controler.PrepareForMobsim, annotation=[none]], source=org.matsim.core.controler.NewControlerModule.install(NewControlerModule.java:43), scope=Scopes.NO_SCOPE, target=Key[type=org.matsim.core.controler.PrepareForMobsimImpl, annotation=[none]]}
2024-05-03T16:22:44,768  INFO Injector:96 
2024-05-03T16:22:44,768  INFO Injector:85 org.matsim.core.controler.corelisteners.PlansScoring 
2024-05-03T16:22:44,769  INFO Injector:86   --> provider: FactoryProxy{key=Key[type=org.matsim.core.controler.corelisteners.PlansScoring, annotation=[none]], provider=com.google.inject.internal.ConstructorBindingImpl$Factory@4099209b[Scopes.SINGLETON]}
2024-05-03T16:22:44,769  INFO Injector:87   --> source: org.matsim.core.scoring.PlansScoringModule.install(PlansScoringModule.java:33)
2024-05-03T16:22:44,769  INFO Injector:89   --> scope: Scopes.NO_SCOPE
2024-05-03T16:22:44,769  INFO Injector:92   --> target: Key[type=org.matsim.core.scoring.PlansScoringImpl, annotation=[none]]
2024-05-03T16:22:44,769  INFO Injector:94   ==full==> LinkedKeyBinding{key=Key[type=org.matsim.core.controler.corelisteners.PlansScoring, annotation=[none]], source=org.matsim.core.scoring.PlansScoringModule.install(PlansScoringModule.java:33), scope=Scopes.NO_SCOPE, target=Key[type=org.matsim.core.scoring.PlansScoringImpl, annotation=[none]]}
2024-05-03T16:22:44,769  INFO Injector:96 
2024-05-03T16:22:44,769  INFO Injector:85 org.matsim.core.scoring.ExperiencedPlansService 
2024-05-03T16:22:44,769  INFO Injector:86   --> provider: FactoryProxy{key=Key[type=org.matsim.core.scoring.ExperiencedPlansService, annotation=[none]], provider=com.google.inject.internal.ConstructorBindingImpl$Factory@43ac0a68}[Scopes.SINGLETON]
2024-05-03T16:22:44,770  INFO Injector:87   --> source: org.matsim.core.scoring.PlansScoringModule.install(PlansScoringModule.java:34)
2024-05-03T16:22:44,770  INFO Injector:89   --> scope: eager singleton
2024-05-03T16:22:44,770  INFO Injector:92   --> target: Key[type=org.matsim.core.scoring.ExperiencedPlansServiceImpl, annotation=[none]]
2024-05-03T16:22:44,770  INFO Injector:94   ==full==> LinkedKeyBinding{key=Key[type=org.matsim.core.scoring.ExperiencedPlansService, annotation=[none]], source=org.matsim.core.scoring.PlansScoringModule.install(PlansScoringModule.java:34), scope=eager singleton, target=Key[type=org.matsim.core.scoring.ExperiencedPlansServiceImpl, annotation=[none]]}
2024-05-03T16:22:44,770  INFO Injector:96 
2024-05-03T16:22:44,770  INFO Injector:85 org.matsim.core.controler.corelisteners.PlansReplanning 
2024-05-03T16:22:44,770  INFO Injector:86   --> provider: FactoryProxy{key=Key[type=org.matsim.core.controler.corelisteners.PlansReplanning, annotation=[none]], provider=com.google.inject.internal.ConstructorBindingImpl$Factory@1dad01fe[Scopes.SINGLETON]}
2024-05-03T16:22:44,771  INFO Injector:87   --> source: org.matsim.core.controler.corelisteners.ControlerDefaultCoreListenersModule.install(ControlerDefaultCoreListenersModule.java:38)
2024-05-03T16:22:44,771  INFO Injector:89   --> scope: Scopes.NO_SCOPE
2024-05-03T16:22:44,771  INFO Injector:92   --> target: Key[type=org.matsim.core.controler.corelisteners.PlansReplanningImpl, annotation=[none]]
2024-05-03T16:22:44,771  INFO Injector:94   ==full==> LinkedKeyBinding{key=Key[type=org.matsim.core.controler.corelisteners.PlansReplanning, annotation=[none]], source=org.matsim.core.controler.corelisteners.ControlerDefaultCoreListenersModule.install(ControlerDefaultCoreListenersModule.java:38), scope=Scopes.NO_SCOPE, target=Key[type=org.matsim.core.controler.corelisteners.PlansReplanningImpl, annotation=[none]]}
2024-05-03T16:22:44,772  INFO Injector:96 
2024-05-03T16:22:44,772  INFO Injector:85 org.matsim.core.controler.corelisteners.PlansDumping 
2024-05-03T16:22:44,772  INFO Injector:86   --> provider: FactoryProxy{key=Key[type=org.matsim.core.controler.corelisteners.PlansDumping, annotation=[none]], provider=com.google.inject.internal.ConstructorBindingImpl$Factory@3728a578[Scopes.SINGLETON]}
2024-05-03T16:22:44,772  INFO Injector:87   --> source: org.matsim.core.controler.corelisteners.ControlerDefaultCoreListenersModule.install(ControlerDefaultCoreListenersModule.java:39)
2024-05-03T16:22:44,772  INFO Injector:89   --> scope: Scopes.NO_SCOPE
2024-05-03T16:22:44,772  INFO Injector:92   --> target: Key[type=org.matsim.core.controler.corelisteners.PlansDumpingImpl, annotation=[none]]
2024-05-03T16:22:44,772  INFO Injector:94   ==full==> LinkedKeyBinding{key=Key[type=org.matsim.core.controler.corelisteners.PlansDumping, annotation=[none]], source=org.matsim.core.controler.corelisteners.ControlerDefaultCoreListenersModule.install(ControlerDefaultCoreListenersModule.java:39), scope=Scopes.NO_SCOPE, target=Key[type=org.matsim.core.controler.corelisteners.PlansDumpingImpl, annotation=[none]]}
2024-05-03T16:22:44,772  INFO Injector:96 
2024-05-03T16:22:44,772  INFO Injector:85 org.matsim.core.controler.corelisteners.EventsHandling 
2024-05-03T16:22:44,774  INFO Injector:86   --> provider: FactoryProxy{key=Key[type=org.matsim.core.controler.corelisteners.EventsHandling, annotation=[none]], provider=com.google.inject.internal.ConstructorBindingImpl$Factory@3e3cd6fe[Scopes.SINGLETON]}
2024-05-03T16:22:44,774  INFO Injector:87   --> source: org.matsim.core.controler.corelisteners.ControlerDefaultCoreListenersModule.install(ControlerDefaultCoreListenersModule.java:40)
2024-05-03T16:22:44,774  INFO Injector:89   --> scope: Scopes.NO_SCOPE
2024-05-03T16:22:44,774  INFO Injector:92   --> target: Key[type=org.matsim.core.controler.corelisteners.EventsHandlingImpl, annotation=[none]]
2024-05-03T16:22:44,774  INFO Injector:94   ==full==> LinkedKeyBinding{key=Key[type=org.matsim.core.controler.corelisteners.EventsHandling, annotation=[none]], source=org.matsim.core.controler.corelisteners.ControlerDefaultCoreListenersModule.install(ControlerDefaultCoreListenersModule.java:40), scope=Scopes.NO_SCOPE, target=Key[type=org.matsim.core.controler.corelisteners.EventsHandlingImpl, annotation=[none]]}
2024-05-03T16:22:44,774  INFO Injector:96 
2024-05-03T16:22:44,774  INFO Injector:85 org.matsim.core.controler.corelisteners.DumpDataAtEnd 
2024-05-03T16:22:44,775  INFO Injector:86   --> provider: FactoryProxy{key=Key[type=org.matsim.core.controler.corelisteners.DumpDataAtEnd, annotation=[none]], provider=com.google.inject.internal.ConstructorBindingImpl$Factory@1de0641b[Scopes.SINGLETON]}
2024-05-03T16:22:44,775  INFO Injector:87   --> source: org.matsim.core.controler.corelisteners.ControlerDefaultCoreListenersModule.install(ControlerDefaultCoreListenersModule.java:41)
2024-05-03T16:22:44,775  INFO Injector:89   --> scope: Scopes.NO_SCOPE
2024-05-03T16:22:44,775  INFO Injector:92   --> target: Key[type=org.matsim.core.controler.corelisteners.DumpDataAtEndImpl, annotation=[none]]
2024-05-03T16:22:44,775  INFO Injector:94   ==full==> LinkedKeyBinding{key=Key[type=org.matsim.core.controler.corelisteners.DumpDataAtEnd, annotation=[none]], source=org.matsim.core.controler.corelisteners.ControlerDefaultCoreListenersModule.install(ControlerDefaultCoreListenersModule.java:41), scope=Scopes.NO_SCOPE, target=Key[type=org.matsim.core.controler.corelisteners.DumpDataAtEndImpl, annotation=[none]]}
2024-05-03T16:22:44,775  INFO Injector:96 
2024-05-03T16:22:44,775  INFO Injector:85 org.matsim.core.api.experimental.events.EventsManager 
2024-05-03T16:22:44,775  INFO Injector:86   --> provider: FactoryProxy{key=Key[type=org.matsim.core.api.experimental.events.EventsManager, annotation=[none]], provider=com.google.inject.internal.ConstructorBindingImpl$Factory@68b734a8}[Scopes.SINGLETON]
2024-05-03T16:22:44,775  INFO Injector:87   --> source: org.matsim.core.events.EventsManagerModule.install(EventsManagerModule.java:46)
2024-05-03T16:22:44,776  INFO Injector:89   --> scope: Scopes.SINGLETON
2024-05-03T16:22:44,776  INFO Injector:92   --> target: Key[type=org.matsim.core.events.SimStepParallelEventsManagerImpl, annotation=[none]]
2024-05-03T16:22:44,776  INFO Injector:94   ==full==> LinkedKeyBinding{key=Key[type=org.matsim.core.api.experimental.events.EventsManager, annotation=[none]], source=org.matsim.core.events.EventsManagerModule.install(EventsManagerModule.java:46), scope=Scopes.SINGLETON, target=Key[type=org.matsim.core.events.SimStepParallelEventsManagerImpl, annotation=[none]]}
2024-05-03T16:22:44,776  INFO Injector:96 
2024-05-03T16:22:44,776  INFO Injector:85 org.matsim.core.mobsim.qsim.components.QSimComponentsConfig 
2024-05-03T16:22:44,777  INFO Injector:86   --> provider: @Provides org.matsim.core.mobsim.qsim.components.QSimComponentsModule.provideDefaultQSimComponentsConfig(QSimComponentsModule.java:34)[Scopes.SINGLETON]
2024-05-03T16:22:44,777  INFO Injector:87   --> source: public org.matsim.core.mobsim.qsim.components.QSimComponentsConfig org.matsim.core.mobsim.qsim.components.QSimComponentsModule.provideDefaultQSimComponentsConfig(org.matsim.core.config.Config)
2024-05-03T16:22:44,777  INFO Injector:89   --> scope: Scopes.SINGLETON
2024-05-03T16:22:44,777  INFO Injector:94   ==full==> ProviderInstanceBinding{key=Key[type=org.matsim.core.mobsim.qsim.components.QSimComponentsConfig, annotation=[none]], source=public org.matsim.core.mobsim.qsim.components.QSimComponentsConfig org.matsim.core.mobsim.qsim.components.QSimComponentsModule.provideDefaultQSimComponentsConfig(org.matsim.core.config.Config), scope=Scopes.SINGLETON, provider=@Provides org.matsim.core.mobsim.qsim.components.QSimComponentsModule.provideDefaultQSimComponentsConfig(QSimComponentsModule.java:34)}
2024-05-03T16:22:44,777  INFO Injector:96 
2024-05-03T16:22:44,778  INFO Injector:85 org.matsim.core.mobsim.qsim.AbstractQSimModule @com.google.inject.internal.Element(setName=,uniqueId=74, type=MULTIBINDER, keyType=)
2024-05-03T16:22:44,778  INFO Injector:86   --> provider: ConstantFactory{value=org.matsim.core.mobsim.qsim.messagequeueengine.MessageQueueModule@1ddc6db2}[Scopes.SINGLETON]
2024-05-03T16:22:44,778  INFO Injector:87   --> source: org.matsim.core.mobsim.qsim.QSimModule.lambda$install$0(QSimModule.java:96)
2024-05-03T16:22:44,778  INFO Injector:89   --> scope: eager singleton
2024-05-03T16:22:44,778  INFO Injector:94   ==full==> InstanceBinding{key=Key[type=org.matsim.core.mobsim.qsim.AbstractQSimModule, annotation=@com.google.inject.internal.Element(setName=,uniqueId=74, type=MULTIBINDER, keyType=)], source=org.matsim.core.mobsim.qsim.QSimModule.lambda$install$0(QSimModule.java:96), instance=org.matsim.core.mobsim.qsim.messagequeueengine.MessageQueueModule@1ddc6db2}
2024-05-03T16:22:44,778  INFO Injector:96 
2024-05-03T16:22:44,778  INFO Injector:85 org.matsim.core.mobsim.qsim.AbstractQSimModule @com.google.inject.internal.Element(setName=,uniqueId=75, type=MULTIBINDER, keyType=)
2024-05-03T16:22:44,778  INFO Injector:86   --> provider: ConstantFactory{value=org.matsim.core.mobsim.qsim.ActivityEngineModule@3cd26422}[Scopes.SINGLETON]
2024-05-03T16:22:44,778  INFO Injector:87   --> source: org.matsim.core.mobsim.qsim.QSimModule.lambda$install$0(QSimModule.java:96)
2024-05-03T16:22:44,778  INFO Injector:89   --> scope: eager singleton
2024-05-03T16:22:44,779  INFO Injector:94   ==full==> InstanceBinding{key=Key[type=org.matsim.core.mobsim.qsim.AbstractQSimModule, annotation=@com.google.inject.internal.Element(setName=,uniqueId=75, type=MULTIBINDER, keyType=)], source=org.matsim.core.mobsim.qsim.QSimModule.lambda$install$0(QSimModule.java:96), instance=org.matsim.core.mobsim.qsim.ActivityEngineModule@3cd26422}
2024-05-03T16:22:44,779  INFO Injector:96 
2024-05-03T16:22:44,779  INFO Injector:85 org.matsim.core.mobsim.qsim.AbstractQSimModule @com.google.inject.internal.Element(setName=,uniqueId=76, type=MULTIBINDER, keyType=)
2024-05-03T16:22:44,779  INFO Injector:86   --> provider: ConstantFactory{value=org.matsim.core.mobsim.qsim.qnetsimengine.QNetsimEngineModule@2eda072}[Scopes.SINGLETON]
2024-05-03T16:22:44,779  INFO Injector:87   --> source: org.matsim.core.mobsim.qsim.QSimModule.lambda$install$0(QSimModule.java:96)
2024-05-03T16:22:44,779  INFO Injector:89   --> scope: eager singleton
2024-05-03T16:22:44,780  INFO Injector:94   ==full==> InstanceBinding{key=Key[type=org.matsim.core.mobsim.qsim.AbstractQSimModule, annotation=@com.google.inject.internal.Element(setName=,uniqueId=76, type=MULTIBINDER, keyType=)], source=org.matsim.core.mobsim.qsim.QSimModule.lambda$install$0(QSimModule.java:96), instance=org.matsim.core.mobsim.qsim.qnetsimengine.QNetsimEngineModule@2eda072}
2024-05-03T16:22:44,780  INFO Injector:96 
2024-05-03T16:22:44,780  INFO Injector:85 org.matsim.core.mobsim.qsim.AbstractQSimModule @com.google.inject.internal.Element(setName=,uniqueId=77, type=MULTIBINDER, keyType=)
2024-05-03T16:22:44,780  INFO Injector:86   --> provider: ConstantFactory{value=org.matsim.core.mobsim.qsim.TeleportationModule@3fa21d49}[Scopes.SINGLETON]
2024-05-03T16:22:44,780  INFO Injector:87   --> source: org.matsim.core.mobsim.qsim.QSimModule.lambda$install$0(QSimModule.java:96)
2024-05-03T16:22:44,780  INFO Injector:89   --> scope: eager singleton
2024-05-03T16:22:44,780  INFO Injector:94   ==full==> InstanceBinding{key=Key[type=org.matsim.core.mobsim.qsim.AbstractQSimModule, annotation=@com.google.inject.internal.Element(setName=,uniqueId=77, type=MULTIBINDER, keyType=)], source=org.matsim.core.mobsim.qsim.QSimModule.lambda$install$0(QSimModule.java:96), instance=org.matsim.core.mobsim.qsim.TeleportationModule@3fa21d49}
2024-05-03T16:22:44,780  INFO Injector:96 
2024-05-03T16:22:44,781  INFO Injector:85 org.matsim.core.mobsim.qsim.AbstractQSimModule @com.google.inject.internal.Element(setName=,uniqueId=78, type=MULTIBINDER, keyType=)
2024-05-03T16:22:44,781  INFO Injector:86   --> provider: ConstantFactory{value=org.matsim.core.mobsim.qsim.PopulationModule@416d56f2}[Scopes.SINGLETON]
2024-05-03T16:22:44,781  INFO Injector:87   --> source: org.matsim.core.mobsim.qsim.QSimModule.lambda$install$0(QSimModule.java:96)
2024-05-03T16:22:44,781  INFO Injector:89   --> scope: eager singleton
2024-05-03T16:22:44,781  INFO Injector:94   ==full==> InstanceBinding{key=Key[type=org.matsim.core.mobsim.qsim.AbstractQSimModule, annotation=@com.google.inject.internal.Element(setName=,uniqueId=78, type=MULTIBINDER, keyType=)], source=org.matsim.core.mobsim.qsim.QSimModule.lambda$install$0(QSimModule.java:96), instance=org.matsim.core.mobsim.qsim.PopulationModule@416d56f2}
2024-05-03T16:22:44,781  INFO Injector:96 
2024-05-03T16:22:44,781  INFO Injector:85 org.matsim.core.mobsim.qsim.AbstractQSimModule @com.google.inject.internal.Element(setName=,uniqueId=79, type=MULTIBINDER, keyType=)
2024-05-03T16:22:44,782  INFO Injector:86   --> provider: ConstantFactory{value=org.matsim.core.mobsim.qsim.changeeventsengine.NetworkChangeEventsModule@6e31d989}[Scopes.SINGLETON]
2024-05-03T16:22:44,782  INFO Injector:87   --> source: org.matsim.core.mobsim.qsim.QSimModule.lambda$install$0(QSimModule.java:96)
2024-05-03T16:22:44,782  INFO Injector:89   --> scope: eager singleton
2024-05-03T16:22:44,782  INFO Injector:94   ==full==> InstanceBinding{key=Key[type=org.matsim.core.mobsim.qsim.AbstractQSimModule, annotation=@com.google.inject.internal.Element(setName=,uniqueId=79, type=MULTIBINDER, keyType=)], source=org.matsim.core.mobsim.qsim.QSimModule.lambda$install$0(QSimModule.java:96), instance=org.matsim.core.mobsim.qsim.changeeventsengine.NetworkChangeEventsModule@6e31d989}
2024-05-03T16:22:44,782  INFO Injector:96 
2024-05-03T16:22:44,782  INFO Injector:85 org.matsim.core.mobsim.qsim.AbstractQSimModule @com.google.inject.internal.Element(setName=,uniqueId=80, type=MULTIBINDER, keyType=)
2024-05-03T16:22:44,782  INFO Injector:86   --> provider: ConstantFactory{value=org.matsim.core.mobsim.qsim.pt.TransitEngineModule@1b01a0d}[Scopes.SINGLETON]
2024-05-03T16:22:44,782  INFO Injector:87   --> source: org.matsim.core.mobsim.qsim.QSimModule.lambda$install$0(QSimModule.java:96)
2024-05-03T16:22:44,783  INFO Injector:89   --> scope: eager singleton
2024-05-03T16:22:44,783  INFO Injector:94   ==full==> InstanceBinding{key=Key[type=org.matsim.core.mobsim.qsim.AbstractQSimModule, annotation=@com.google.inject.internal.Element(setName=,uniqueId=80, type=MULTIBINDER, keyType=)], source=org.matsim.core.mobsim.qsim.QSimModule.lambda$install$0(QSimModule.java:96), instance=org.matsim.core.mobsim.qsim.pt.TransitEngineModule@1b01a0d}
2024-05-03T16:22:44,783  INFO Injector:96 
2024-05-03T16:22:44,783  INFO Injector:85 org.matsim.core.mobsim.framework.Mobsim 
2024-05-03T16:22:44,783  INFO Injector:86   --> provider: Key[type=org.matsim.core.mobsim.qsim.QSimProvider, annotation=[none]]
2024-05-03T16:22:44,783  INFO Injector:87   --> source: org.matsim.core.mobsim.qsim.QSimModule.install(QSimModule.java:112)
2024-05-03T16:22:44,783  INFO Injector:89   --> scope: Scopes.NO_SCOPE
2024-05-03T16:22:44,783  INFO Injector:94   ==full==> ProviderKeyBinding{key=Key[type=org.matsim.core.mobsim.framework.Mobsim, annotation=[none]], source=org.matsim.core.mobsim.qsim.QSimModule.install(QSimModule.java:112), scope=Scopes.NO_SCOPE, provider=Key[type=org.matsim.core.mobsim.qsim.QSimProvider, annotation=[none]]}
2024-05-03T16:22:44,783  INFO Injector:96 
2024-05-03T16:22:44,783  INFO Injector:85 org.matsim.core.controler.listener.ControlerListener @com.google.inject.internal.Element(setName=,uniqueId=81, type=MULTIBINDER, keyType=)
2024-05-03T16:22:44,784  INFO Injector:86   --> provider: FactoryProxy{key=Key[type=org.matsim.core.controler.listener.ControlerListener, annotation=@com.google.inject.internal.Element(setName=,uniqueId=81, type=MULTIBINDER, keyType=)], provider=com.google.inject.internal.ConstructorBindingImpl$Factory@5ccb85d6[Scopes.SINGLETON]}
2024-05-03T16:22:44,784  INFO Injector:87   --> source: org.matsim.core.events.MobsimScopeEventHandlingModule.install(MobsimScopeEventHandlingModule.java:39)
2024-05-03T16:22:44,785  INFO Injector:89   --> scope: Scopes.NO_SCOPE
2024-05-03T16:22:44,785  INFO Injector:92   --> target: Key[type=org.matsim.core.events.MobsimScopeEventHandling, annotation=[none]]
2024-05-03T16:22:44,785  INFO Injector:94   ==full==> LinkedKeyBinding{key=Key[type=org.matsim.core.controler.listener.ControlerListener, annotation=@com.google.inject.internal.Element(setName=,uniqueId=81, type=MULTIBINDER, keyType=)], source=org.matsim.core.events.MobsimScopeEventHandlingModule.install(MobsimScopeEventHandlingModule.java:39), scope=Scopes.NO_SCOPE, target=Key[type=org.matsim.core.events.MobsimScopeEventHandling, annotation=[none]]}
2024-05-03T16:22:44,785  INFO Injector:96 
2024-05-03T16:22:44,785  INFO Injector:85 org.matsim.core.mobsim.qsim.AbstractQSimModule @com.google.inject.internal.Element(setName=,uniqueId=82, type=MULTIBINDER, keyType=)
2024-05-03T16:22:44,785  INFO Injector:86   --> provider: ConstantFactory{value=org.matsim.core.events.MobsimScopeEventHandlingModule$1@2ed71727}[Scopes.SINGLETON]
2024-05-03T16:22:44,785  INFO Injector:87   --> source: org.matsim.core.events.MobsimScopeEventHandlingModule.install(MobsimScopeEventHandlingModule.java:41)
2024-05-03T16:22:44,785  INFO Injector:89   --> scope: eager singleton
2024-05-03T16:22:44,786  INFO Injector:94   ==full==> InstanceBinding{key=Key[type=org.matsim.core.mobsim.qsim.AbstractQSimModule, annotation=@com.google.inject.internal.Element(setName=,uniqueId=82, type=MULTIBINDER, keyType=)], source=org.matsim.core.events.MobsimScopeEventHandlingModule.install(MobsimScopeEventHandlingModule.java:41), instance=org.matsim.core.events.MobsimScopeEventHandlingModule$1@2ed71727}
2024-05-03T16:22:44,786  INFO Injector:96 
2024-05-03T16:22:44,786  INFO Injector:85 org.matsim.core.trafficmonitoring.TravelTimeCalculator @com.google.inject.name.Named("car")
2024-05-03T16:22:44,786  INFO Injector:86   --> provider: org.matsim.core.trafficmonitoring.TravelTimeCalculatorModule$SingleModeTravelTimeCalculatorProvider@12a2585b[Scopes.SINGLETON]
2024-05-03T16:22:44,787  INFO Injector:87   --> source: org.matsim.core.trafficmonitoring.TravelTimeCalculatorModule.install(TravelTimeCalculatorModule.java:66)
2024-05-03T16:22:44,787  INFO Injector:89   --> scope: Scopes.SINGLETON
2024-05-03T16:22:44,787  INFO Injector:94   ==full==> ProviderInstanceBinding{key=Key[type=org.matsim.core.trafficmonitoring.TravelTimeCalculator, annotation=@com.google.inject.name.Named("car")], source=org.matsim.core.trafficmonitoring.TravelTimeCalculatorModule.install(TravelTimeCalculatorModule.java:66), scope=Scopes.SINGLETON, provider=org.matsim.core.trafficmonitoring.TravelTimeCalculatorModule$SingleModeTravelTimeCalculatorProvider@12a2585b}
2024-05-03T16:22:44,787  INFO Injector:96 
2024-05-03T16:22:44,787  INFO Injector:85 org.matsim.core.router.util.TravelTime @com.google.inject.name.Named("car")
2024-05-03T16:22:44,788  INFO Injector:86   --> provider: org.matsim.core.trafficmonitoring.TravelTimeCalculatorModule$1@1e692555[Scopes.SINGLETON]
2024-05-03T16:22:44,788  INFO Injector:87   --> source: org.matsim.core.trafficmonitoring.TravelTimeCalculatorModule.install(TravelTimeCalculatorModule.java:69)
2024-05-03T16:22:44,788  INFO Injector:89   --> scope: Scopes.SINGLETON
2024-05-03T16:22:44,788  INFO Injector:94   ==full==> ProviderInstanceBinding{key=Key[type=org.matsim.core.router.util.TravelTime, annotation=@com.google.inject.name.Named("car")], source=org.matsim.core.trafficmonitoring.TravelTimeCalculatorModule.install(TravelTimeCalculatorModule.java:69), scope=Scopes.SINGLETON, provider=org.matsim.core.trafficmonitoring.TravelTimeCalculatorModule$1@1e692555}
2024-05-03T16:22:44,788  INFO Injector:96 
2024-05-03T16:22:44,789  INFO Injector:85 org.matsim.core.router.costcalculators.TravelDisutilityFactory @com.google.inject.name.Named("car")
2024-05-03T16:22:44,789  INFO Injector:86   --> provider: ConstantFactory{value=org.matsim.core.router.costcalculators.RandomizingTimeDistanceTravelDisutilityFactory@d88f893}[Scopes.SINGLETON]
2024-05-03T16:22:44,789  INFO Injector:87   --> source: org.matsim.core.router.costcalculators.TravelDisutilityModule.install(TravelDisutilityModule.java:37)
2024-05-03T16:22:44,789  INFO Injector:89   --> scope: eager singleton
2024-05-03T16:22:44,790  INFO Injector:94   ==full==> InstanceBinding{key=Key[type=org.matsim.core.router.costcalculators.TravelDisutilityFactory, annotation=@com.google.inject.name.Named("car")], source=org.matsim.core.router.costcalculators.TravelDisutilityModule.install(TravelDisutilityModule.java:37), instance=org.matsim.core.router.costcalculators.RandomizingTimeDistanceTravelDisutilityFactory@d88f893}
2024-05-03T16:22:44,790  INFO Injector:96 
2024-05-03T16:22:44,790  INFO Injector:85 org.matsim.core.scoring.ScoringFunctionFactory 
2024-05-03T16:22:44,790  INFO Injector:86   --> provider: FactoryProxy{key=Key[type=org.matsim.core.scoring.ScoringFunctionFactory, annotation=[none]], provider=com.google.inject.internal.ConstructorBindingImpl$Factory@259b85d6}
2024-05-03T16:22:44,790  INFO Injector:87   --> source: org.matsim.core.scoring.functions.CharyparNagelScoringFunctionModule.install(CharyparNagelScoringFunctionModule.java:37)
2024-05-03T16:22:44,790  INFO Injector:89   --> scope: Scopes.NO_SCOPE
2024-05-03T16:22:44,790  INFO Injector:92   --> target: Key[type=org.matsim.core.scoring.functions.CharyparNagelScoringFunctionFactory, annotation=[none]]
2024-05-03T16:22:44,790  INFO Injector:94   ==full==> LinkedKeyBinding{key=Key[type=org.matsim.core.scoring.ScoringFunctionFactory, annotation=[none]], source=org.matsim.core.scoring.functions.CharyparNagelScoringFunctionModule.install(CharyparNagelScoringFunctionModule.java:37), scope=Scopes.NO_SCOPE, target=Key[type=org.matsim.core.scoring.functions.CharyparNagelScoringFunctionFactory, annotation=[none]]}
2024-05-03T16:22:44,791  INFO Injector:96 
2024-05-03T16:22:44,791  INFO Injector:85 org.matsim.core.scoring.functions.ScoringParametersForPerson 
2024-05-03T16:22:44,791  INFO Injector:86   --> provider: FactoryProxy{key=Key[type=org.matsim.core.scoring.functions.ScoringParametersForPerson, annotation=[none]], provider=com.google.inject.internal.ConstructorBindingImpl$Factory@48eaf42f}
2024-05-03T16:22:44,791  INFO Injector:87   --> source: org.matsim.core.scoring.functions.CharyparNagelScoringFunctionModule.install(CharyparNagelScoringFunctionModule.java:38)
2024-05-03T16:22:44,791  INFO Injector:89   --> scope: Scopes.NO_SCOPE
2024-05-03T16:22:44,791  INFO Injector:92   --> target: Key[type=org.matsim.core.scoring.functions.SubpopulationScoringParameters, annotation=[none]]
2024-05-03T16:22:44,791  INFO Injector:94   ==full==> LinkedKeyBinding{key=Key[type=org.matsim.core.scoring.functions.ScoringParametersForPerson, annotation=[none]], source=org.matsim.core.scoring.functions.CharyparNagelScoringFunctionModule.install(CharyparNagelScoringFunctionModule.java:38), scope=Scopes.NO_SCOPE, target=Key[type=org.matsim.core.scoring.functions.SubpopulationScoringParameters, annotation=[none]]}
2024-05-03T16:22:44,791  INFO Injector:96 
2024-05-03T16:22:44,792  INFO Injector:85 org.matsim.core.router.MainModeIdentifier 
2024-05-03T16:22:44,792  INFO Injector:86   --> provider: FactoryProxy{key=Key[type=org.matsim.core.router.MainModeIdentifier, annotation=[none]], provider=com.google.inject.internal.ConstructorBindingImpl$Factory@488f3dd1}
2024-05-03T16:22:44,792  INFO Injector:87   --> source: org.matsim.core.router.TripRouterModule.install(TripRouterModule.java:42)
2024-05-03T16:22:44,792  INFO Injector:89   --> scope: Scopes.NO_SCOPE
2024-05-03T16:22:44,792  INFO Injector:92   --> target: Key[type=org.matsim.core.router.MainModeIdentifierImpl, annotation=[none]]
2024-05-03T16:22:44,792  INFO Injector:94   ==full==> LinkedKeyBinding{key=Key[type=org.matsim.core.router.MainModeIdentifier, annotation=[none]], source=org.matsim.core.router.TripRouterModule.install(TripRouterModule.java:42), scope=Scopes.NO_SCOPE, target=Key[type=org.matsim.core.router.MainModeIdentifierImpl, annotation=[none]]}
2024-05-03T16:22:44,792  INFO Injector:96 
2024-05-03T16:22:44,792  INFO Injector:85 org.matsim.core.router.AnalysisMainModeIdentifier 
2024-05-03T16:22:44,792  INFO Injector:86   --> provider: FactoryProxy{key=Key[type=org.matsim.core.router.AnalysisMainModeIdentifier, annotation=[none]], provider=com.google.inject.internal.ConstructorBindingImpl$Factory@2091833}
2024-05-03T16:22:44,792  INFO Injector:87   --> source: org.matsim.core.router.TripRouterModule.install(TripRouterModule.java:43)
2024-05-03T16:22:44,793  INFO Injector:89   --> scope: Scopes.NO_SCOPE
2024-05-03T16:22:44,793  INFO Injector:92   --> target: Key[type=org.matsim.core.router.RoutingModeMainModeIdentifier, annotation=[none]]
2024-05-03T16:22:44,793  INFO Injector:94   ==full==> LinkedKeyBinding{key=Key[type=org.matsim.core.router.AnalysisMainModeIdentifier, annotation=[none]], source=org.matsim.core.router.TripRouterModule.install(TripRouterModule.java:43), scope=Scopes.NO_SCOPE, target=Key[type=org.matsim.core.router.RoutingModeMainModeIdentifier, annotation=[none]]}
2024-05-03T16:22:44,793  INFO Injector:96 
2024-05-03T16:22:44,793  INFO Injector:85 org.matsim.core.router.MultimodalLinkChooser 
2024-05-03T16:22:44,793  INFO Injector:86   --> provider: FactoryProxy{key=Key[type=org.matsim.core.router.MultimodalLinkChooser, annotation=[none]], provider=com.google.inject.internal.ConstructorBindingImpl$Factory@7bc58891}
2024-05-03T16:22:44,793  INFO Injector:87   --> source: org.matsim.core.router.TripRouterModule.install(TripRouterModule.java:45)
2024-05-03T16:22:44,793  INFO Injector:89   --> scope: Scopes.NO_SCOPE
2024-05-03T16:22:44,793  INFO Injector:92   --> target: Key[type=org.matsim.core.router.MultimodalLinkChooserDefaultImpl, annotation=[none]]
2024-05-03T16:22:44,793  INFO Injector:94   ==full==> LinkedKeyBinding{key=Key[type=org.matsim.core.router.MultimodalLinkChooser, annotation=[none]], source=org.matsim.core.router.TripRouterModule.install(TripRouterModule.java:45), scope=Scopes.NO_SCOPE, target=Key[type=org.matsim.core.router.MultimodalLinkChooserDefaultImpl, annotation=[none]]}
2024-05-03T16:22:44,793  INFO Injector:96 
2024-05-03T16:22:44,793  INFO Injector:85 org.matsim.core.router.util.LeastCostPathCalculatorFactory 
2024-05-03T16:22:44,793  INFO Injector:86   --> provider: FactoryProxy{key=Key[type=org.matsim.core.router.util.LeastCostPathCalculatorFactory, annotation=[none]], provider=com.google.inject.internal.ConstructorBindingImpl$Factory@6411504a[Scopes.SINGLETON]}
2024-05-03T16:22:44,793  INFO Injector:87   --> source: org.matsim.core.router.LeastCostPathCalculatorModule.install(LeastCostPathCalculatorModule.java:43)
2024-05-03T16:22:44,793  INFO Injector:89   --> scope: Scopes.NO_SCOPE
2024-05-03T16:22:44,793  INFO Injector:92   --> target: Key[type=org.matsim.core.router.AStarLandmarksFactory, annotation=[none]]
2024-05-03T16:22:44,793  INFO Injector:94   ==full==> LinkedKeyBinding{key=Key[type=org.matsim.core.router.util.LeastCostPathCalculatorFactory, annotation=[none]], source=org.matsim.core.router.LeastCostPathCalculatorModule.install(LeastCostPathCalculatorModule.java:43), scope=Scopes.NO_SCOPE, target=Key[type=org.matsim.core.router.AStarLandmarksFactory, annotation=[none]]}
2024-05-03T16:22:44,794  INFO Injector:96 
2024-05-03T16:22:44,794  INFO Injector:85 org.matsim.core.router.RoutingModule @com.google.inject.name.Named("ride")
2024-05-03T16:22:44,794  INFO Injector:86   --> provider: org.matsim.core.router.FreespeedFactorRouting@3ba0ae41
2024-05-03T16:22:44,794  INFO Injector:87   --> source: org.matsim.core.router.TripRouterModule.install(TripRouterModule.java:57)
2024-05-03T16:22:44,794  INFO Injector:89   --> scope: Scopes.NO_SCOPE
2024-05-03T16:22:44,795  INFO Injector:94   ==full==> ProviderInstanceBinding{key=Key[type=org.matsim.core.router.RoutingModule, annotation=@com.google.inject.name.Named("ride")], source=org.matsim.core.router.TripRouterModule.install(TripRouterModule.java:57), scope=Scopes.NO_SCOPE, provider=org.matsim.core.router.FreespeedFactorRouting@3ba0ae41}
2024-05-03T16:22:44,795  INFO Injector:96 
2024-05-03T16:22:44,795  INFO Injector:85 org.matsim.core.router.RoutingModule @com.google.inject.name.Named("pt")
2024-05-03T16:22:44,796  INFO Injector:86   --> provider: org.matsim.core.router.FreespeedFactorRouting@76fe6cdc
2024-05-03T16:22:44,796  INFO Injector:87   --> source: org.matsim.core.router.TripRouterModule.install(TripRouterModule.java:57)
2024-05-03T16:22:44,796  INFO Injector:89   --> scope: Scopes.NO_SCOPE
2024-05-03T16:22:44,798  INFO Injector:94   ==full==> ProviderInstanceBinding{key=Key[type=org.matsim.core.router.RoutingModule, annotation=@com.google.inject.name.Named("pt")], source=org.matsim.core.router.TripRouterModule.install(TripRouterModule.java:57), scope=Scopes.NO_SCOPE, provider=org.matsim.core.router.FreespeedFactorRouting@76fe6cdc}
2024-05-03T16:22:44,799  INFO Injector:96 
2024-05-03T16:22:44,799  INFO Injector:85 org.matsim.core.router.RoutingModule @com.google.inject.name.Named("bike")
2024-05-03T16:22:44,800  INFO Injector:86   --> provider: org.matsim.core.router.BeelineTeleportationRouting@2ffb3aec
2024-05-03T16:22:44,800  INFO Injector:87   --> source: org.matsim.core.router.TripRouterModule.install(TripRouterModule.java:60)
2024-05-03T16:22:44,801  INFO Injector:89   --> scope: Scopes.NO_SCOPE
2024-05-03T16:22:44,801  INFO Injector:94   ==full==> ProviderInstanceBinding{key=Key[type=org.matsim.core.router.RoutingModule, annotation=@com.google.inject.name.Named("bike")], source=org.matsim.core.router.TripRouterModule.install(TripRouterModule.java:60), scope=Scopes.NO_SCOPE, provider=org.matsim.core.router.BeelineTeleportationRouting@2ffb3aec}
2024-05-03T16:22:44,801  INFO Injector:96 
2024-05-03T16:22:44,801  INFO Injector:85 org.matsim.core.router.RoutingModule @com.google.inject.name.Named("walk")
2024-05-03T16:22:44,802  INFO Injector:86   --> provider: org.matsim.core.router.BeelineTeleportationRouting@786ff1cb
2024-05-03T16:22:44,802  INFO Injector:87   --> source: org.matsim.core.router.TripRouterModule.install(TripRouterModule.java:60)
2024-05-03T16:22:44,802  INFO Injector:89   --> scope: Scopes.NO_SCOPE
2024-05-03T16:22:44,802  INFO Injector:94   ==full==> ProviderInstanceBinding{key=Key[type=org.matsim.core.router.RoutingModule, annotation=@com.google.inject.name.Named("walk")], source=org.matsim.core.router.TripRouterModule.install(TripRouterModule.java:60), scope=Scopes.NO_SCOPE, provider=org.matsim.core.router.BeelineTeleportationRouting@786ff1cb}
2024-05-03T16:22:44,802  INFO Injector:96 
2024-05-03T16:22:44,803  INFO Injector:85 org.matsim.core.router.RoutingModule @com.google.inject.name.Named("non_network_walk")
2024-05-03T16:22:44,804  INFO Injector:86   --> provider: org.matsim.core.router.BeelineTeleportationRouting@46039a21
2024-05-03T16:22:44,806  INFO Injector:87   --> source: org.matsim.core.router.TripRouterModule.install(TripRouterModule.java:60)
2024-05-03T16:22:44,807  INFO Injector:89   --> scope: Scopes.NO_SCOPE
2024-05-03T16:22:44,809  INFO Injector:94   ==full==> ProviderInstanceBinding{key=Key[type=org.matsim.core.router.RoutingModule, annotation=@com.google.inject.name.Named("non_network_walk")], source=org.matsim.core.router.TripRouterModule.install(TripRouterModule.java:60), scope=Scopes.NO_SCOPE, provider=org.matsim.core.router.BeelineTeleportationRouting@46039a21}
2024-05-03T16:22:44,810  INFO Injector:96 
2024-05-03T16:22:44,810  INFO Injector:85 org.matsim.core.router.RoutingModule @com.google.inject.name.Named("car")
2024-05-03T16:22:44,810  INFO Injector:86   --> provider: org.matsim.core.router.NetworkRoutingProvider@431e86b1
2024-05-03T16:22:44,810  INFO Injector:87   --> source: org.matsim.core.router.TripRouterModule.install(TripRouterModule.java:68)
2024-05-03T16:22:44,811  INFO Injector:89   --> scope: Scopes.NO_SCOPE
2024-05-03T16:22:44,811  INFO Injector:94   ==full==> ProviderInstanceBinding{key=Key[type=org.matsim.core.router.RoutingModule, annotation=@com.google.inject.name.Named("car")], source=org.matsim.core.router.TripRouterModule.install(TripRouterModule.java:68), scope=Scopes.NO_SCOPE, provider=org.matsim.core.router.NetworkRoutingProvider@431e86b1}
2024-05-03T16:22:44,811  INFO Injector:96 
2024-05-03T16:22:44,811  INFO Injector:85 org.matsim.core.router.FallbackRoutingModule 
2024-05-03T16:22:44,811  INFO Injector:86   --> provider: FactoryProxy{key=Key[type=org.matsim.core.router.FallbackRoutingModule, annotation=[none]], provider=com.google.inject.internal.ConstructorBindingImpl$Factory@554188ac}
2024-05-03T16:22:44,812  INFO Injector:87   --> source: org.matsim.core.router.TripRouterModule.install(TripRouterModule.java:80)
2024-05-03T16:22:44,812  INFO Injector:89   --> scope: Scopes.NO_SCOPE
2024-05-03T16:22:44,812  INFO Injector:92   --> target: Key[type=org.matsim.core.router.FallbackRoutingModuleDefaultImpl, annotation=[none]]
2024-05-03T16:22:44,812  INFO Injector:94   ==full==> LinkedKeyBinding{key=Key[type=org.matsim.core.router.FallbackRoutingModule, annotation=[none]], source=org.matsim.core.router.TripRouterModule.install(TripRouterModule.java:80), scope=Scopes.NO_SCOPE, target=Key[type=org.matsim.core.router.FallbackRoutingModuleDefaultImpl, annotation=[none]]}
2024-05-03T16:22:44,812  INFO Injector:96 
2024-05-03T16:22:44,813  INFO Injector:85 org.matsim.core.replanning.selectors.PlanSelector<org.matsim.api.core.v01.population.Plan, org.matsim.api.core.v01.population.Person> 
2024-05-03T16:22:44,813  INFO Injector:86   --> provider: FactoryProxy{key=Key[type=org.matsim.core.replanning.selectors.PlanSelector<org.matsim.api.core.v01.population.Plan, org.matsim.api.core.v01.population.Person>, annotation=[none]], provider=com.google.inject.internal.ConstructorBindingImpl$Factory@1f43cab7}
2024-05-03T16:22:44,813  INFO Injector:87   --> source: org.matsim.core.replanning.strategies.DefaultPlanStrategiesModule.install(DefaultPlanStrategiesModule.java:55)
2024-05-03T16:22:44,813  INFO Injector:89   --> scope: Scopes.NO_SCOPE
2024-05-03T16:22:44,813  INFO Injector:92   --> target: Key[type=org.matsim.core.replanning.selectors.WorstPlanForRemovalSelector, annotation=[none]]
2024-05-03T16:22:44,813  INFO Injector:94   ==full==> LinkedKeyBinding{key=Key[type=org.matsim.core.replanning.selectors.PlanSelector<org.matsim.api.core.v01.population.Plan, org.matsim.api.core.v01.population.Person>, annotation=[none]], source=org.matsim.core.replanning.strategies.DefaultPlanStrategiesModule.install(DefaultPlanStrategiesModule.java:55), scope=Scopes.NO_SCOPE, target=Key[type=org.matsim.core.replanning.selectors.WorstPlanForRemovalSelector, annotation=[none]]}
2024-05-03T16:22:44,813  INFO Injector:96 
2024-05-03T16:22:44,813  INFO Injector:85 org.matsim.core.replanning.PlanStrategy @com.google.inject.name.Named("BestScore")
2024-05-03T16:22:44,813  INFO Injector:86   --> provider: Key[type=org.matsim.core.replanning.strategies.SelectBest, annotation=[none]]
2024-05-03T16:22:44,814  INFO Injector:87   --> source: org.matsim.core.replanning.strategies.DefaultPlanStrategiesModule.install(DefaultPlanStrategiesModule.java:85)
2024-05-03T16:22:44,814  INFO Injector:89   --> scope: Scopes.NO_SCOPE
2024-05-03T16:22:44,814  INFO Injector:94   ==full==> ProviderKeyBinding{key=Key[type=org.matsim.core.replanning.PlanStrategy, annotation=@com.google.inject.name.Named("BestScore")], source=org.matsim.core.replanning.strategies.DefaultPlanStrategiesModule.install(DefaultPlanStrategiesModule.java:85), scope=Scopes.NO_SCOPE, provider=Key[type=org.matsim.core.replanning.strategies.SelectBest, annotation=[none]]}
2024-05-03T16:22:44,814  INFO Injector:96 
2024-05-03T16:22:44,814  INFO Injector:85 org.matsim.core.replanning.PlanStrategy @com.google.inject.name.Named("ReRoute")
2024-05-03T16:22:44,814  INFO Injector:86   --> provider: Key[type=org.matsim.core.replanning.strategies.ReRoute, annotation=[none]]
2024-05-03T16:22:44,815  INFO Injector:87   --> source: org.matsim.core.replanning.strategies.DefaultPlanStrategiesModule.install(DefaultPlanStrategiesModule.java:104)
2024-05-03T16:22:44,815  INFO Injector:89   --> scope: Scopes.NO_SCOPE
2024-05-03T16:22:44,815  INFO Injector:94   ==full==> ProviderKeyBinding{key=Key[type=org.matsim.core.replanning.PlanStrategy, annotation=@com.google.inject.name.Named("ReRoute")], source=org.matsim.core.replanning.strategies.DefaultPlanStrategiesModule.install(DefaultPlanStrategiesModule.java:104), scope=Scopes.NO_SCOPE, provider=Key[type=org.matsim.core.replanning.strategies.ReRoute, annotation=[none]]}
2024-05-03T16:22:44,815  INFO Injector:96 
2024-05-03T16:22:44,815  INFO Injector:85 org.matsim.core.replanning.choosers.StrategyChooser<org.matsim.api.core.v01.population.Plan, org.matsim.api.core.v01.population.Person> 
2024-05-03T16:22:44,816  INFO Injector:86   --> provider: FactoryProxy{key=Key[type=org.matsim.core.replanning.choosers.StrategyChooser<org.matsim.api.core.v01.population.Plan, org.matsim.api.core.v01.population.Person>, annotation=[none]], provider=com.google.inject.internal.ConstructorBindingImpl$Factory@481558ce}[Scopes.SINGLETON]
2024-05-03T16:22:44,816  INFO Injector:87   --> source: org.matsim.core.replanning.StrategyManagerModule.install(StrategyManagerModule.java:55)
2024-05-03T16:22:44,816  INFO Injector:89   --> scope: eager singleton
2024-05-03T16:22:44,816  INFO Injector:92   --> target: Key[type=org.matsim.core.replanning.choosers.WeightedStrategyChooser<org.matsim.api.core.v01.population.Plan, org.matsim.api.core.v01.population.Person>, annotation=[none]]
2024-05-03T16:22:44,816  INFO Injector:94   ==full==> LinkedKeyBinding{key=Key[type=org.matsim.core.replanning.choosers.StrategyChooser<org.matsim.api.core.v01.population.Plan, org.matsim.api.core.v01.population.Person>, annotation=[none]], source=org.matsim.core.replanning.StrategyManagerModule.install(StrategyManagerModule.java:55), scope=eager singleton, target=Key[type=org.matsim.core.replanning.choosers.WeightedStrategyChooser<org.matsim.api.core.v01.population.Plan, org.matsim.api.core.v01.population.Person>, annotation=[none]]}
2024-05-03T16:22:44,816  INFO Injector:96 
2024-05-03T16:22:44,816  INFO Injector:85 org.matsim.core.replanning.ReplanningContext 
2024-05-03T16:22:44,816  INFO Injector:86   --> provider: FactoryProxy{key=Key[type=org.matsim.core.replanning.ReplanningContext, annotation=[none]], provider=com.google.inject.internal.ConstructorBindingImpl$Factory@2668c286[Scopes.SINGLETON]}[Scopes.SINGLETON]
2024-05-03T16:22:44,817  INFO Injector:87   --> source: org.matsim.core.replanning.StrategyManagerModule.install(StrategyManagerModule.java:56)
2024-05-03T16:22:44,817  INFO Injector:89   --> scope: eager singleton
2024-05-03T16:22:44,817  INFO Injector:92   --> target: Key[type=org.matsim.core.replanning.ReplanningContextImpl, annotation=[none]]
2024-05-03T16:22:44,817  INFO Injector:94   ==full==> LinkedKeyBinding{key=Key[type=org.matsim.core.replanning.ReplanningContext, annotation=[none]], source=org.matsim.core.replanning.StrategyManagerModule.install(StrategyManagerModule.java:56), scope=eager singleton, target=Key[type=org.matsim.core.replanning.ReplanningContextImpl, annotation=[none]]}
2024-05-03T16:22:44,817  INFO Injector:96 
2024-05-03T16:22:44,817  INFO Injector:85 org.matsim.core.replanning.PlanStrategy @com.google.inject.internal.Element(setName=,uniqueId=83, type=MAPBINDER, keyType=org.matsim.core.config.groups.StrategyConfigGroup$StrategySettings)
2024-05-03T16:22:44,817  INFO Injector:86   --> provider: FactoryProxy{key=Key[type=org.matsim.core.replanning.PlanStrategy, annotation=@com.google.inject.internal.Element(setName=,uniqueId=83, type=MAPBINDER, keyType=org.matsim.core.config.groups.StrategyConfigGroup$StrategySettings)], provider=Key[type=org.matsim.core.replanning.strategies.SelectBest, annotation=[none]]}
2024-05-03T16:22:44,818  INFO Injector:87   --> source: org.matsim.core.replanning.StrategyManagerModule.install(StrategyManagerModule.java:91)
2024-05-03T16:22:44,818  INFO Injector:89   --> scope: Scopes.NO_SCOPE
2024-05-03T16:22:44,818  INFO Injector:92   --> target: Key[type=org.matsim.core.replanning.PlanStrategy, annotation=@com.google.inject.name.Named("BestScore")]
2024-05-03T16:22:44,818  INFO Injector:94   ==full==> LinkedKeyBinding{key=Key[type=org.matsim.core.replanning.PlanStrategy, annotation=@com.google.inject.internal.Element(setName=,uniqueId=83, type=MAPBINDER, keyType=org.matsim.core.config.groups.StrategyConfigGroup$StrategySettings)], source=org.matsim.core.replanning.StrategyManagerModule.install(StrategyManagerModule.java:91), scope=Scopes.NO_SCOPE, target=Key[type=org.matsim.core.replanning.PlanStrategy, annotation=@com.google.inject.name.Named("BestScore")]}
2024-05-03T16:22:44,818  INFO Injector:96 
2024-05-03T16:22:44,818  INFO Injector:85 org.matsim.core.replanning.PlanStrategy @com.google.inject.internal.Element(setName=,uniqueId=85, type=MAPBINDER, keyType=org.matsim.core.config.groups.StrategyConfigGroup$StrategySettings)
2024-05-03T16:22:44,818  INFO Injector:86   --> provider: FactoryProxy{key=Key[type=org.matsim.core.replanning.PlanStrategy, annotation=@com.google.inject.internal.Element(setName=,uniqueId=85, type=MAPBINDER, keyType=org.matsim.core.config.groups.StrategyConfigGroup$StrategySettings)], provider=Key[type=org.matsim.core.replanning.strategies.ReRoute, annotation=[none]]}
2024-05-03T16:22:44,819  INFO Injector:87   --> source: org.matsim.core.replanning.StrategyManagerModule.install(StrategyManagerModule.java:91)
2024-05-03T16:22:44,819  INFO Injector:89   --> scope: Scopes.NO_SCOPE
2024-05-03T16:22:44,819  INFO Injector:92   --> target: Key[type=org.matsim.core.replanning.PlanStrategy, annotation=@com.google.inject.name.Named("ReRoute")]
2024-05-03T16:22:44,819  INFO Injector:94   ==full==> LinkedKeyBinding{key=Key[type=org.matsim.core.replanning.PlanStrategy, annotation=@com.google.inject.internal.Element(setName=,uniqueId=85, type=MAPBINDER, keyType=org.matsim.core.config.groups.StrategyConfigGroup$StrategySettings)], source=org.matsim.core.replanning.StrategyManagerModule.install(StrategyManagerModule.java:91), scope=Scopes.NO_SCOPE, target=Key[type=org.matsim.core.replanning.PlanStrategy, annotation=@com.google.inject.name.Named("ReRoute")]}
2024-05-03T16:22:44,819  INFO Injector:96 
2024-05-03T16:22:44,819  INFO Injector:85 org.matsim.core.utils.timing.TimeInterpretation 
2024-05-03T16:22:44,821  INFO Injector:86   --> provider: @Provides org.matsim.core.utils.timing.TimeInterpretationModule.provideTimeInterpretation(TimeInterpretationModule.java:16)[Scopes.SINGLETON]
2024-05-03T16:22:44,822  INFO Injector:87   --> source: public org.matsim.core.utils.timing.TimeInterpretation org.matsim.core.utils.timing.TimeInterpretationModule.provideTimeInterpretation()
2024-05-03T16:22:44,822  INFO Injector:89   --> scope: Scopes.SINGLETON
2024-05-03T16:22:44,822  INFO Injector:94   ==full==> ProviderInstanceBinding{key=Key[type=org.matsim.core.utils.timing.TimeInterpretation, annotation=[none]], source=public org.matsim.core.utils.timing.TimeInterpretation org.matsim.core.utils.timing.TimeInterpretationModule.provideTimeInterpretation(), scope=Scopes.SINGLETON, provider=@Provides org.matsim.core.utils.timing.TimeInterpretationModule.provideTimeInterpretation(TimeInterpretationModule.java:16)}
2024-05-03T16:22:44,822  INFO Injector:96 
2024-05-03T16:22:44,822  INFO Injector:85 org.matsim.core.controler.listener.ControlerListener @com.google.inject.internal.Element(setName=,uniqueId=87, type=MULTIBINDER, keyType=)
2024-05-03T16:22:44,822  INFO Injector:86   --> provider: FactoryProxy{key=Key[type=org.matsim.core.controler.listener.ControlerListener, annotation=@com.google.inject.internal.Element(setName=,uniqueId=87, type=MULTIBINDER, keyType=)], provider=com.google.inject.internal.ConstructorBindingImpl$Factory@1c93b51e[Scopes.SINGLETON]}
2024-05-03T16:22:44,823  INFO Injector:87   --> source: org.matsim.analysis.LinkStatsModule.install(LinkStatsModule.java:47)
2024-05-03T16:22:44,823  INFO Injector:89   --> scope: Scopes.NO_SCOPE
2024-05-03T16:22:44,823  INFO Injector:92   --> target: Key[type=org.matsim.analysis.LinkStatsControlerListener, annotation=[none]]
2024-05-03T16:22:44,823  INFO Injector:94   ==full==> LinkedKeyBinding{key=Key[type=org.matsim.core.controler.listener.ControlerListener, annotation=@com.google.inject.internal.Element(setName=,uniqueId=87, type=MULTIBINDER, keyType=)], source=org.matsim.analysis.LinkStatsModule.install(LinkStatsModule.java:47), scope=Scopes.NO_SCOPE, target=Key[type=org.matsim.analysis.LinkStatsControlerListener, annotation=[none]]}
2024-05-03T16:22:44,823  INFO Injector:96 
2024-05-03T16:22:44,823  INFO Injector:85 org.matsim.core.controler.listener.ControlerListener @com.google.inject.internal.Element(setName=,uniqueId=88, type=MULTIBINDER, keyType=)
2024-05-03T16:22:44,823  INFO Injector:86   --> provider: FactoryProxy{key=Key[type=org.matsim.core.controler.listener.ControlerListener, annotation=@com.google.inject.internal.Element(setName=,uniqueId=88, type=MULTIBINDER, keyType=)], provider=com.google.inject.internal.ConstructorBindingImpl$Factory@7c0f28f8}
2024-05-03T16:22:44,824  INFO Injector:87   --> source: org.matsim.analysis.LegHistogramModule.install(LegHistogramModule.java:31)
2024-05-03T16:22:44,824  INFO Injector:89   --> scope: Scopes.NO_SCOPE
2024-05-03T16:22:44,824  INFO Injector:92   --> target: Key[type=org.matsim.analysis.LegHistogramListener, annotation=[none]]
2024-05-03T16:22:44,824  INFO Injector:94   ==full==> LinkedKeyBinding{key=Key[type=org.matsim.core.controler.listener.ControlerListener, annotation=@com.google.inject.internal.Element(setName=,uniqueId=88, type=MULTIBINDER, keyType=)], source=org.matsim.analysis.LegHistogramModule.install(LegHistogramModule.java:31), scope=Scopes.NO_SCOPE, target=Key[type=org.matsim.analysis.LegHistogramListener, annotation=[none]]}
2024-05-03T16:22:44,824  INFO Injector:96 
2024-05-03T16:22:44,825  INFO Injector:85 org.matsim.core.controler.listener.ControlerListener @com.google.inject.internal.Element(setName=,uniqueId=89, type=MULTIBINDER, keyType=)
2024-05-03T16:22:44,825  INFO Injector:86   --> provider: FactoryProxy{key=Key[type=org.matsim.core.controler.listener.ControlerListener, annotation=@com.google.inject.internal.Element(setName=,uniqueId=89, type=MULTIBINDER, keyType=)], provider=com.google.inject.internal.ConstructorBindingImpl$Factory@2abc8034}
2024-05-03T16:22:44,825  INFO Injector:87   --> source: org.matsim.analysis.LegTimesModule.install(LegTimesModule.java:32)
2024-05-03T16:22:44,825  INFO Injector:89   --> scope: Scopes.NO_SCOPE
2024-05-03T16:22:44,825  INFO Injector:92   --> target: Key[type=org.matsim.analysis.LegTimesControlerListener, annotation=[none]]
2024-05-03T16:22:44,825  INFO Injector:94   ==full==> LinkedKeyBinding{key=Key[type=org.matsim.core.controler.listener.ControlerListener, annotation=@com.google.inject.internal.Element(setName=,uniqueId=89, type=MULTIBINDER, keyType=)], source=org.matsim.analysis.LegTimesModule.install(LegTimesModule.java:32), scope=Scopes.NO_SCOPE, target=Key[type=org.matsim.analysis.LegTimesControlerListener, annotation=[none]]}
2024-05-03T16:22:44,825  INFO Injector:96 
2024-05-03T16:22:44,825  INFO Injector:85 org.matsim.analysis.TripsAndLegsCSVWriter$CustomTripsWriterExtension 
2024-05-03T16:22:44,826  INFO Injector:86   --> provider: FactoryProxy{key=Key[type=org.matsim.analysis.TripsAndLegsCSVWriter$CustomTripsWriterExtension, annotation=[none]], provider=com.google.inject.internal.ConstructorBindingImpl$Factory@467b0f6e}[Scopes.SINGLETON]
2024-05-03T16:22:44,826  INFO Injector:87   --> source: org.matsim.analysis.IterationTravelStatsModule.install(IterationTravelStatsModule.java:34)
2024-05-03T16:22:44,826  INFO Injector:89   --> scope: eager singleton
2024-05-03T16:22:44,826  INFO Injector:92   --> target: Key[type=org.matsim.analysis.TripsAndLegsCSVWriter$NoTripWriterExtension, annotation=[none]]
2024-05-03T16:22:44,826  INFO Injector:94   ==full==> LinkedKeyBinding{key=Key[type=org.matsim.analysis.TripsAndLegsCSVWriter$CustomTripsWriterExtension, annotation=[none]], source=org.matsim.analysis.IterationTravelStatsModule.install(IterationTravelStatsModule.java:34), scope=eager singleton, target=Key[type=org.matsim.analysis.TripsAndLegsCSVWriter$NoTripWriterExtension, annotation=[none]]}
2024-05-03T16:22:44,826  INFO Injector:96 
2024-05-03T16:22:44,826  INFO Injector:85 org.matsim.analysis.TripsAndLegsCSVWriter$CustomLegsWriterExtension 
2024-05-03T16:22:44,826  INFO Injector:86   --> provider: FactoryProxy{key=Key[type=org.matsim.analysis.TripsAndLegsCSVWriter$CustomLegsWriterExtension, annotation=[none]], provider=com.google.inject.internal.ConstructorBindingImpl$Factory@474179fa}[Scopes.SINGLETON]
2024-05-03T16:22:44,826  INFO Injector:87   --> source: org.matsim.analysis.IterationTravelStatsModule.install(IterationTravelStatsModule.java:35)
2024-05-03T16:22:44,826  INFO Injector:89   --> scope: eager singleton
2024-05-03T16:22:44,826  INFO Injector:92   --> target: Key[type=org.matsim.analysis.TripsAndLegsCSVWriter$NoLegsWriterExtension, annotation=[none]]
2024-05-03T16:22:44,827  INFO Injector:94   ==full==> LinkedKeyBinding{key=Key[type=org.matsim.analysis.TripsAndLegsCSVWriter$CustomLegsWriterExtension, annotation=[none]], source=org.matsim.analysis.IterationTravelStatsModule.install(IterationTravelStatsModule.java:35), scope=eager singleton, target=Key[type=org.matsim.analysis.TripsAndLegsCSVWriter$NoLegsWriterExtension, annotation=[none]]}
2024-05-03T16:22:44,827  INFO Injector:96 
2024-05-03T16:22:44,827  INFO Injector:85 org.matsim.analysis.TripsAndLegsCSVWriter$CustomTimeWriter 
2024-05-03T16:22:44,827  INFO Injector:86   --> provider: FactoryProxy{key=Key[type=org.matsim.analysis.TripsAndLegsCSVWriter$CustomTimeWriter, annotation=[none]], provider=com.google.inject.internal.ConstructorBindingImpl$Factory@420cd102}[Scopes.SINGLETON]
2024-05-03T16:22:44,827  INFO Injector:87   --> source: org.matsim.analysis.IterationTravelStatsModule.install(IterationTravelStatsModule.java:36)
2024-05-03T16:22:44,827  INFO Injector:89   --> scope: eager singleton
2024-05-03T16:22:44,827  INFO Injector:92   --> target: Key[type=org.matsim.analysis.TripsAndLegsCSVWriter$DefaultTimeWriter, annotation=[none]]
2024-05-03T16:22:44,827  INFO Injector:94   ==full==> LinkedKeyBinding{key=Key[type=org.matsim.analysis.TripsAndLegsCSVWriter$CustomTimeWriter, annotation=[none]], source=org.matsim.analysis.IterationTravelStatsModule.install(IterationTravelStatsModule.java:36), scope=eager singleton, target=Key[type=org.matsim.analysis.TripsAndLegsCSVWriter$DefaultTimeWriter, annotation=[none]]}
2024-05-03T16:22:44,827  INFO Injector:96 
2024-05-03T16:22:44,827  INFO Injector:85 org.matsim.core.controler.listener.ControlerListener @com.google.inject.internal.Element(setName=,uniqueId=90, type=MULTIBINDER, keyType=)
2024-05-03T16:22:44,827  INFO Injector:86   --> provider: FactoryProxy{key=Key[type=org.matsim.core.controler.listener.ControlerListener, annotation=@com.google.inject.internal.Element(setName=,uniqueId=90, type=MULTIBINDER, keyType=)], provider=com.google.inject.internal.ConstructorBindingImpl$Factory@c7f4457}
2024-05-03T16:22:44,827  INFO Injector:87   --> source: org.matsim.analysis.IterationTravelStatsModule.install(IterationTravelStatsModule.java:37)
2024-05-03T16:22:44,827  INFO Injector:89   --> scope: Scopes.NO_SCOPE
2024-05-03T16:22:44,828  INFO Injector:92   --> target: Key[type=org.matsim.analysis.IterationTravelStatsControlerListener, annotation=[none]]
2024-05-03T16:22:44,828  INFO Injector:94   ==full==> LinkedKeyBinding{key=Key[type=org.matsim.core.controler.listener.ControlerListener, annotation=@com.google.inject.internal.Element(setName=,uniqueId=90, type=MULTIBINDER, keyType=)], source=org.matsim.analysis.IterationTravelStatsModule.install(IterationTravelStatsModule.java:37), scope=Scopes.NO_SCOPE, target=Key[type=org.matsim.analysis.IterationTravelStatsControlerListener, annotation=[none]]}
2024-05-03T16:22:44,828  INFO Injector:96 
2024-05-03T16:22:44,828  INFO Injector:85 org.matsim.core.controler.listener.ControlerListener @com.google.inject.internal.Element(setName=,uniqueId=91, type=MULTIBINDER, keyType=)
2024-05-03T16:22:44,828  INFO Injector:86   --> provider: FactoryProxy{key=Key[type=org.matsim.core.controler.listener.ControlerListener, annotation=@com.google.inject.internal.Element(setName=,uniqueId=91, type=MULTIBINDER, keyType=)], provider=com.google.inject.internal.ConstructorBindingImpl$Factory@12e12ac9[Scopes.SINGLETON]}
2024-05-03T16:22:44,828  INFO Injector:87   --> source: org.matsim.analysis.ScoreStatsModule.install(ScoreStatsModule.java:32)
2024-05-03T16:22:44,828  INFO Injector:89   --> scope: Scopes.NO_SCOPE
2024-05-03T16:22:44,828  INFO Injector:92   --> target: Key[type=org.matsim.analysis.ScoreStatsControlerListener, annotation=[none]]
2024-05-03T16:22:44,828  INFO Injector:94   ==full==> LinkedKeyBinding{key=Key[type=org.matsim.core.controler.listener.ControlerListener, annotation=@com.google.inject.internal.Element(setName=,uniqueId=91, type=MULTIBINDER, keyType=)], source=org.matsim.analysis.ScoreStatsModule.install(ScoreStatsModule.java:32), scope=Scopes.NO_SCOPE, target=Key[type=org.matsim.analysis.ScoreStatsControlerListener, annotation=[none]]}
2024-05-03T16:22:44,828  INFO Injector:96 
2024-05-03T16:22:44,828  INFO Injector:85 org.matsim.analysis.ScoreStats 
2024-05-03T16:22:44,829  INFO Injector:86   --> provider: FactoryProxy{key=Key[type=org.matsim.analysis.ScoreStats, annotation=[none]], provider=com.google.inject.internal.ConstructorBindingImpl$Factory@12e12ac9[Scopes.SINGLETON]}
2024-05-03T16:22:44,829  INFO Injector:87   --> source: org.matsim.analysis.ScoreStatsModule.install(ScoreStatsModule.java:33)
2024-05-03T16:22:44,829  INFO Injector:89   --> scope: Scopes.NO_SCOPE
2024-05-03T16:22:44,829  INFO Injector:92   --> target: Key[type=org.matsim.analysis.ScoreStatsControlerListener, annotation=[none]]
2024-05-03T16:22:44,829  INFO Injector:94   ==full==> LinkedKeyBinding{key=Key[type=org.matsim.analysis.ScoreStats, annotation=[none]], source=org.matsim.analysis.ScoreStatsModule.install(ScoreStatsModule.java:33), scope=Scopes.NO_SCOPE, target=Key[type=org.matsim.analysis.ScoreStatsControlerListener, annotation=[none]]}
2024-05-03T16:22:44,829  INFO Injector:96 
2024-05-03T16:22:44,829  INFO Injector:85 org.matsim.core.controler.listener.ControlerListener @com.google.inject.internal.Element(setName=,uniqueId=92, type=MULTIBINDER, keyType=)
2024-05-03T16:22:44,829  INFO Injector:86   --> provider: FactoryProxy{key=Key[type=org.matsim.core.controler.listener.ControlerListener, annotation=@com.google.inject.internal.Element(setName=,uniqueId=92, type=MULTIBINDER, keyType=)], provider=com.google.inject.internal.ConstructorBindingImpl$Factory@5e230fc6[Scopes.SINGLETON]}
2024-05-03T16:22:44,829  INFO Injector:87   --> source: org.matsim.analysis.ModeStatsModule.install(ModeStatsModule.java:32)
2024-05-03T16:22:44,829  INFO Injector:89   --> scope: Scopes.NO_SCOPE
2024-05-03T16:22:44,829  INFO Injector:92   --> target: Key[type=org.matsim.analysis.ModeStatsControlerListener, annotation=[none]]
2024-05-03T16:22:44,830  INFO Injector:94   ==full==> LinkedKeyBinding{key=Key[type=org.matsim.core.controler.listener.ControlerListener, annotation=@com.google.inject.internal.Element(setName=,uniqueId=92, type=MULTIBINDER, keyType=)], source=org.matsim.analysis.ModeStatsModule.install(ModeStatsModule.java:32), scope=Scopes.NO_SCOPE, target=Key[type=org.matsim.analysis.ModeStatsControlerListener, annotation=[none]]}
2024-05-03T16:22:44,830  INFO Injector:96 
2024-05-03T16:22:44,830  INFO Injector:85 org.matsim.core.controler.listener.ControlerListener @com.google.inject.internal.Element(setName=,uniqueId=93, type=MULTIBINDER, keyType=)
2024-05-03T16:22:44,830  INFO Injector:86   --> provider: FactoryProxy{key=Key[type=org.matsim.core.controler.listener.ControlerListener, annotation=@com.google.inject.internal.Element(setName=,uniqueId=93, type=MULTIBINDER, keyType=)], provider=com.google.inject.internal.ConstructorBindingImpl$Factory@7a8341c1}
2024-05-03T16:22:44,830  INFO Injector:87   --> source: org.matsim.counts.CountsModule.install(CountsModule.java:43)
2024-05-03T16:22:44,830  INFO Injector:89   --> scope: Scopes.NO_SCOPE
2024-05-03T16:22:44,830  INFO Injector:92   --> target: Key[type=org.matsim.counts.CountsControlerListener, annotation=[none]]
2024-05-03T16:22:44,830  INFO Injector:94   ==full==> LinkedKeyBinding{key=Key[type=org.matsim.core.controler.listener.ControlerListener, annotation=@com.google.inject.internal.Element(setName=,uniqueId=93, type=MULTIBINDER, keyType=)], source=org.matsim.counts.CountsModule.install(CountsModule.java:43), scope=Scopes.NO_SCOPE, target=Key[type=org.matsim.counts.CountsControlerListener, annotation=[none]]}
2024-05-03T16:22:44,830  INFO Injector:96 
2024-05-03T16:22:44,830  INFO Injector:85 org.matsim.counts.Counts<org.matsim.api.core.v01.network.Link> 
2024-05-03T16:22:44,832  INFO Injector:86   --> provider: @Provides org.matsim.counts.CountsModule.provideLinkCounts(CountsModule.java:64)[Scopes.SINGLETON]
2024-05-03T16:22:44,832  INFO Injector:87   --> source: org.matsim.counts.Counts org.matsim.counts.CountsModule.provideLinkCounts(org.matsim.api.core.v01.Scenario,org.matsim.core.config.groups.CountsConfigGroup)
2024-05-03T16:22:44,832  INFO Injector:89   --> scope: Scopes.SINGLETON
2024-05-03T16:22:44,833  INFO Injector:94   ==full==> ProviderInstanceBinding{key=Key[type=org.matsim.counts.Counts<org.matsim.api.core.v01.network.Link>, annotation=[none]], source=org.matsim.counts.Counts org.matsim.counts.CountsModule.provideLinkCounts(org.matsim.api.core.v01.Scenario,org.matsim.core.config.groups.CountsConfigGroup), scope=Scopes.SINGLETON, provider=@Provides org.matsim.counts.CountsModule.provideLinkCounts(CountsModule.java:64)}
2024-05-03T16:22:44,833  INFO Injector:96 
2024-05-03T16:22:44,833  INFO Injector:85 org.matsim.core.controler.listener.ControlerListener @com.google.inject.internal.Element(setName=,uniqueId=94, type=MULTIBINDER, keyType=)
2024-05-03T16:22:44,833  INFO Injector:86   --> provider: FactoryProxy{key=Key[type=org.matsim.core.controler.listener.ControlerListener, annotation=@com.google.inject.internal.Element(setName=,uniqueId=94, type=MULTIBINDER, keyType=)], provider=com.google.inject.internal.ConstructorBindingImpl$Factory@511f5b1d}
2024-05-03T16:22:44,833  INFO Injector:87   --> source: org.matsim.core.population.VspPlansCleanerModule.install(VspPlansCleanerModule.java:34)
2024-05-03T16:22:44,833  INFO Injector:89   --> scope: Scopes.NO_SCOPE
2024-05-03T16:22:44,833  INFO Injector:92   --> target: Key[type=org.matsim.core.population.VspPlansCleaner, annotation=[none]]
2024-05-03T16:22:44,833  INFO Injector:94   ==full==> LinkedKeyBinding{key=Key[type=org.matsim.core.controler.listener.ControlerListener, annotation=@com.google.inject.internal.Element(setName=,uniqueId=94, type=MULTIBINDER, keyType=)], source=org.matsim.core.population.VspPlansCleanerModule.install(VspPlansCleanerModule.java:34), scope=Scopes.NO_SCOPE, target=Key[type=org.matsim.core.population.VspPlansCleaner, annotation=[none]]}
2024-05-03T16:22:44,834  INFO Injector:96 
2024-05-03T16:22:44,834  INFO Injector:85 org.matsim.core.mobsim.framework.listeners.MobsimListener @com.google.inject.internal.Element(setName=,uniqueId=95, type=MULTIBINDER, keyType=)
2024-05-03T16:22:44,834  INFO Injector:86   --> provider: Key[type=org.matsim.vis.snapshotwriters.SnapshotWritersModule$SnapshotWriterManagerProvider, annotation=[none]]
2024-05-03T16:22:44,834  INFO Injector:87   --> source: org.matsim.vis.snapshotwriters.SnapshotWritersModule.install(SnapshotWritersModule.java:50)
2024-05-03T16:22:44,834  INFO Injector:89   --> scope: Scopes.NO_SCOPE
2024-05-03T16:22:44,834  INFO Injector:94   ==full==> ProviderKeyBinding{key=Key[type=org.matsim.core.mobsim.framework.listeners.MobsimListener, annotation=@com.google.inject.internal.Element(setName=,uniqueId=95, type=MULTIBINDER, keyType=)], source=org.matsim.vis.snapshotwriters.SnapshotWritersModule.install(SnapshotWritersModule.java:50), scope=Scopes.NO_SCOPE, provider=Key[type=org.matsim.vis.snapshotwriters.SnapshotWritersModule$SnapshotWriterManagerProvider, annotation=[none]]}
2024-05-03T16:22:44,834  INFO Injector:96 
2024-05-03T16:22:44,834  INFO Injector:85 org.matsim.core.controler.listener.ControlerListener @com.google.inject.internal.Element(setName=,uniqueId=96, type=MULTIBINDER, keyType=)
2024-05-03T16:22:44,834  INFO Injector:86   --> provider: FactoryProxy{key=Key[type=org.matsim.core.controler.listener.ControlerListener, annotation=@com.google.inject.internal.Element(setName=,uniqueId=96, type=MULTIBINDER, keyType=)], provider=com.google.inject.internal.ConstructorBindingImpl$Factory@31f295b6}
2024-05-03T16:22:44,834  INFO Injector:87   --> source: org.matsim.guice.DependencyGraphModule.install(DependencyGraphModule.java:8)
2024-05-03T16:22:44,834  INFO Injector:89   --> scope: Scopes.NO_SCOPE
2024-05-03T16:22:44,834  INFO Injector:92   --> target: Key[type=org.matsim.guice.DependencyGraphControlerListener, annotation=[none]]
2024-05-03T16:22:44,834  INFO Injector:94   ==full==> LinkedKeyBinding{key=Key[type=org.matsim.core.controler.listener.ControlerListener, annotation=@com.google.inject.internal.Element(setName=,uniqueId=96, type=MULTIBINDER, keyType=)], source=org.matsim.guice.DependencyGraphModule.install(DependencyGraphModule.java:8), scope=Scopes.NO_SCOPE, target=Key[type=org.matsim.guice.DependencyGraphControlerListener, annotation=[none]]}
2024-05-03T16:22:44,834  INFO Injector:96 
2024-05-03T16:22:44,834  INFO Injector:85 org.matsim.core.controler.listener.ControlerListener @com.google.inject.internal.Element(setName=,uniqueId=97, type=MULTIBINDER, keyType=)
2024-05-03T16:22:44,834  INFO Injector:86   --> provider: ConstantFactory{value=org.matsim.core.controler.ControlerDefaultsModule$1@35c4e864}[Scopes.SINGLETON]
2024-05-03T16:22:44,834  INFO Injector:87   --> source: org.matsim.core.controler.ControlerDefaultsModule.install(ControlerDefaultsModule.java:87)
2024-05-03T16:22:44,834  INFO Injector:89   --> scope: eager singleton
2024-05-03T16:22:44,834  INFO Injector:94   ==full==> InstanceBinding{key=Key[type=org.matsim.core.controler.listener.ControlerListener, annotation=@com.google.inject.internal.Element(setName=,uniqueId=97, type=MULTIBINDER, keyType=)], source=org.matsim.core.controler.ControlerDefaultsModule.install(ControlerDefaultsModule.java:87), instance=org.matsim.core.controler.ControlerDefaultsModule$1@35c4e864}
2024-05-03T16:22:44,834  INFO Injector:96 
2024-05-03T16:22:44,834  INFO Injector:85 org.matsim.core.router.RoutingModule @com.google.inject.internal.Element(setName=,uniqueId=98, type=MAPBINDER, keyType=java.lang.String)
2024-05-03T16:22:44,835  INFO Injector:86   --> provider: FactoryProxy{key=Key[type=org.matsim.core.router.RoutingModule, annotation=@com.google.inject.internal.Element(setName=,uniqueId=98, type=MAPBINDER, keyType=java.lang.String)], provider=org.matsim.core.router.FreespeedFactorRouting@76fe6cdc}
2024-05-03T16:22:44,835  INFO Injector:87   --> source: org.matsim.core.controler.Injector$3.configure(Injector.java:129)
2024-05-03T16:22:44,835  INFO Injector:89   --> scope: Scopes.NO_SCOPE
2024-05-03T16:22:44,835  INFO Injector:92   --> target: Key[type=org.matsim.core.router.RoutingModule, annotation=@com.google.inject.name.Named("pt")]
2024-05-03T16:22:44,835  INFO Injector:94   ==full==> LinkedKeyBinding{key=Key[type=org.matsim.core.router.RoutingModule, annotation=@com.google.inject.internal.Element(setName=,uniqueId=98, type=MAPBINDER, keyType=java.lang.String)], source=org.matsim.core.controler.Injector$3.configure(Injector.java:129), scope=Scopes.NO_SCOPE, target=Key[type=org.matsim.core.router.RoutingModule, annotation=@com.google.inject.name.Named("pt")]}
2024-05-03T16:22:44,835  INFO Injector:96 
2024-05-03T16:22:44,835  INFO Injector:85 org.matsim.core.router.RoutingModule @com.google.inject.internal.Element(setName=,uniqueId=100, type=MAPBINDER, keyType=java.lang.String)
2024-05-03T16:22:44,836  INFO Injector:86   --> provider: FactoryProxy{key=Key[type=org.matsim.core.router.RoutingModule, annotation=@com.google.inject.internal.Element(setName=,uniqueId=100, type=MAPBINDER, keyType=java.lang.String)], provider=org.matsim.core.router.NetworkRoutingProvider@431e86b1}
2024-05-03T16:22:44,836  INFO Injector:87   --> source: org.matsim.core.controler.Injector$3.configure(Injector.java:129)
2024-05-03T16:22:44,836  INFO Injector:89   --> scope: Scopes.NO_SCOPE
2024-05-03T16:22:44,836  INFO Injector:92   --> target: Key[type=org.matsim.core.router.RoutingModule, annotation=@com.google.inject.name.Named("car")]
2024-05-03T16:22:44,836  INFO Injector:94   ==full==> LinkedKeyBinding{key=Key[type=org.matsim.core.router.RoutingModule, annotation=@com.google.inject.internal.Element(setName=,uniqueId=100, type=MAPBINDER, keyType=java.lang.String)], source=org.matsim.core.controler.Injector$3.configure(Injector.java:129), scope=Scopes.NO_SCOPE, target=Key[type=org.matsim.core.router.RoutingModule, annotation=@com.google.inject.name.Named("car")]}
2024-05-03T16:22:44,836  INFO Injector:96 
2024-05-03T16:22:44,836  INFO Injector:85 org.matsim.core.router.RoutingModule @com.google.inject.internal.Element(setName=,uniqueId=102, type=MAPBINDER, keyType=java.lang.String)
2024-05-03T16:22:44,836  INFO Injector:86   --> provider: FactoryProxy{key=Key[type=org.matsim.core.router.RoutingModule, annotation=@com.google.inject.internal.Element(setName=,uniqueId=102, type=MAPBINDER, keyType=java.lang.String)], provider=org.matsim.core.router.BeelineTeleportationRouting@46039a21}
2024-05-03T16:22:44,836  INFO Injector:87   --> source: org.matsim.core.controler.Injector$3.configure(Injector.java:129)
2024-05-03T16:22:44,837  INFO Injector:89   --> scope: Scopes.NO_SCOPE
2024-05-03T16:22:44,837  INFO Injector:92   --> target: Key[type=org.matsim.core.router.RoutingModule, annotation=@com.google.inject.name.Named("non_network_walk")]
2024-05-03T16:22:44,837  INFO Injector:94   ==full==> LinkedKeyBinding{key=Key[type=org.matsim.core.router.RoutingModule, annotation=@com.google.inject.internal.Element(setName=,uniqueId=102, type=MAPBINDER, keyType=java.lang.String)], source=org.matsim.core.controler.Injector$3.configure(Injector.java:129), scope=Scopes.NO_SCOPE, target=Key[type=org.matsim.core.router.RoutingModule, annotation=@com.google.inject.name.Named("non_network_walk")]}
2024-05-03T16:22:44,837  INFO Injector:96 
2024-05-03T16:22:44,837  INFO Injector:85 org.matsim.core.router.RoutingModule @com.google.inject.internal.Element(setName=,uniqueId=104, type=MAPBINDER, keyType=java.lang.String)
2024-05-03T16:22:44,837  INFO Injector:86   --> provider: FactoryProxy{key=Key[type=org.matsim.core.router.RoutingModule, annotation=@com.google.inject.internal.Element(setName=,uniqueId=104, type=MAPBINDER, keyType=java.lang.String)], provider=org.matsim.core.router.FreespeedFactorRouting@3ba0ae41}
2024-05-03T16:22:44,837  INFO Injector:87   --> source: org.matsim.core.controler.Injector$3.configure(Injector.java:129)
2024-05-03T16:22:44,837  INFO Injector:89   --> scope: Scopes.NO_SCOPE
2024-05-03T16:22:44,838  INFO Injector:92   --> target: Key[type=org.matsim.core.router.RoutingModule, annotation=@com.google.inject.name.Named("ride")]
2024-05-03T16:22:44,838  INFO Injector:94   ==full==> LinkedKeyBinding{key=Key[type=org.matsim.core.router.RoutingModule, annotation=@com.google.inject.internal.Element(setName=,uniqueId=104, type=MAPBINDER, keyType=java.lang.String)], source=org.matsim.core.controler.Injector$3.configure(Injector.java:129), scope=Scopes.NO_SCOPE, target=Key[type=org.matsim.core.router.RoutingModule, annotation=@com.google.inject.name.Named("ride")]}
2024-05-03T16:22:44,838  INFO Injector:96 
2024-05-03T16:22:44,838  INFO Injector:85 org.matsim.core.router.RoutingModule @com.google.inject.internal.Element(setName=,uniqueId=106, type=MAPBINDER, keyType=java.lang.String)
2024-05-03T16:22:44,839  INFO Injector:86   --> provider: FactoryProxy{key=Key[type=org.matsim.core.router.RoutingModule, annotation=@com.google.inject.internal.Element(setName=,uniqueId=106, type=MAPBINDER, keyType=java.lang.String)], provider=org.matsim.core.router.BeelineTeleportationRouting@786ff1cb}
2024-05-03T16:22:44,839  INFO Injector:87   --> source: org.matsim.core.controler.Injector$3.configure(Injector.java:129)
2024-05-03T16:22:44,839  INFO Injector:89   --> scope: Scopes.NO_SCOPE
2024-05-03T16:22:44,839  INFO Injector:92   --> target: Key[type=org.matsim.core.router.RoutingModule, annotation=@com.google.inject.name.Named("walk")]
2024-05-03T16:22:44,839  INFO Injector:94   ==full==> LinkedKeyBinding{key=Key[type=org.matsim.core.router.RoutingModule, annotation=@com.google.inject.internal.Element(setName=,uniqueId=106, type=MAPBINDER, keyType=java.lang.String)], source=org.matsim.core.controler.Injector$3.configure(Injector.java:129), scope=Scopes.NO_SCOPE, target=Key[type=org.matsim.core.router.RoutingModule, annotation=@com.google.inject.name.Named("walk")]}
2024-05-03T16:22:44,839  INFO Injector:96 
2024-05-03T16:22:44,840  INFO Injector:85 org.matsim.core.router.RoutingModule @com.google.inject.internal.Element(setName=,uniqueId=108, type=MAPBINDER, keyType=java.lang.String)
2024-05-03T16:22:44,840  INFO Injector:86   --> provider: FactoryProxy{key=Key[type=org.matsim.core.router.RoutingModule, annotation=@com.google.inject.internal.Element(setName=,uniqueId=108, type=MAPBINDER, keyType=java.lang.String)], provider=org.matsim.core.router.BeelineTeleportationRouting@2ffb3aec}
2024-05-03T16:22:44,840  INFO Injector:87   --> source: org.matsim.core.controler.Injector$3.configure(Injector.java:129)
2024-05-03T16:22:44,840  INFO Injector:89   --> scope: Scopes.NO_SCOPE
2024-05-03T16:22:44,840  INFO Injector:92   --> target: Key[type=org.matsim.core.router.RoutingModule, annotation=@com.google.inject.name.Named("bike")]
2024-05-03T16:22:44,840  INFO Injector:94   ==full==> LinkedKeyBinding{key=Key[type=org.matsim.core.router.RoutingModule, annotation=@com.google.inject.internal.Element(setName=,uniqueId=108, type=MAPBINDER, keyType=java.lang.String)], source=org.matsim.core.controler.Injector$3.configure(Injector.java:129), scope=Scopes.NO_SCOPE, target=Key[type=org.matsim.core.router.RoutingModule, annotation=@com.google.inject.name.Named("bike")]}
2024-05-03T16:22:44,840  INFO Injector:96 
2024-05-03T16:22:44,840  INFO Injector:85 org.matsim.core.router.util.TravelTime @com.google.inject.internal.Element(setName=,uniqueId=110, type=MAPBINDER, keyType=java.lang.String)
2024-05-03T16:22:44,841  INFO Injector:86   --> provider: FactoryProxy{key=Key[type=org.matsim.core.router.util.TravelTime, annotation=@com.google.inject.internal.Element(setName=,uniqueId=110, type=MAPBINDER, keyType=java.lang.String)], provider=org.matsim.core.trafficmonitoring.TravelTimeCalculatorModule$1@1e692555[Scopes.SINGLETON]}
2024-05-03T16:22:44,841  INFO Injector:87   --> source: org.matsim.core.controler.Injector$3.configure(Injector.java:129)
2024-05-03T16:22:44,841  INFO Injector:89   --> scope: Scopes.NO_SCOPE
2024-05-03T16:22:44,841  INFO Injector:92   --> target: Key[type=org.matsim.core.router.util.TravelTime, annotation=@com.google.inject.name.Named("car")]
2024-05-03T16:22:44,842  INFO Injector:94   ==full==> LinkedKeyBinding{key=Key[type=org.matsim.core.router.util.TravelTime, annotation=@com.google.inject.internal.Element(setName=,uniqueId=110, type=MAPBINDER, keyType=java.lang.String)], source=org.matsim.core.controler.Injector$3.configure(Injector.java:129), scope=Scopes.NO_SCOPE, target=Key[type=org.matsim.core.router.util.TravelTime, annotation=@com.google.inject.name.Named("car")]}
2024-05-03T16:22:44,842  INFO Injector:96 
2024-05-03T16:22:44,842  INFO Injector:85 org.matsim.core.router.costcalculators.TravelDisutilityFactory @com.google.inject.internal.Element(setName=,uniqueId=112, type=MAPBINDER, keyType=java.lang.String)
2024-05-03T16:22:44,842  INFO Injector:86   --> provider: FactoryProxy{key=Key[type=org.matsim.core.router.costcalculators.TravelDisutilityFactory, annotation=@com.google.inject.internal.Element(setName=,uniqueId=112, type=MAPBINDER, keyType=java.lang.String)], provider=ConstantFactory{value=org.matsim.core.router.costcalculators.RandomizingTimeDistanceTravelDisutilityFactory@d88f893}[Scopes.SINGLETON]}
2024-05-03T16:22:44,842  INFO Injector:87   --> source: org.matsim.core.controler.Injector$3.configure(Injector.java:129)
2024-05-03T16:22:44,842  INFO Injector:89   --> scope: Scopes.NO_SCOPE
2024-05-03T16:22:44,842  INFO Injector:92   --> target: Key[type=org.matsim.core.router.costcalculators.TravelDisutilityFactory, annotation=@com.google.inject.name.Named("car")]
2024-05-03T16:22:44,843  INFO Injector:94   ==full==> LinkedKeyBinding{key=Key[type=org.matsim.core.router.costcalculators.TravelDisutilityFactory, annotation=@com.google.inject.internal.Element(setName=,uniqueId=112, type=MAPBINDER, keyType=java.lang.String)], source=org.matsim.core.controler.Injector$3.configure(Injector.java:129), scope=Scopes.NO_SCOPE, target=Key[type=org.matsim.core.router.costcalculators.TravelDisutilityFactory, annotation=@com.google.inject.name.Named("car")]}
2024-05-03T16:22:44,843  INFO Injector:96 
2024-05-03T16:22:44,843  INFO Injector:85 org.matsim.core.controler.ControlerListenerManagerImpl 
2024-05-03T16:22:44,843  INFO Injector:86   --> provider: com.google.inject.internal.ConstructorBindingImpl$Factory@66522ead[Scopes.SINGLETON]
2024-05-03T16:22:44,843  INFO Injector:87   --> source: org.matsim.core.controler.NewControlerModule.install(NewControlerModule.java:30)
2024-05-03T16:22:44,843  INFO Injector:89   --> scope: eager singleton
2024-05-03T16:22:44,843  INFO Injector:94   ==full==> ConstructorBinding{key=Key[type=org.matsim.core.controler.ControlerListenerManagerImpl, annotation=[none]], source=org.matsim.core.controler.NewControlerModule.install(NewControlerModule.java:30), scope=eager singleton}
2024-05-03T16:22:44,843  INFO Injector:96 
2024-05-03T16:22:44,844  INFO Injector:85 org.matsim.analysis.IterationStopWatch 
2024-05-03T16:22:44,844  INFO Injector:86   --> provider: com.google.inject.internal.ConstructorBindingImpl$Factory@7a687d8d[Scopes.SINGLETON]
2024-05-03T16:22:44,844  INFO Injector:87   --> source: org.matsim.core.controler.NewControlerModule.install(NewControlerModule.java:33)
2024-05-03T16:22:44,844  INFO Injector:89   --> scope: eager singleton
2024-05-03T16:22:44,844  INFO Injector:94   ==full==> ConstructorBinding{key=Key[type=org.matsim.analysis.IterationStopWatch, annotation=[none]], source=org.matsim.core.controler.NewControlerModule.install(NewControlerModule.java:33), scope=eager singleton}
2024-05-03T16:22:44,845  INFO Injector:96 
2024-05-03T16:22:44,845  INFO Injector:85 org.matsim.core.controler.OutputDirectoryHierarchy 
2024-05-03T16:22:44,846  INFO Injector:86   --> provider: com.google.inject.internal.ConstructorBindingImpl$Factory@4c82b5df[Scopes.SINGLETON]
2024-05-03T16:22:44,847  INFO Injector:87   --> source: org.matsim.core.controler.NewControlerModule.install(NewControlerModule.java:34)
2024-05-03T16:22:44,848  INFO Injector:89   --> scope: eager singleton
2024-05-03T16:22:44,849  INFO Injector:94   ==full==> ConstructorBinding{key=Key[type=org.matsim.core.controler.OutputDirectoryHierarchy, annotation=[none]], source=org.matsim.core.controler.NewControlerModule.install(NewControlerModule.java:34), scope=eager singleton}
2024-05-03T16:22:44,849  INFO Injector:96 
2024-05-03T16:22:44,849  INFO Injector:85 org.matsim.core.scoring.EventsToActivities 
2024-05-03T16:22:44,851  INFO Injector:86   --> provider: com.google.inject.internal.ConstructorBindingImpl$Factory@67eec8e1[Scopes.SINGLETON]
2024-05-03T16:22:44,852  INFO Injector:87   --> source: org.matsim.core.scoring.PlansScoringModule.install(PlansScoringModule.java:29)
2024-05-03T16:22:44,859  INFO Injector:89   --> scope: eager singleton
2024-05-03T16:22:44,860  INFO Injector:94   ==full==> ConstructorBinding{key=Key[type=org.matsim.core.scoring.EventsToActivities, annotation=[none]], source=org.matsim.core.scoring.PlansScoringModule.install(PlansScoringModule.java:29), scope=eager singleton}
2024-05-03T16:22:44,860  INFO Injector:96 
2024-05-03T16:22:44,860  INFO Injector:85 org.matsim.core.scoring.EventsToLegs 
2024-05-03T16:22:44,861  INFO Injector:86   --> provider: com.google.inject.internal.ConstructorBindingImpl$Factory@4214ae8f[Scopes.SINGLETON]
2024-05-03T16:22:44,861  INFO Injector:87   --> source: org.matsim.core.scoring.PlansScoringModule.install(PlansScoringModule.java:30)
2024-05-03T16:22:44,861  INFO Injector:89   --> scope: eager singleton
2024-05-03T16:22:44,861  INFO Injector:94   ==full==> ConstructorBinding{key=Key[type=org.matsim.core.scoring.EventsToLegs, annotation=[none]], source=org.matsim.core.scoring.PlansScoringModule.install(PlansScoringModule.java:30), scope=eager singleton}
2024-05-03T16:22:44,861  INFO Injector:96 
2024-05-03T16:22:44,861  INFO Injector:85 org.matsim.core.scoring.EventsToLegsAndActivities 
2024-05-03T16:22:44,862  INFO Injector:86   --> provider: com.google.inject.internal.ConstructorBindingImpl$Factory@7ba93755[Scopes.SINGLETON]
2024-05-03T16:22:44,862  INFO Injector:87   --> source: org.matsim.core.scoring.PlansScoringModule.install(PlansScoringModule.java:31)
2024-05-03T16:22:44,862  INFO Injector:89   --> scope: eager singleton
2024-05-03T16:22:44,862  INFO Injector:94   ==full==> ConstructorBinding{key=Key[type=org.matsim.core.scoring.EventsToLegsAndActivities, annotation=[none]], source=org.matsim.core.scoring.PlansScoringModule.install(PlansScoringModule.java:31), scope=eager singleton}
2024-05-03T16:22:44,862  INFO Injector:96 
2024-05-03T16:22:44,862  INFO Injector:85 org.matsim.core.scoring.ScoringFunctionsForPopulation 
2024-05-03T16:22:44,862  INFO Injector:86   --> provider: com.google.inject.internal.ConstructorBindingImpl$Factory@22dc59b2[Scopes.SINGLETON]
2024-05-03T16:22:44,862  INFO Injector:87   --> source: org.matsim.core.scoring.PlansScoringModule.install(PlansScoringModule.java:32)
2024-05-03T16:22:44,863  INFO Injector:89   --> scope: eager singleton
2024-05-03T16:22:44,863  INFO Injector:94   ==full==> ConstructorBinding{key=Key[type=org.matsim.core.scoring.ScoringFunctionsForPopulation, annotation=[none]], source=org.matsim.core.scoring.PlansScoringModule.install(PlansScoringModule.java:32), scope=eager singleton}
2024-05-03T16:22:44,863  INFO Injector:96 
2024-05-03T16:22:44,863  INFO Injector:85 org.matsim.core.events.EventsManagerModule$EventHandlerRegistrator 
2024-05-03T16:22:44,863  INFO Injector:86   --> provider: com.google.inject.internal.ConstructorBindingImpl$Factory@33e434c8[Scopes.SINGLETON]
2024-05-03T16:22:44,863  INFO Injector:87   --> source: org.matsim.core.events.EventsManagerModule.install(EventsManagerModule.java:48)
2024-05-03T16:22:44,863  INFO Injector:89   --> scope: eager singleton
2024-05-03T16:22:44,863  INFO Injector:94   ==full==> ConstructorBinding{key=Key[type=org.matsim.core.events.EventsManagerModule$EventHandlerRegistrator, annotation=[none]], source=org.matsim.core.events.EventsManagerModule.install(EventsManagerModule.java:48), scope=eager singleton}
2024-05-03T16:22:44,864  INFO Injector:96 
2024-05-03T16:22:44,864  INFO Injector:85 org.matsim.core.events.MobsimScopeEventHandling 
2024-05-03T16:22:44,864  INFO Injector:86   --> provider: com.google.inject.internal.ConstructorBindingImpl$Factory@5ccb85d6[Scopes.SINGLETON]
2024-05-03T16:22:44,864  INFO Injector:87   --> source: org.matsim.core.events.MobsimScopeEventHandlingModule.install(MobsimScopeEventHandlingModule.java:38)
2024-05-03T16:22:44,864  INFO Injector:89   --> scope: eager singleton
2024-05-03T16:22:44,865  INFO Injector:94   ==full==> ConstructorBinding{key=Key[type=org.matsim.core.events.MobsimScopeEventHandling, annotation=[none]], source=org.matsim.core.events.MobsimScopeEventHandlingModule.install(MobsimScopeEventHandlingModule.java:38), scope=eager singleton}
2024-05-03T16:22:44,865  INFO Injector:96 
2024-05-03T16:22:44,865  INFO Injector:85 org.matsim.core.router.TripRouter 
2024-05-03T16:22:44,865  INFO Injector:86   --> provider: com.google.inject.internal.ConstructorBindingImpl$Factory@546394ed
2024-05-03T16:22:44,865  INFO Injector:87   --> source: org.matsim.core.router.TripRouterModule.install(TripRouterModule.java:41)
2024-05-03T16:22:44,865  INFO Injector:89   --> scope: Scopes.NO_SCOPE
2024-05-03T16:22:44,865  INFO Injector:94   ==full==> ConstructorBinding{key=Key[type=org.matsim.core.router.TripRouter, annotation=[none]], source=org.matsim.core.router.TripRouterModule.install(TripRouterModule.java:41), scope=Scopes.NO_SCOPE}
2024-05-03T16:22:44,865  INFO Injector:96 
2024-05-03T16:22:44,866  INFO Injector:85 org.matsim.core.router.SingleModeNetworksCache 
2024-05-03T16:22:44,866  INFO Injector:86   --> provider: com.google.inject.internal.ConstructorBindingImpl$Factory@664212ab[Scopes.SINGLETON]
2024-05-03T16:22:44,866  INFO Injector:87   --> source: org.matsim.core.router.TripRouterModule.install(TripRouterModule.java:49)
2024-05-03T16:22:44,866  INFO Injector:89   --> scope: eager singleton
2024-05-03T16:22:44,866  INFO Injector:94   ==full==> ConstructorBinding{key=Key[type=org.matsim.core.router.SingleModeNetworksCache, annotation=[none]], source=org.matsim.core.router.TripRouterModule.install(TripRouterModule.java:49), scope=eager singleton}
2024-05-03T16:22:44,867  INFO Injector:96 
2024-05-03T16:22:44,867  INFO Injector:85 org.matsim.core.replanning.StrategyManager 
2024-05-03T16:22:44,867  INFO Injector:86   --> provider: com.google.inject.internal.ConstructorBindingImpl$Factory@2693c618[Scopes.SINGLETON]
2024-05-03T16:22:44,867  INFO Injector:87   --> source: org.matsim.core.replanning.StrategyManagerModule.install(StrategyManagerModule.java:54)
2024-05-03T16:22:44,867  INFO Injector:89   --> scope: Scopes.SINGLETON
2024-05-03T16:22:44,867  INFO Injector:94   ==full==> ConstructorBinding{key=Key[type=org.matsim.core.replanning.StrategyManager, annotation=[none]], source=org.matsim.core.replanning.StrategyManagerModule.install(StrategyManagerModule.java:54), scope=Scopes.SINGLETON}
2024-05-03T16:22:44,867  INFO Injector:96 
2024-05-03T16:22:44,867  INFO Injector:85 org.matsim.analysis.CalcLinkStats 
2024-05-03T16:22:44,867  INFO Injector:86   --> provider: com.google.inject.internal.ConstructorBindingImpl$Factory@3443e476[Scopes.SINGLETON]
2024-05-03T16:22:44,867  INFO Injector:87   --> source: org.matsim.analysis.LinkStatsModule.install(LinkStatsModule.java:37)
2024-05-03T16:22:44,867  INFO Injector:89   --> scope: eager singleton
2024-05-03T16:22:44,867  INFO Injector:94   ==full==> ConstructorBinding{key=Key[type=org.matsim.analysis.CalcLinkStats, annotation=[none]], source=org.matsim.analysis.LinkStatsModule.install(LinkStatsModule.java:37), scope=eager singleton}
2024-05-03T16:22:44,867  INFO Injector:96 
2024-05-03T16:22:44,867  INFO Injector:85 org.matsim.analysis.LinkStatsControlerListener 
2024-05-03T16:22:44,867  INFO Injector:86   --> provider: com.google.inject.internal.ConstructorBindingImpl$Factory@1c93b51e[Scopes.SINGLETON]
2024-05-03T16:22:44,867  INFO Injector:87   --> source: org.matsim.analysis.LinkStatsModule.install(LinkStatsModule.java:46)
2024-05-03T16:22:44,868  INFO Injector:89   --> scope: eager singleton
2024-05-03T16:22:44,868  INFO Injector:94   ==full==> ConstructorBinding{key=Key[type=org.matsim.analysis.LinkStatsControlerListener, annotation=[none]], source=org.matsim.analysis.LinkStatsModule.install(LinkStatsModule.java:46), scope=eager singleton}
2024-05-03T16:22:44,868  INFO Injector:96 
2024-05-03T16:22:44,868  INFO Injector:85 org.matsim.analysis.VolumesAnalyzer 
2024-05-03T16:22:44,868  INFO Injector:86   --> provider: com.google.inject.internal.ConstructorBindingImpl$Factory@7ccfdaef[Scopes.SINGLETON]
2024-05-03T16:22:44,868  INFO Injector:87   --> source: org.matsim.analysis.VolumesAnalyzerModule.install(VolumesAnalyzerModule.java:31)
2024-05-03T16:22:44,868  INFO Injector:89   --> scope: eager singleton
2024-05-03T16:22:44,868  INFO Injector:94   ==full==> ConstructorBinding{key=Key[type=org.matsim.analysis.VolumesAnalyzer, annotation=[none]], source=org.matsim.analysis.VolumesAnalyzerModule.install(VolumesAnalyzerModule.java:31), scope=eager singleton}
2024-05-03T16:22:44,868  INFO Injector:96 
2024-05-03T16:22:44,868  INFO Injector:85 org.matsim.analysis.LegHistogram 
2024-05-03T16:22:44,868  INFO Injector:86   --> provider: com.google.inject.internal.ConstructorBindingImpl$Factory@a6e4897
2024-05-03T16:22:44,868  INFO Injector:87   --> source: org.matsim.analysis.LegHistogramModule.install(LegHistogramModule.java:30)
2024-05-03T16:22:44,868  INFO Injector:89   --> scope: Scopes.NO_SCOPE
2024-05-03T16:22:44,869  INFO Injector:94   ==full==> ConstructorBinding{key=Key[type=org.matsim.analysis.LegHistogram, annotation=[none]], source=org.matsim.analysis.LegHistogramModule.install(LegHistogramModule.java:30), scope=Scopes.NO_SCOPE}
2024-05-03T16:22:44,869  INFO Injector:96 
2024-05-03T16:22:44,869  INFO Injector:85 org.matsim.analysis.CalcLegTimes 
2024-05-03T16:22:44,869  INFO Injector:86   --> provider: com.google.inject.internal.ConstructorBindingImpl$Factory@32f5ecc4[Scopes.SINGLETON]
2024-05-03T16:22:44,869  INFO Injector:87   --> source: org.matsim.analysis.LegTimesModule.install(LegTimesModule.java:31)
2024-05-03T16:22:44,869  INFO Injector:89   --> scope: Scopes.SINGLETON
2024-05-03T16:22:44,869  INFO Injector:94   ==full==> ConstructorBinding{key=Key[type=org.matsim.analysis.CalcLegTimes, annotation=[none]], source=org.matsim.analysis.LegTimesModule.install(LegTimesModule.java:31), scope=Scopes.SINGLETON}
2024-05-03T16:22:44,869  INFO Injector:96 
2024-05-03T16:22:44,869  INFO Injector:85 org.matsim.analysis.TravelDistanceStats 
2024-05-03T16:22:44,869  INFO Injector:86   --> provider: com.google.inject.internal.ConstructorBindingImpl$Factory@19bedeb8[Scopes.SINGLETON]
2024-05-03T16:22:44,870  INFO Injector:87   --> source: org.matsim.analysis.IterationTravelStatsModule.install(IterationTravelStatsModule.java:31)
2024-05-03T16:22:44,870  INFO Injector:89   --> scope: eager singleton
2024-05-03T16:22:44,870  INFO Injector:94   ==full==> ConstructorBinding{key=Key[type=org.matsim.analysis.TravelDistanceStats, annotation=[none]], source=org.matsim.analysis.IterationTravelStatsModule.install(IterationTravelStatsModule.java:31), scope=eager singleton}
2024-05-03T16:22:44,870  INFO Injector:96 
2024-05-03T16:22:44,870  INFO Injector:85 org.matsim.analysis.PKMbyModeCalculator 
2024-05-03T16:22:44,870  INFO Injector:86   --> provider: com.google.inject.internal.ConstructorBindingImpl$Factory@1ba467c2[Scopes.SINGLETON]
2024-05-03T16:22:44,870  INFO Injector:87   --> source: org.matsim.analysis.IterationTravelStatsModule.install(IterationTravelStatsModule.java:32)
2024-05-03T16:22:44,870  INFO Injector:89   --> scope: eager singleton
2024-05-03T16:22:44,870  INFO Injector:94   ==full==> ConstructorBinding{key=Key[type=org.matsim.analysis.PKMbyModeCalculator, annotation=[none]], source=org.matsim.analysis.IterationTravelStatsModule.install(IterationTravelStatsModule.java:32), scope=eager singleton}
2024-05-03T16:22:44,870  INFO Injector:96 
2024-05-03T16:22:44,870  INFO Injector:85 org.matsim.analysis.PHbyModeCalculator 
2024-05-03T16:22:44,870  INFO Injector:86   --> provider: com.google.inject.internal.ConstructorBindingImpl$Factory@63f6bed1[Scopes.SINGLETON]
2024-05-03T16:22:44,870  INFO Injector:87   --> source: org.matsim.analysis.IterationTravelStatsModule.install(IterationTravelStatsModule.java:33)
2024-05-03T16:22:44,870  INFO Injector:89   --> scope: eager singleton
2024-05-03T16:22:44,871  INFO Injector:94   ==full==> ConstructorBinding{key=Key[type=org.matsim.analysis.PHbyModeCalculator, annotation=[none]], source=org.matsim.analysis.IterationTravelStatsModule.install(IterationTravelStatsModule.java:33), scope=eager singleton}
2024-05-03T16:22:44,871  INFO Injector:96 
2024-05-03T16:22:44,871  INFO Injector:85 org.matsim.analysis.ScoreStatsControlerListener 
2024-05-03T16:22:44,871  INFO Injector:86   --> provider: com.google.inject.internal.ConstructorBindingImpl$Factory@12e12ac9[Scopes.SINGLETON]
2024-05-03T16:22:44,871  INFO Injector:87   --> source: org.matsim.analysis.ScoreStatsModule.install(ScoreStatsModule.java:31)
2024-05-03T16:22:44,871  INFO Injector:89   --> scope: Scopes.SINGLETON
2024-05-03T16:22:44,871  INFO Injector:94   ==full==> ConstructorBinding{key=Key[type=org.matsim.analysis.ScoreStatsControlerListener, annotation=[none]], source=org.matsim.analysis.ScoreStatsModule.install(ScoreStatsModule.java:31), scope=Scopes.SINGLETON}
2024-05-03T16:22:44,871  INFO Injector:96 
2024-05-03T16:22:44,871  INFO Injector:85 org.matsim.analysis.ModeStatsControlerListener 
2024-05-03T16:22:44,871  INFO Injector:86   --> provider: com.google.inject.internal.ConstructorBindingImpl$Factory@5e230fc6[Scopes.SINGLETON]
2024-05-03T16:22:44,871  INFO Injector:87   --> source: org.matsim.analysis.ModeStatsModule.install(ModeStatsModule.java:31)
2024-05-03T16:22:44,871  INFO Injector:89   --> scope: Scopes.SINGLETON
2024-05-03T16:22:44,871  INFO Injector:94   ==full==> ConstructorBinding{key=Key[type=org.matsim.analysis.ModeStatsControlerListener, annotation=[none]], source=org.matsim.analysis.ModeStatsModule.install(ModeStatsModule.java:31), scope=Scopes.SINGLETON}
2024-05-03T16:22:44,871  INFO Injector:96 
2024-05-03T16:22:44,871  INFO Injector:85 org.matsim.counts.CountsModule$CountsInitializer 
2024-05-03T16:22:44,872  INFO Injector:86   --> provider: com.google.inject.internal.ConstructorBindingImpl$Factory@7ef8eda7[Scopes.SINGLETON]
2024-05-03T16:22:44,872  INFO Injector:87   --> source: org.matsim.counts.CountsModule.install(CountsModule.java:44)
2024-05-03T16:22:44,872  INFO Injector:89   --> scope: eager singleton
2024-05-03T16:22:44,872  INFO Injector:94   ==full==> ConstructorBinding{key=Key[type=org.matsim.counts.CountsModule$CountsInitializer, annotation=[none]], source=org.matsim.counts.CountsModule.install(CountsModule.java:44), scope=eager singleton}
2024-05-03T16:22:44,872  INFO Injector:96 
2024-05-03T16:22:44,872  INFO Injector:99 === printInjector end ===
2024-05-03T16:22:44,896  INFO Gbl:64 JVM: 21.0.2; Oracle Corporation; mixed mode, sharing; 64-bit
2024-05-03T16:22:44,897  INFO Gbl:68 OS: Windows 11; 10.0; amd64
2024-05-03T16:22:44,897  INFO Gbl:71 CPU cores: 8
2024-05-03T16:22:44,902  INFO Gbl:72 max. Memory: 1998.0MB (2095054848B)
2024-05-03T16:22:44,904  INFO Gbl:110 MATSim-Build: ra76d70e12c1ca93f702007bdf2cc365001d5f50e (2023-04-12 08:36:22)
2024-05-03T16:22:44,908  INFO ControlerListenerManagerImpl:108 calling notifyStartup on org.matsim.core.controler.ControlerDefaultsModule$1
2024-05-03T16:22:44,914  INFO MemoryObserver:42 used RAM: 53 MB  free: 16 MB  total: 70 MB
2024-05-03T16:22:45,066  INFO ControlerListenerManagerImpl:108 calling notifyStartup on org.matsim.guice.DependencyGraphControlerListener
2024-05-03T16:22:45,216  INFO ControlerListenerManagerImpl:108 calling notifyStartup on org.matsim.counts.CountsControlerListener
2024-05-03T16:22:45,217  INFO ControlerListenerManagerImpl:108 calling notifyStartup on org.matsim.analysis.ModeStatsControlerListener
2024-05-03T16:22:45,217  INFO ControlerListenerManagerImpl:108 calling notifyStartup on org.matsim.analysis.ScoreStatsControlerListener
2024-05-03T16:22:45,218  INFO ControlerListenerManagerImpl:111 all ControlerStartupListeners called.
2024-05-03T16:22:45,219  INFO ControlerUtils:80 config dump before iterations start
2024-05-03T16:22:45,255  INFO ControlerUtils:84 

<?xml version="1.0" encoding="UTF-8"?>
<!DOCTYPE config SYSTEM "http://www.matsim.org/files/dtd/config_v2.dtd">
<config>
	<module name="JDEQSim" >
		<param name="carSize" value="7.5" />
		<param name="endTime" value="undefined" />
		<param name="flowCapacityFactor" value="1.0" />
		<param name="gapTravelSpeed" value="15.0" />
		<param name="minimumInFlowCapacity" value="1800.0" />
		<param name="squeezeTime" value="1800.0" />
		<param name="storageCapacityFactor" value="1.0" />
	</module>
	<module name="ReplanningAnnealer" >
		<!-- Activate the scaling of replanning modules using an annealing approach rather than fixed rates. -->
		<param name="activateAnnealingModule" value="false" />
	</module>
	<module name="TimeAllocationMutator" >
		<!-- Default:true; Defines whether time mutation changes an activity's duration. -->
		<param name="mutationAffectsDuration" value="true" />
		<!-- Default:1800.0; Defines how many seconds a time mutation can maximally shift a time. -->
		<param name="mutationRange" value="1800.0" />
	</module>
	<module name="changeMode" >
		<!-- Defines whether car availability is considered be considered or not. An agent has no car only if it has no license, or never access to a car. Default: true -->
		<param name="ignoreCarAvailability" value="true" />
		<!-- Defines the mode switch behavior. Possible values [fromAllModesToSpecifiedModes, fromSpecifiedModesToSpecifiedModes] Default: fromSpecifiedModesToSpecifiedModes. -->
		<param name="modeSwitchBehavior" value="fromSpecifiedModesToSpecifiedModes" />
		<!-- Defines all the modes available, including chain-based modes, seperated by commas -->
		<param name="modes" value="car,pt" />
	</module>
	<module name="controler" >
		<!-- Defines what should be done with the ITERS directory when a simulation finished successfully -->
		<param name="cleanItersAtEnd" value="keep" />
		<!-- Compression algorithm to use when writing out data to files. Possible values: [none, gzip, lz4, zst] -->
		<param name="compressionType" value="gzip" />
		<!-- Sets whether graphs showing some analyses should automatically be generated during the simulation. The generation of graphs usually takes a small amount of time that does not have any weight in big simulations, but add a significant overhead in smaller runs or in test cases where the graphical output is not even requested. -->
		<param name="createGraphs" value="true" />
		<!-- Defines when the scoring functions for the population are created. Default=IterationStarts. Possible values: [IterationStarts, BeforeMobsim] -->
		<param name="createScoringFunctionType" value="IterationStarts" />
		<!-- true if at the end of a run, plans, network, config etc should be dumped to a file -->
		<param name="dumpDataAtEnd" value="true" />
		<!-- Default=false. If enabled, the router takes travel times needed for turning moves into account. Cannot be used if the (Fast)AStarLandmarks routing or TravelTimeCalculator.separateModes is enabled. -->
		<param name="enableLinkToLinkRouting" value="false" />
		<!-- Default=xml; Specifies the file format for writing events. Currently supported: [xml, pb, json]
		Multiple values can be specified separated by commas (','). -->
		<param name="eventsFileFormat" value="xml" />
		<!-- Default=0. First Iteration of a simulation. -->
		<param name="firstIteration" value="0" />
		<!-- Default=1000. Last Iteration of a simulation. -->
		<param name="lastIteration" value="1" />
		<!-- Defines which mobility simulation will be used. Currently supported: qsim JDEQSim hermes 
		Depending on the chosen mobsim, you'll have to add additional config modules to configure the corresponding mobsim.
		For 'qsim', add a module 'qsim' to the config. -->
		<param name="mobsim" value="qsim" />
		<param name="outputDirectory" value="test/output/org/matsim/project/RunMatsimTest/test/" />
		<!-- Possible values: failIfDirectoryExists,overwriteExistingFiles,deleteDirectoryIfExists -->
		<param name="overwriteFiles" value="deleteDirectoryIfExists" />
		<!-- The type of routing (least cost path) algorithm used, may have the values: [Dijkstra, AStarLandmarks, FastDijkstra, FastAStarLandmarks, SpeedyALT] -->
		<param name="routingAlgorithmType" value="AStarLandmarks" />
		<!-- An identifier for the current run which is used as prefix for output files and mentioned in output xml files etc. -->
		<param name="runId" value="null" />
		<!-- Comma-separated list of visualizer output file formats. `transims' and `otfvis'. -->
		<param name="snapshotFormat" value="" />
		<!-- iterationNumber % writeEventsInterval == 0 defines in which iterations events are written to a file. `0' disables events writing completely. -->
		<param name="writeEventsInterval" value="50" />
		<!-- iterationNumber % writePlansInterval == 0 defines (hopefully) in which iterations plans are written to a file. `0' disables plans writing completely.  Some plans in early iterations are always written -->
		<param name="writePlansInterval" value="50" />
		<!-- iterationNumber % writeSnapshotsInterval == 0 defines in which iterations snapshots are written to a file. `0' disables snapshots writing completely -->
		<param name="writeSnapshotsInterval" value="1" />
		<!-- iterationNumber % writeEventsInterval == 0 defines in which iterations trips CSV are written to a file. `0' disables trips writing completely. -->
		<param name="writeTripsInterval" value="50" />
	</module>
	<module name="counts" >
		<!-- Transport modes that will be respected for the counts comparison. 'car' is default, which includes also bussed from the pt simulation module. Use this parameter in combination with 'filterModes' = true! -->
		<param name="analyzedModes" value="car" />
		<!-- Specifies over how many iterations the link volumes should be averaged that are used for the counts comparison. Use 1 or 0 to only use the link volumes of a single iteration. This values cannot be larger than the value specified for writeCountsInterval -->
		<param name="averageCountsOverIterations" value="5" />
		<!-- factor by which to re-scale the simulated values.  necessary when simulation runs with something different from 100%.  needs to be adapted manually -->
		<param name="countsScaleFactor" value="1.0" />
		<!-- distance to distanceFilterCenterNode to include counting stations. The unit of distance is the Euclidean distance implied by the coordinate system -->
		<param name="distanceFilter" value="null" />
		<!-- node id for center node of distance filter -->
		<param name="distanceFilterCenterNode" value="null" />
		<!-- If true, link counts from legs performed on modes not included in the 'analyzedModes' parameter are ignored. -->
		<param name="filterModes" value="false" />
		<!-- The Coordinates Reference System in which the coordinates are expressed in the input file. At import, the coordinates will be converted to the coordinate system defined in "global", and willbe converted back at export. If not specified, no conversion happens. -->
		<param name="inputCRS" value="null" />
		<!-- input file name to counts package -->
		<param name="inputCountsFile" value="null" />
		<!-- possible values: `html', `txt', `all' -->
		<param name="outputformat" value="txt" />
		<!-- Specifies how often the counts comparison should be calculated and written. -->
		<param name="writeCountsInterval" value="10" />
	</module>
	<module name="facilities" >
		<!-- This defines how facilities should be created. Possible values: none fromFile setInScenario onePerActivityLinkInPlansFile onePerActivityLinkInPlansFileExceptWhenCoordinatesAreGiven onePerActivityLocationInPlansFile  -->
		<param name="facilitiesSource" value="fromFile" />
		<!-- A prefix to be used for auto-generated IDs. -->
		<param name="idPrefix" value="f_auto_" />
		<!-- The Coordinates Reference System in which the coordinates are expressed in the input file. At import, the coordinates will be converted to the coordinate system defined in "global", and willbe converted back at export. If not specified, no conversion happens. -->
		<param name="inputCRS" value="null" />
		<param name="inputFacilitiesFile" value="facilities.xml" />
		<param name="inputFacilityAttributesFile" value="null" />
		<param name="insistingOnUsingDeprecatedFacilitiesAttributeFile" value="false" />
	</module>
	<module name="global" >
		<param name="coordinateSystem" value="Atlantis" />
		<param name="defaultDelimiter" value=";" />
		<param name="insistingOnDeprecatedConfigVersion" value="true" />
		<!-- "global" number of threads.  This number is used, e.g., for replanning, but NOT in QSim.  This can typically be set to as many cores as you have available, or possibly even slightly more. -->
		<param name="numberOfThreads" value="2" />
		<param name="randomSeed" value="4711" />
	</module>
	<module name="hermes" >
		<!-- Simulation End Time -->
		<param name="endTime" value="30:00:00" />
		<param name="flowCapacityFactor" value="1.0" />
		<param name="mainMode" value="car" />
		<param name="storageCapacityFactor" value="1.0" />
		<!-- time in seconds.  Time after which the frontmost vehicle on a link is called `stuck' if it does not move. Set to Integer.MAX_VALUE to disable this behavior -->
		<param name="stuckTime" value="10" />
		<!-- treats PT as deterministic. PT vehicles will run with a steady speed. Should be used with separate network layers for PT and other network modes. -->
		<param name="useDeterministicPt" value="false" />
	</module>
	<module name="households" >
		<param name="inputFile" value="null" />
		<param name="inputHouseholdAttributesFile" value="null" />
		<param name="insistingOnUsingDeprecatedHouseholdsAttributeFile" value="false" />
	</module>
	<module name="linkStats" >
		<!-- Specifies over how many iterations the link volumes should be averaged that are used for the link statistics. Use 1 or 0 to only use the link volumes of a single iteration. This values cannot be larger than the value specified for writeLinkStatsInterval -->
		<param name="averageLinkStatsOverIterations" value="5" />
		<!-- Specifies how often the link stats should be calculated and written. Use 0 to disable the generation of link stats. -->
		<param name="writeLinkStatsInterval" value="50" />
	</module>
	<module name="network" >
		<!-- The Coordinates Reference System in which the coordinates are expressed in the input file. At import, the coordinates will be converted to the coordinate system defined in "global", and willbe converted back at export. If not specified, no conversion happens. -->
		<param name="inputCRS" value="null" />
		<param name="inputChangeEventsFile" value="null" />
		<param name="inputNetworkFile" value="network.xml" />
		<param name="laneDefinitionsFile" value="null" />
		<param name="timeVariantNetwork" value="false" />
	</module>
	<module name="parallelEventHandling" >
		<!-- Estimated number of events during mobsim run. An optional optimization hint for the framework. -->
		<param name="estimatedNumberOfEvents" value="null" />
		<!-- Size of the events Queue. Increase for very large scenarios -->
		<param name="eventsQueueSize" value="131072" />
		<!-- Number of threads for parallel events handler. _null_ means the framework decides by itself. 0 is currently not possible. -->
		<param name="numberOfThreads" value="null" />
		<!-- If enabled, each event handler is assigned to its own thread. Note that enabling this feature disabled the numberOfThreads option! This feature is still experimental! -->
		<param name="oneThreadPerHandler" value="false" />
		<!-- If enabled, it is ensured that all events that are created during a time step of the mobility simulation are processed before the next time step is simulated. E.g. neccessary when within-day replanning is used. -->
		<param name="synchronizeOnSimSteps" value="true" />
	</module>
	<module name="planCalcScore" >
		<!-- logit model scale parameter. default: 1.  Has name and default value for historical reasons (see Bryan Raney's phd thesis). -->
		<param name="BrainExpBeta" value="2.0" />
		<param name="PathSizeLogitBeta" value="1.0" />
		<!-- fraction of iterations at which MSA score averaging is started. The matsim theory department suggests to use this together with switching off choice set innovation (where a similar switch exists), but it has not been tested yet. -->
		<param name="fractionOfIterationsToStartScoreMSA" value="null" />
		<!-- new_score = (1-learningRate)*old_score + learningRate * score_from_mobsim.  learning rates close to zero emulate score averaging, but slow down initial convergence -->
		<param name="learningRate" value="1.0" />
		<!-- There used to be a plateau between duration=0 and duration=zeroUtilityDuration. This caused durations to evolve to zero once they were below zeroUtilityDuration, causing problems.  Only use this switch if you need to be backwards compatible with some old results.  (changed nov'13) -->
		<param name="usingOldScoringBelowZeroUtilityDuration" value="false" />
		<!-- write a plans file in each iteration directory which contains what each agent actually did, and the score it received. -->
		<param name="writeExperiencedPlans" value="false" />
		<parameterset type="scoringParameters" >
			<param name="earlyDeparture" value="-0.0" />
			<param name="lateArrival" value="-18.0" />
			<param name="marginalUtilityOfMoney" value="1.0" />
			<param name="performing" value="6.0" />
			<param name="subpopulation" value="null" />
			<param name="utilityOfLineSwitch" value="-1.0" />
			<param name="waiting" value="-0.0" />
			<param name="waitingPt" value="-6.0" />
			<parameterset type="activityParams" >
				<param name="activityType" value="h" />
				<param name="closingTime" value="undefined" />
				<param name="earliestEndTime" value="undefined" />
				<param name="latestStartTime" value="undefined" />
				<param name="minimalDuration" value="08:00:00" />
				<param name="openingTime" value="undefined" />
				<param name="priority" value="1.0" />
				<param name="scoringThisActivityAtAll" value="true" />
				<!-- typical duration of activity.  needs to be defined and non-zero.  in sec. -->
				<param name="typicalDuration" value="12:00:00" />
				<!-- method to compute score at typical duration.  Options: | uniform | relative | Use uniform for backwards compatibility (all activities same score; higher proba to drop long acts). -->
				<param name="typicalDurationScoreComputation" value="relative" />
			</parameterset>
			<parameterset type="activityParams" >
				<param name="activityType" value="w" />
				<param name="closingTime" value="18:00:00" />
				<param name="earliestEndTime" value="undefined" />
				<param name="latestStartTime" value="09:00:00" />
				<param name="minimalDuration" value="06:00:00" />
				<param name="openingTime" value="07:00:00" />
				<param name="priority" value="1.0" />
				<param name="scoringThisActivityAtAll" value="true" />
				<param name="typicalDuration" value="08:00:00" />
				<param name="typicalDurationScoreComputation" value="relative" />
			</parameterset>
			<parameterset type="activityParams" >
				<param name="activityType" value="car interaction" />
				<param name="closingTime" value="undefined" />
				<param name="earliestEndTime" value="undefined" />
				<param name="latestStartTime" value="undefined" />
				<param name="minimalDuration" value="undefined" />
				<param name="openingTime" value="undefined" />
				<param name="priority" value="1.0" />
				<param name="scoringThisActivityAtAll" value="false" />
				<param name="typicalDuration" value="undefined" />
				<param name="typicalDurationScoreComputation" value="relative" />
			</parameterset>
			<parameterset type="activityParams" >
				<param name="activityType" value="pt interaction" />
				<param name="closingTime" value="undefined" />
				<param name="earliestEndTime" value="undefined" />
				<param name="latestStartTime" value="undefined" />
				<param name="minimalDuration" value="undefined" />
				<param name="openingTime" value="undefined" />
				<param name="priority" value="1.0" />
				<param name="scoringThisActivityAtAll" value="false" />
				<param name="typicalDuration" value="undefined" />
				<param name="typicalDurationScoreComputation" value="relative" />
			</parameterset>
			<parameterset type="activityParams" >
				<param name="activityType" value="walk interaction" />
				<param name="closingTime" value="undefined" />
				<param name="earliestEndTime" value="undefined" />
				<param name="latestStartTime" value="undefined" />
				<param name="minimalDuration" value="undefined" />
				<param name="openingTime" value="undefined" />
				<param name="priority" value="1.0" />
				<param name="scoringThisActivityAtAll" value="false" />
				<param name="typicalDuration" value="undefined" />
				<param name="typicalDurationScoreComputation" value="relative" />
			</parameterset>
			<parameterset type="modeParams" >
				<!-- [utils] alternative-specific constant.  Normally per trip, but that is probably buggy for multi-leg trips. -->
				<param name="constant" value="0.0" />
				<!-- [unit_of_money/day] Fixed cost of mode, per day. -->
				<param name="dailyMonetaryConstant" value="0.0" />
				<!-- [utils] daily utility constant. default=0 to be backwards compatible -->
				<param name="dailyUtilityConstant" value="0.0" />
				<!-- [utils/m] utility of traveling (e.g. walking or driving) per m, normally negative.  this is on top of the time (dis)utility. -->
				<param name="marginalUtilityOfDistance_util_m" value="0.0" />
				<!-- [utils/hr] additional marginal utility of traveling.  normally negative.  this comes on top of the opportunity cost of time -->
				<param name="marginalUtilityOfTraveling_util_hr" value="-6.0" />
				<param name="mode" value="car" />
				<!-- [unit_of_money/m] conversion of distance into money. Normally negative. -->
				<param name="monetaryDistanceRate" value="0.0" />
			</parameterset>
			<parameterset type="modeParams" >
				<param name="constant" value="0.0" />
				<param name="dailyMonetaryConstant" value="0.0" />
				<param name="dailyUtilityConstant" value="0.0" />
				<param name="marginalUtilityOfDistance_util_m" value="0.0" />
				<param name="marginalUtilityOfTraveling_util_hr" value="-6.0" />
				<param name="mode" value="pt" />
				<param name="monetaryDistanceRate" value="0.0" />
			</parameterset>
			<parameterset type="modeParams" >
				<param name="constant" value="0.0" />
				<param name="dailyMonetaryConstant" value="0.0" />
				<param name="dailyUtilityConstant" value="0.0" />
				<param name="marginalUtilityOfDistance_util_m" value="0.0" />
				<param name="marginalUtilityOfTraveling_util_hr" value="-6.0" />
				<param name="mode" value="walk" />
				<param name="monetaryDistanceRate" value="0.0" />
			</parameterset>
		</parameterset>
	</module>
	<module name="plans" >
		<!-- String: minOfDurationAndEndTime tryEndTimeThenDuration endTimeOnly. Anything besides minOfDurationAndEndTime will internally use a different (simpler) version of the TimeAllocationMutator. -->
		<param name="activityDurationInterpretation" value="tryEndTimeThenDuration" />
		<!-- Possible values: reject,useMainModeIdentifier -->
		<param name="handlingOfPlansWithoutRoutingMode" value="reject" />
		<!-- The Coordinates Reference System in which the coordinates are expressed in the input file. At import, the coordinates will be converted to the coordinate system defined in "global", and willbe converted back at export. If not specified, no conversion happens. -->
		<param name="inputCRS" value="null" />
		<param name="inputPersonAttributesFile" value="null" />
		<param name="inputPlansFile" value="plans100.xml" />
		<param name="insistingOnUsingDeprecatedPersonAttributeFile" value="false" />
		<!-- Defines how routes are stored in memory. Currently supported: LinkNetworkRoute, MediumCompressedNetworkRoute, HeavyCompressedNetworkRoute. -->
		<param name="networkRouteType" value="LinkNetworkRoute" />
		<!-- (not tested) will remove plan attributes that are presumably not used, such as activityStartTime. default=false. Use with Caution! -->
		<param name="removingUnnecessaryPlanAttributes" value="false" />
		<!-- Defines how departure times are interpreted in rerouting applications. If set to 'ignoreDelays', the departure time of a trip when routing along a plan will always be the nominal (plan-based) activity end time. If set to 'shiftActivityEndTimes', routing along a plan will accumulate travel times and shift activity end times if necessary -->
		<param name="tripDurationHandling" value="ignoreDelays" />
	</module>
	<module name="planscalcroute" >
		<!-- Defines how access and egress to main mode is simulated. Either of [none, accessEgressModeToLink, walkConstantTimeToLink, accessEgressModeToLinkPlusTimeConstant], Current default=none which means no access or egress trips are simulated. -->
		<param name="accessEgressType" value="none" />
		<!-- Some typical teleportation routing params are set by default, such as for walk and bike.  Setting this switch to "true" will clear them.  Note that this will also clear settings for helper modes such as for non_network_walk -->
		<param name="clearDefaultTeleportedModeParams" value="false" />
		<!-- All the modes for which the router is supposed to generate network routes (like car) -->
		<param name="networkModes" value="car" />
		<!-- strength of the randomness for the utility of money in routing under toll.  Leads to Pareto-optimal route with randomly drawn money-vs-other-attributes tradeoff. Technically the width parameter of a log-normal distribution. 3.0 seems to be a good value.  -->
		<param name="routingRandomness" value="3.0" />
		<parameterset type="teleportedModeParameters" >
			<param name="beelineDistanceFactor" value="1.3" />
			<param name="mode" value="bike" />
			<!-- Free-speed factor for a teleported mode. Travel time = teleportedModeFreespeedFactor * <freespeed car travel time>. Insert a line like this for every such mode. Please do not set teleportedModeFreespeedFactor as well as teleportedModeSpeed for the same mode, but if you do, +teleportedModeFreespeedFactor wins over teleportedModeSpeed. -->
			<param name="teleportedModeFreespeedFactor" value="null" />
			<!-- Speed for a teleported mode. Travel time = (<beeline distance> * beelineDistanceFactor) / teleportedModeSpeed. Insert a line like this for every such mode. -->
			<param name="teleportedModeSpeed" value="4.166666666666667" />
		</parameterset>
		<parameterset type="teleportedModeParameters" >
			<param name="beelineDistanceFactor" value="1.3" />
			<param name="mode" value="walk" />
			<param name="teleportedModeFreespeedFactor" value="null" />
			<param name="teleportedModeSpeed" value="0.8333333333333333" />
		</parameterset>
		<parameterset type="teleportedModeParameters" >
			<param name="beelineDistanceFactor" value="1.3" />
			<param name="mode" value="non_network_walk" />
			<param name="teleportedModeFreespeedFactor" value="null" />
			<param name="teleportedModeSpeed" value="0.8333333333333333" />
		</parameterset>
		<parameterset type="teleportedModeParameters" >
			<param name="beelineDistanceFactor" value="1.3" />
			<param name="mode" value="ride" />
			<param name="teleportedModeFreespeedFactor" value="1.0" />
			<param name="teleportedModeSpeed" value="null" />
		</parameterset>
		<parameterset type="teleportedModeParameters" >
			<param name="beelineDistanceFactor" value="1.3" />
			<param name="mode" value="pt" />
			<param name="teleportedModeFreespeedFactor" value="2.0" />
			<param name="teleportedModeSpeed" value="null" />
		</parameterset>
	</module>
	<module name="ptCounts" >
		<!-- factor by which to re-scale the simulated values.  necessary when simulation runs with something different from 100%.  needs to be adapted manually -->
		<param name="countsScaleFactor" value="1.0" />
		<!-- distance to distanceFilterCenterNode to include counting stations. The unit of distance is the Euclidean distance implied by the coordinate system -->
		<param name="distanceFilter" value="null" />
		<!-- node id for center node of distance filter -->
		<param name="distanceFilterCenterNode" value="null" />
		<!-- input file containing the alighting (getting off) counts for pt -->
		<param name="inputAlightCountsFile" value="null" />
		<!-- input file containing the boarding (getting on) counts for pt -->
		<param name="inputBoardCountsFile" value="null" />
		<!-- input file containing the occupancy counts for pt -->
		<param name="inputOccupancyCountsFile" value="null" />
		<!-- possible values: `html', `txt', `all' -->
		<param name="outputformat" value="null" />
		<!-- every how many iterations (starting with 0) counts comparisons are generated -->
		<param name="ptCountsInterval" value="10" />
	</module>
	<module name="qsim" >
		<param name="endTime" value="00:00:00" />
		<!-- If set to withLinkAttributes snapshots will only be generated for links which include generateSnapshotForLink as attribute key. Default is no filtering. -->
		<param name="filterSnapshots" value="no" />
		<param name="flowCapacityFactor" value="1.0" />
		<!-- decides if waiting vehicles enter the network after or before the already driving vehicles were moved. Default: false -->
		<param name="insertingWaitingVehiclesBeforeDrivingVehicles" value="true" />
		<!-- If link dynamics is set as SeepageQ, set to false if all seep modes should perform seepage. Default is true (better option). -->
		<param name="isRestrictingSeepage" value="true" />
		<!-- If link dynamics is set as SeepageQ, set to true if seep mode do not consumes any space on the link. Default is false. -->
		<param name="isSeepModeStorageFree" value="false" />
		<!-- default: FIFO; options: FIFO PassingQ SeepageQ -->
		<param name="linkDynamics" value="FIFO" />
		<!-- The (initial) width of the links of the network. Use positive floating point values. This is used only for visualisation. -->
		<param name="linkWidth" value="30.0" />
		<!-- [comma-separated list] Defines which modes are congested modes. Technically, these are the modes that the departure handler of the netsimengine handles.  Effective cell size, effective lane width, flow capacity factor, and storage capacity factor need to be set with diligence.  Need to be vehicular modes to make sense. -->
		<param name="mainMode" value="car" />
		<!-- Shortens a link in the visualization, i.e. its start and end point are moved into towards the center. Does not affect traffic flow.  -->
		<param name="nodeOffset" value="0.0" />
		<!-- Number of threads used for the QSim.  Note that this setting is independent from the "global" threads setting.  In contrast to earlier versions, the non-parallel special version is no longer there. -->
		<param name="numberOfThreads" value="1" />
		<!-- Boolean. `true': stuck vehicles are removed, aborting the plan; `false': stuck vehicles are forced into the next link. `false' is probably the better choice. -->
		<param name="removeStuckVehicles" value="false" />
		<!-- If link dynamics is set as SeepageQ, set a seep mode. Default is bike. -->
		<param name="seepMode" value="bike" />
		<!-- Possible values: minOfEndtimeAndMobsimFinished,onlyUseEndtime -->
		<param name="simEndtimeInterpretation" value="null" />
		<!-- Options: maxOfStarttimeAndEarliestActivityEnd onlyUseStarttime  -->
		<param name="simStarttimeInterpretation" value="maxOfStarttimeAndEarliestActivityEnd" />
		<!-- snapshotStyle. One of: equiDist queue withHoles withHolesAndShowHoles kinematicWaves  -->
		<param name="snapshotStyle" value="queue" />
		<param name="snapshotperiod" value="00:00:00" />
		<param name="startTime" value="00:00:00" />
		<param name="storageCapacityFactor" value="1.0" />
		<!-- time in seconds.  Time after which the frontmost vehicle on a link is called `stuck' if it does not move. -->
		<param name="stuckTime" value="10.0" />
		<param name="timeStepSize" value="00:00:01" />
		<!-- options: queue withHoles kinematicWaves  -->
		<param name="trafficDynamics" value="queue" />
		<!-- Set this parameter to true if lanes should be used, false if not. -->
		<param name="useLanes" value="false" />
		<!-- If a route does not reference a vehicle, agents will use the vehicle with the same id as their own. -->
		<param name="usePersonIdForMissingVehicleId" value="true" />
		<!-- If false, the qsim accumulates fractional flows up to one flow unit in every time step.  If true, flows are updated only if an agent wants to enter the link or an agent is added to buffer. Default is true. -->
		<param name="usingFastCapacityUpdate" value="false" />
		<!-- Defines what happens if an agent wants to depart, but the specified vehicle is not available. One of: teleport wait exception  -->
		<param name="vehicleBehavior" value="teleport" />
		<!-- If vehicles should all be the same default vehicle, or come from the vehicles file, or something else.  Possible values:  defaultVehicle modeVehicleTypesFromVehiclesData fromVehiclesData -->
		<param name="vehiclesSource" value="defaultVehicle" />
	</module>
	<module name="signalsystems" >
		<!-- Possible values: WARN,EXCEPTION -->
		<param name="actionOnConflictingDirectionViolation" value="WARN" />
		<!-- Possible values: WARN,EXCEPTION -->
		<param name="actionOnIntergreenViolation" value="WARN" />
		<param name="ambertimes" value="null" />
		<param name="conflictingDirections" value="null" />
		<param name="intergreentimes" value="null" />
		<!-- Possible values: NONE,CONFLICTING_DIRECTIONS_NO_TURN_RESTRICTIONS,CONFLICTING_DIRECTIONS_AND_TURN_RESTRICTIONS -->
		<param name="intersectionLogic" value="NONE" />
		<param name="signalcontrol" value="null" />
		<param name="signalgroups" value="null" />
		<param name="signalsystems" value="null" />
		<param name="useAmbertimes" value="false" />
		<param name="useIntergreentimes" value="false" />
		<param name="useSignalsystems" value="false" />
	</module>
	<module name="strategy" >
		<!-- the external executable will be called with a config file as argument.  This is the pathname to a possible skeleton config, to which additional information will be added.  Can be null. -->
		<param name="ExternalExeConfigTemplate" value="null" />
		<!-- time out value (in seconds) after which matsim will consider the external strategy as failed -->
		<param name="ExternalExeTimeOut" value="3600" />
		<!-- root directory for temporary files generated by the external executable. Provided as a service; I don't think this is used by MATSim. -->
		<param name="ExternalExeTmpFileRootDir" value="null" />
		<!-- fraction of iterations where innovative strategies are switched off.  Something like 0.8 should be good.  E.g. if you run from iteration 400 to iteration 500, innovation is switched off at iteration 480 -->
		<param name="fractionOfIterationsToDisableInnovation" value="Infinity" />
		<!-- maximum number of plans per agent.  ``0'' means ``infinity''.  Currently (2010), ``5'' is a good number -->
		<param name="maxAgentPlanMemorySize" value="5" />
		<!-- strategyName of PlanSelector for plans removal.  Possible defaults: WorstPlanSelector SelectRandom SelectExpBetaForRemoval ChangeExpBetaForRemoval PathSizeLogitSelectorForRemoval . The current default, WorstPlanSelector is not a good choice from a discrete choice theoretical perspective. Alternatives, however, have not been systematically tested. kai, feb'12 -->
		<param name="planSelectorForRemoval" value="WorstPlanSelector" />
		<parameterset type="strategysettings" >
			<!-- iteration after which strategy will be disabled.  most useful for ``innovative'' strategies (new routes, new times, ...). Normally, better use fractionOfIterationsToDisableInnovation -->
			<param name="disableAfterIteration" value="-1" />
			<!-- path to external executable (if applicable) -->
			<param name="executionPath" value="null" />
			<!-- strategyName of strategy.  Possible default names: SelectRandom BestScore KeepLastSelected ChangeExpBeta SelectExpBeta SelectPathSizeLogit      (selectors), ReRouteTimeAllocationMutatorTimeAllocationMutator_ReRouteChangeSingleTripModeChangeTripModeSubtourModeChoice (innovative strategies). -->
			<param name="strategyName" value="BestScore" />
			<!-- subpopulation to which the strategy applies. "null" refers to the default population, that is, the set of persons for which no explicit subpopulation is defined (ie no subpopulation attribute) -->
			<param name="subpopulation" value="null" />
			<!-- weight of a strategy: for each agent, a strategy will be selected with a probability proportional to its weight -->
			<param name="weight" value="0.9" />
		</parameterset>
		<parameterset type="strategysettings" >
			<param name="disableAfterIteration" value="-1" />
			<param name="executionPath" value="null" />
			<param name="strategyName" value="ReRoute" />
			<param name="subpopulation" value="null" />
			<param name="weight" value="0.1" />
		</parameterset>
	</module>
	<module name="subtourModeChoice" >
		<!-- Only for backwards compatibility.  Defines if only trips from modes list should change mode, or all trips.  Options: fromAllModesToSpecifiedModes fromSpecifiedModesToSpecifiedModes betweenAllAndFewerConstraints  -->
		<param name="behavior" value="fromSpecifiedModesToSpecifiedModes" />
		<!-- Defines the chain-based modes, seperated by commas -->
		<param name="chainBasedModes" value="car,bike" />
		<!-- Defines whether car availability must be considered or not. A agent has no car only if it has no license, or never access to a car -->
		<param name="considerCarAvailability" value="false" />
		<!-- If greater than 0, subtours will also consider coordinates to be at the same location when smaller than set distance. -->
		<param name="coordDistance" value="0.0" />
		<!-- Defines all the modes available, including chain-based modes, seperated by commas -->
		<param name="modes" value="car,pt,bike,walk" />
		<!-- Defines the probability of changing a single trip for a unchained mode instead of subtour. -->
		<param name="probaForRandomSingleTripMode" value="0.0" />
	</module>
	<module name="transit" >
		<!-- The Coordinates Reference System in which the coordinates are expressed in the input file. At import, the coordinates will be converted to the coordinate system defined in "global", and willbe converted back at export. If not specified, no conversion happens. -->
		<param name="inputScheduleCRS" value="null" />
		<param name="insistingOnUsingDeprecatedAttributeFiles" value="false" />
		<!-- The type of transit routing algorithm used, may have the values: [DijkstraBased, SwissRailRaptor] -->
		<param name="routingAlgorithmType" value="SwissRailRaptor" />
		<!-- Optional input file containing additional attributes for transit lines, stored as ObjectAttributes. -->
		<param name="transitLinesAttributesFile" value="null" />
		<!-- Comma-separated list of transportation modes that are handled as transit. Defaults to 'pt'. -->
		<param name="transitModes" value="pt" />
		<!-- Input file containing the transit schedule to be simulated. -->
		<param name="transitScheduleFile" value="null" />
		<!-- Optional input file containing additional attributes for transit stop facilities, stored as ObjectAttributes. -->
		<param name="transitStopsAttributesFile" value="null" />
		<!-- Set this parameter to true if transit should be simulated, false if not. -->
		<param name="useTransit" value="false" />
		<param name="usingTransitInMobsim" value="true" />
		<!-- Input file containing the vehicles used by the departures in the transit schedule. -->
		<param name="vehiclesFile" value="null" />
	</module>
	<module name="transitRouter" >
		<!-- additional time the router allocates when a line switch happens. Can be interpreted as a 'safety' time that agents need to safely transfer from one line to another -->
		<param name="additionalTransferTime" value="0.0" />
		<!-- Factor with which direct walk generalized cost is multiplied before it is compared to the pt generalized cost.  Set to a very high value to reduce direct walk results. -->
		<param name="directWalkFactor" value="1.0" />
		<!-- step size to increase searchRadius if no stops are found -->
		<param name="extensionRadius" value="200.0" />
		<!-- maximum beeline distance between stops that agents could transfer to by walking -->
		<param name="maxBeelineWalkConnectionDistance" value="100.0" />
		<!-- the radius in which stop locations are searched, given a start or target coordinate -->
		<param name="searchRadius" value="1000.0" />
	</module>
	<module name="travelTimeCalculator" >
		<!-- (only for backwards compatibility; only used if separateModes==false && + filterModes==true)  Transport modes that will be respected by the travel time collector. 'car' is default which includes also buses from the pt simulation module. -->
		<param name="analyzedModes" value="car" />
		<param name="calculateLinkToLinkTravelTimes" value="false" />
		<param name="calculateLinkTravelTimes" value="true" />
		<!-- (only for backwards compatiblity; only used if separateModes==false)  Only modes included in analyzedModes are included. -->
		<param name="filterModes" value="false" />
		<!-- The lenght (in sec) of the time period that is splited into time bins; an additional time bin is created to aggregate all travel times collected after maxTime -->
		<param name="maxTime" value="108000" />
		<!-- (only for backwards compatibility) If false, link travel times are measured and aggregated over all vehicles using the link. -->
		<param name="separateModes" value="true" />
		<!-- How to deal with congested time bins that have no link entry events. `optimistic' assumes free speed (too optimistic); 'experimental_LastMile' is experimental and probably too pessimistic. -->
		<param name="travelTimeAggregator" value="optimistic" />
		<!-- The size of the time bin (in sec) into which the link travel times are aggregated for the router -->
		<param name="travelTimeBinSize" value="900" />
		<!-- possible values: TravelTimeCalculatorArray TravelTimeCalculatorHashMap  -->
		<param name="travelTimeCalculator" value="TravelTimeCalculatorArray" />
		<!-- How to deal with link entry times at different positions during the time bin. Currently supported: average, linearinterpolation -->
		<param name="travelTimeGetter" value="average" />
	</module>
	<module name="vehicles" >
		<param name="vehiclesFile" value="null" />
	</module>
	<module name="vspExperimental" >
		<!-- (do not use except of you have to) There was a problem with pt interaction scoring.  Some people solved it by overwriting the parameters of the pt interaction activity type.  Doing this now throws an Exception.  If you still insist on doing this, set the following to true. -->
		<param name="isAbleToOverwritePtInteractionParams" value="false" />
		<param name="isGeneratingBoardingDeniedEvent" value="false" />
		<!-- if an approximation of the opportunity cost of time is included into the radius calculation for location choice.`true' will be faster, but it is an approximation.  Default is `true'; `false' is available for backwards compatibility. -->
		<param name="isUsingOpportunityCostOfTimeForLocationChoice" value="true" />
		<param name="logitScaleParamForPlansRemoval" value="1.0" />
		<!-- Options: | ignore | info | warn | abort | .  When violating VSP defaults, this results in nothing, logfile infos, logfile warnings, or aborts.  Members of VSP should use `abort' or talk to kai. -->
		<param name="vspDefaultsCheckingLevel" value="ignore" />
		<!-- if true then writes output_events in output directory.  default is `false'. Will only work when lastIteration is multiple of events writing interval -->
		<param name="writingOutputEvents" value="true" />
	</module>

</config>

2024-05-03T16:22:45,258  INFO ControlerUtils:85 Complete config dump done.
2024-05-03T16:22:45,259  INFO ControlerUtils:86 Checking consistency of config...
2024-05-03T16:22:45,259  INFO VspConfigConsistencyCheckerImpl:64 NOT running vsp config consistency check because vsp defaults checking level is set to IGNORE
2024-05-03T16:22:45,264  INFO ControlerUtils:88 Checking consistency of config done.
2024-05-03T16:22:45,271  INFO NetworkImpl:419 building QuadTree for nodes: xrange(-20001.0,5001.0); yrange(-10001.0,5926.0)
2024-05-03T16:22:45,278  INFO NetworkImpl:428 Building QuadTree took 0.009 seconds.
2024-05-03T16:22:45,290  INFO Counter:70 [VehiclesImpl] added vehicle # 1
2024-05-03T16:22:45,291  INFO Counter:70 [VehiclesImpl] added vehicle # 2
2024-05-03T16:22:45,292  INFO Counter:70 [VehiclesImpl] added vehicle # 4
2024-05-03T16:22:45,292  INFO Counter:70 [VehiclesImpl] added vehicle # 8
2024-05-03T16:22:45,292  INFO Counter:70 [VehiclesImpl] added vehicle # 16
2024-05-03T16:22:45,293  INFO Counter:70 [VehiclesImpl] added vehicle # 32
2024-05-03T16:22:45,293  INFO Counter:70 [VehiclesImpl] added vehicle # 64
2024-05-03T16:22:45,324  INFO PreProcessDijkstra:119 nodes in dead ends: 0 (total nodes: 15). Done in 1 ms
2024-05-03T16:22:45,325  INFO PreProcessLandmarks:113 Putting landmarks on network...
2024-05-03T16:22:45,327  INFO LandmarkerPieSlices:97 Filling sectors...
2024-05-03T16:22:45,328  INFO LandmarkerPieSlices:164 There is no node in sector 0!
2024-05-03T16:22:45,328  INFO LandmarkerPieSlices:164 There is no node in sector 1!
2024-05-03T16:22:45,329  INFO LandmarkerPieSlices:164 There is no node in sector 2!
2024-05-03T16:22:45,329  INFO LandmarkerPieSlices:164 There is no node in sector 3!
2024-05-03T16:22:45,329  INFO LandmarkerPieSlices:164 There is no node in sector 4!
2024-05-03T16:22:45,329  INFO LandmarkerPieSlices:164 There is no node in sector 5!
2024-05-03T16:22:45,329  INFO LandmarkerPieSlices:164 There is no node in sector 6!
2024-05-03T16:22:45,329  INFO LandmarkerPieSlices:164 There is no node in sector 7!
2024-05-03T16:22:45,329  INFO LandmarkerPieSlices:164 There is no node in sector 8!
2024-05-03T16:22:45,329  INFO LandmarkerPieSlices:164 There is no node in sector 9!
2024-05-03T16:22:45,329  INFO LandmarkerPieSlices:164 There is no node in sector 10!
2024-05-03T16:22:45,329  INFO LandmarkerPieSlices:164 There is no node in sector 11!
2024-05-03T16:22:45,329  INFO LandmarkerPieSlices:164 There is no node in sector 12!
2024-05-03T16:22:45,329  INFO LandmarkerPieSlices:164 There is no node in sector 13!
2024-05-03T16:22:45,330  INFO LandmarkerPieSlices:164 There is no node in sector 14!
2024-05-03T16:22:45,331  INFO LandmarkerPieSlices:101 Reducing number of landmarks from 16 to 1...
2024-05-03T16:22:45,331  INFO LandmarkerPieSlices:108 Refining landmarks...
2024-05-03T16:22:45,331  INFO LandmarkerPieSlices:110 done
2024-05-03T16:22:45,332  INFO PreProcessLandmarks:116 done in 6 ms
2024-05-03T16:22:45,332  INFO PreProcessLandmarks:118 Initializing landmarks data
2024-05-03T16:22:45,332  INFO PreProcessLandmarks:130 Calculating distance from each node to each of the 16 landmarks using 2 threads...
2024-05-03T16:22:45,333  INFO PreProcessLandmarks:140 wait for landmarks Calculator to finish...
2024-05-03T16:22:45,336  INFO PreProcessLandmarks:164 done in 4 ms
2024-05-03T16:22:45,350  INFO NetworkImpl:165  node # 1
2024-05-03T16:22:45,350  INFO NetworkImpl:165  node # 4
2024-05-03T16:22:45,352  INFO NetworkImpl:161  link # 1
2024-05-03T16:22:45,353  INFO NetworkImpl:161  link # 4
2024-05-03T16:22:45,353  INFO NetworkImpl:161  link # 16
2024-05-03T16:22:45,356  INFO RandomizingTimeDistanceTravelDisutilityFactory:86  sigma: 3.0; resulting normalization: 0.011108996538242306
2024-05-03T16:22:45,358  INFO PreProcessDijkstra:119 nodes in dead ends: 0 (total nodes: 15). Done in 0 ms
2024-05-03T16:22:45,358  INFO PreProcessLandmarks:113 Putting landmarks on network...
2024-05-03T16:22:45,358  INFO LandmarkerPieSlices:97 Filling sectors...
2024-05-03T16:22:45,358  INFO LandmarkerPieSlices:164 There is no node in sector 0!
2024-05-03T16:22:45,358  INFO LandmarkerPieSlices:164 There is no node in sector 1!
2024-05-03T16:22:45,358  INFO LandmarkerPieSlices:164 There is no node in sector 2!
2024-05-03T16:22:45,358  INFO LandmarkerPieSlices:164 There is no node in sector 3!
2024-05-03T16:22:45,358  INFO LandmarkerPieSlices:164 There is no node in sector 4!
2024-05-03T16:22:45,358  INFO LandmarkerPieSlices:164 There is no node in sector 5!
2024-05-03T16:22:45,358  INFO LandmarkerPieSlices:164 There is no node in sector 6!
2024-05-03T16:22:45,359  INFO LandmarkerPieSlices:164 There is no node in sector 7!
2024-05-03T16:22:45,359  INFO LandmarkerPieSlices:164 There is no node in sector 8!
2024-05-03T16:22:45,359  INFO LandmarkerPieSlices:164 There is no node in sector 9!
2024-05-03T16:22:45,359  INFO LandmarkerPieSlices:164 There is no node in sector 10!
2024-05-03T16:22:45,359  INFO LandmarkerPieSlices:164 There is no node in sector 11!
2024-05-03T16:22:45,359  INFO LandmarkerPieSlices:164 There is no node in sector 12!
2024-05-03T16:22:45,359  INFO LandmarkerPieSlices:164 There is no node in sector 13!
2024-05-03T16:22:45,359  INFO LandmarkerPieSlices:164 There is no node in sector 14!
2024-05-03T16:22:45,359  INFO LandmarkerPieSlices:101 Reducing number of landmarks from 16 to 1...
2024-05-03T16:22:45,359  INFO LandmarkerPieSlices:108 Refining landmarks...
2024-05-03T16:22:45,359  INFO LandmarkerPieSlices:110 done
2024-05-03T16:22:45,359  INFO PreProcessLandmarks:116 done in 1 ms
2024-05-03T16:22:45,360  INFO PreProcessLandmarks:118 Initializing landmarks data
2024-05-03T16:22:45,360  INFO PreProcessLandmarks:130 Calculating distance from each node to each of the 16 landmarks using 2 threads...
2024-05-03T16:22:45,360  INFO PreProcessLandmarks:140 wait for landmarks Calculator to finish...
2024-05-03T16:22:45,361  INFO PreProcessLandmarks:164 done in 1 ms
2024-05-03T16:22:45,364  INFO RandomizingTimeDistanceTravelDisutilityFactory:86  sigma: 3.0; resulting normalization: 0.011108996538242306
2024-05-03T16:22:45,365  INFO Counter:70 [PersonPrepareForSim] handled person # 1
2024-05-03T16:22:45,365  INFO Counter:70 [PersonPrepareForSim] handled person # 2
2024-05-03T16:22:45,366  INFO Counter:70 [PersonPrepareForSim] handled person # 4
2024-05-03T16:22:45,366  INFO Counter:70 [PersonPrepareForSim] handled person # 8
2024-05-03T16:22:45,366  INFO Counter:70 [PersonPrepareForSim] handled person # 16
2024-05-03T16:22:45,366  INFO Counter:70 [PersonPrepareForSim] handled person # 32
2024-05-03T16:22:45,368  INFO Counter:70 [PersonPrepareForSim] handled person # 64
2024-05-03T16:22:45,369  INFO Counter:75 [PersonPrepareForSim] handled person # 100
2024-05-03T16:22:45,369  INFO AbstractController:134 ###################################################
2024-05-03T16:22:45,370  INFO AbstractController:135 ### ITERATION 0 BEGINS
2024-05-03T16:22:45,373  INFO ControlerListenerManagerImpl:146 calling notifyIterationStarts on org.matsim.analysis.LegHistogramListener
2024-05-03T16:22:45,373  INFO ControlerListenerManagerImpl:146 calling notifyIterationStarts on org.matsim.analysis.LinkStatsControlerListener
2024-05-03T16:22:45,373  INFO ControlerListenerManagerImpl:146 calling notifyIterationStarts on org.matsim.core.replanning.ReplanningContextImpl
2024-05-03T16:22:45,374  INFO ControlerListenerManagerImpl:146 calling notifyIterationStarts on org.matsim.core.scoring.ScoringFunctionsForPopulation$$Lambda/0x000001ba5b39e568
2024-05-03T16:22:45,396  INFO ControlerListenerManagerImpl:146 calling notifyIterationStarts on org.matsim.core.scoring.ExperiencedPlansServiceImpl$1
2024-05-03T16:22:45,398  INFO ControlerListenerManagerImpl:149 [it.0] all ControlerIterationStartsListeners called.
2024-05-03T16:22:45,401  INFO ControlerListenerManagerImpl:225 calling notifyBeforeMobsim on org.matsim.core.controler.corelisteners.EventsHandlingImpl
2024-05-03T16:22:45,402  INFO EventsManagerImpl:168 resetting Event-Handlers
2024-05-03T16:22:45,402  INFO EventsManagerImpl:175   org.matsim.core.trafficmonitoring.TravelTimeCalculator
2024-05-03T16:22:45,402  INFO EventsManagerImpl:175   org.matsim.analysis.VolumesAnalyzer
2024-05-03T16:22:45,402  INFO EventsManagerImpl:175   org.matsim.core.scoring.ScoringFunctionsForPopulation
2024-05-03T16:22:45,403  INFO EventsManagerImpl:175   org.matsim.analysis.LegHistogram
2024-05-03T16:22:45,403  INFO EventsManagerImpl:175   org.matsim.analysis.CalcLegTimes
2024-05-03T16:22:45,409  INFO EventsManagerImpl:138 adding Event-Handler: org.matsim.core.events.algorithms.EventWriterXML
2024-05-03T16:22:45,409  INFO EventsManagerImpl:144   org.matsim.core.events.algorithms.EventWriter
2024-05-03T16:22:45,410  INFO EventsManagerImpl:144   org.matsim.core.events.handler.BasicEventHandler
2024-05-03T16:22:45,410  INFO EventsManagerImpl:205     > org.matsim.api.core.v01.events.Event
2024-05-03T16:22:45,410  INFO EventsManagerImpl:154 
2024-05-03T16:22:45,410  INFO EventsManagerImpl:138 adding Event-Handler: org.matsim.core.events.algorithms.EventWriterXML
2024-05-03T16:22:45,410  INFO EventsManagerImpl:144   org.matsim.core.events.algorithms.EventWriter
2024-05-03T16:22:45,410  INFO EventsManagerImpl:144   org.matsim.core.events.handler.BasicEventHandler
2024-05-03T16:22:45,410  INFO EventsManagerImpl:205     > org.matsim.api.core.v01.events.Event
2024-05-03T16:22:45,410  INFO EventsManagerImpl:154 
2024-05-03T16:22:45,410  INFO ControlerListenerManagerImpl:225 calling notifyBeforeMobsim on org.matsim.core.controler.corelisteners.PlansDumpingImpl
2024-05-03T16:22:45,411  INFO PlansDumpingImpl:77 dumping plans...
2024-05-03T16:22:45,448  INFO Counter:70 [PopulationWriter] dumped person # 1
2024-05-03T16:22:45,449  INFO Counter:70 [PopulationWriter] dumped person # 2
2024-05-03T16:22:45,450  INFO Counter:70 [PopulationWriter] dumped person # 4
2024-05-03T16:22:45,451  INFO Counter:70 [PopulationWriter] dumped person # 8
2024-05-03T16:22:45,453  INFO Counter:70 [PopulationWriter] dumped person # 16
2024-05-03T16:22:45,456  INFO Counter:70 [PopulationWriter] dumped person # 32
2024-05-03T16:22:45,461  INFO Counter:70 [PopulationWriter] dumped person # 64
2024-05-03T16:22:45,466  INFO PopulationWriter:145 Population written to: test/output/org/matsim/project/RunMatsimTest/test/ITERS/it.0/0.plans.xml.gz
2024-05-03T16:22:45,468  INFO Counter:75 [PopulationWriter] dumped person # 100
2024-05-03T16:22:45,468  INFO PlansDumpingImpl:94 finished plans dump.
2024-05-03T16:22:45,468  INFO ControlerListenerManagerImpl:230 calling notifyBeforeMobsim on org.matsim.core.population.VspPlansCleaner
2024-05-03T16:22:45,469  INFO ControlerListenerManagerImpl:233 [it.0] all ControlerBeforeMobsimListeners called.
2024-05-03T16:22:45,471  INFO RandomizingTimeDistanceTravelDisutilityFactory:86  sigma: 3.0; resulting normalization: 0.011108996538242306
2024-05-03T16:22:45,473  INFO RandomizingTimeDistanceTravelDisutilityFactory:86  sigma: 3.0; resulting normalization: 0.011108996538242306
2024-05-03T16:22:45,475  INFO Counter:70 [PersonPrepareForSim] handled person # 2
2024-05-03T16:22:45,475  INFO Counter:70 [PersonPrepareForSim] handled person # 1
2024-05-03T16:22:45,476  INFO Counter:70 [PersonPrepareForSim] handled person # 8
2024-05-03T16:22:45,476  INFO Counter:70 [PersonPrepareForSim] handled person # 4
2024-05-03T16:22:45,476  INFO Counter:70 [PersonPrepareForSim] handled person # 16
2024-05-03T16:22:45,476  INFO Counter:70 [PersonPrepareForSim] handled person # 32
2024-05-03T16:22:45,476  INFO Counter:70 [PersonPrepareForSim] handled person # 64
2024-05-03T16:22:45,477  INFO Counter:75 [PersonPrepareForSim] handled person # 100
2024-05-03T16:22:45,550  INFO MobsimListenerManager:50 calling addQueueSimulationListener
2024-05-03T16:22:45,551  INFO MobsimListenerManager:54   assigned class org.matsim.core.mobsim.framework.listeners.MobsimListener to interface org.matsim.core.mobsim.framework.listeners.MobsimListener
2024-05-03T16:22:45,551  INFO MobsimListenerManager:54   assigned class org.matsim.core.mobsim.framework.listeners.MobsimListener to interface org.matsim.core.mobsim.framework.listeners.MobsimInitializedListener
2024-05-03T16:22:45,551  INFO MobsimListenerManager:54   assigned class org.matsim.core.mobsim.framework.listeners.MobsimListener to interface org.matsim.core.mobsim.framework.listeners.MobsimAfterSimStepListener
2024-05-03T16:22:45,551  INFO MobsimListenerManager:54   assigned class org.matsim.core.mobsim.framework.listeners.MobsimListener to interface org.matsim.vis.snapshotwriters.SnapshotWriterManager
2024-05-03T16:22:45,551  INFO MobsimListenerManager:54   assigned class org.matsim.core.mobsim.framework.listeners.MobsimListener to interface org.matsim.core.mobsim.framework.listeners.MobsimBeforeCleanupListener
2024-05-03T16:22:45,573  INFO QSimProvider:131 Added MobsimEngine class org.matsim.core.mobsim.qsim.ActivityEngineDefaultImpl
2024-05-03T16:22:45,573  INFO QSimProvider:137 Added Activityhandler class org.matsim.core.mobsim.qsim.ActivityEngineDefaultImpl
2024-05-03T16:22:45,573  INFO QSimProvider:143 Added DepartureHandler class org.matsim.core.mobsim.qsim.qnetsimengine.VehicularDepartureHandler
2024-05-03T16:22:45,573  INFO QSimProvider:131 Added MobsimEngine class org.matsim.core.mobsim.qsim.qnetsimengine.QNetsimEngineWithThreadpool
2024-05-03T16:22:45,573  INFO QSimProvider:131 Added MobsimEngine class org.matsim.core.mobsim.qsim.DefaultTeleportationEngine
2024-05-03T16:22:45,573  INFO QSimProvider:143 Added DepartureHandler class org.matsim.core.mobsim.qsim.DefaultTeleportationEngine
2024-05-03T16:22:45,573  INFO QSimProvider:149 Added AgentSource class org.matsim.core.mobsim.qsim.agents.PopulationAgentSource
2024-05-03T16:22:45,573  INFO MobsimListenerManager:50 calling addQueueSimulationListener
2024-05-03T16:22:45,573  INFO MobsimListenerManager:54   assigned class org.matsim.core.mobsim.framework.listeners.MobsimListener to interface org.matsim.core.mobsim.framework.listeners.MobsimListener
2024-05-03T16:22:45,573  INFO MobsimListenerManager:54   assigned class org.matsim.core.mobsim.framework.listeners.MobsimListener to interface org.matsim.core.mobsim.framework.listeners.MobsimBeforeSimStepListener
2024-05-03T16:22:45,573  INFO MobsimListenerManager:54   assigned class org.matsim.core.mobsim.framework.listeners.MobsimListener to interface org.matsim.core.mobsim.qsim.messagequeueengine.MessageQueueEngine
2024-05-03T16:22:45,573  INFO QSimProvider:155 Added MobsimListener class org.matsim.core.mobsim.qsim.messagequeueengine.MessageQueueEngine
2024-05-03T16:22:45,578  INFO PopulationUtils:1202 adding scenario element for allpersons container
2024-05-03T16:22:45,579  INFO PopulationImpl:107  person # 1
2024-05-03T16:22:45,579  INFO PopulationImpl:107  person # 4
2024-05-03T16:22:45,579  INFO PopulationImpl:107  person # 16
2024-05-03T16:22:45,579  INFO PopulationImpl:107  person # 64
2024-05-03T16:22:45,580  INFO VehicleUtils:328 adding scenario element for allvehicles container
2024-05-03T16:22:45,580  INFO Counter:70 [VehiclesImpl] added vehicle # 1
2024-05-03T16:22:45,580  INFO Counter:70 [VehiclesImpl] added vehicle # 2
2024-05-03T16:22:45,580  INFO Counter:70 [VehiclesImpl] added vehicle # 4
2024-05-03T16:22:45,581  INFO Counter:70 [VehiclesImpl] added vehicle # 8
2024-05-03T16:22:45,581  INFO Counter:70 [VehiclesImpl] added vehicle # 16
2024-05-03T16:22:45,581  INFO Counter:70 [VehiclesImpl] added vehicle # 32
2024-05-03T16:22:45,582  INFO Counter:70 [VehiclesImpl] added vehicle # 64
2024-05-03T16:22:45,585  INFO AbstractQNetsimEngine:428 Assigned 15 nodes and 23 links to QSimEngineRunner #0
2024-05-03T16:22:45,587  INFO EventsManagerImpl:115  event # 1
2024-05-03T16:22:45,590  INFO EventsManagerImpl:115  event # 4
2024-05-03T16:22:45,592  INFO AbstractQNetsimEngine:366 SIMULATION (QNetsimEngine) AT 05:58:30 : #links=1 #nodes=1
2024-05-03T16:22:45,598  INFO QSim:566 SIMULATION (NEW QSim) AT 05:58:30 : #Veh=100 lost=0 simT=0.0s realT=0s; (s/r): 0.0
2024-05-03T16:22:45,625  INFO EventsManagerImpl:115  event # 16
2024-05-03T16:22:45,633  INFO EventsManagerImpl:115  event # 64
2024-05-03T16:22:45,635  INFO AbstractQNetsimEngine:366 SIMULATION (QNetsimEngine) AT 06:00:00 : #links=2 #nodes=1
2024-05-03T16:22:45,635  INFO QSim:566 SIMULATION (NEW QSim) AT 06:00:00 : #Veh=100 lost=0 simT=90.0s realT=0s; (s/r): Infinity
2024-05-03T16:22:45,641  INFO EventsManagerImpl:115  event # 256
2024-05-03T16:22:45,749  INFO EventsManagerImpl:115  event # 1024
2024-05-03T16:22:45,975  INFO AbstractQNetsimEngine:366 SIMULATION (QNetsimEngine) AT 07:00:00 : #links=1 #nodes=0
2024-05-03T16:22:45,976  INFO QSim:566 SIMULATION (NEW QSim) AT 07:00:00 : #Veh=100 lost=0 simT=3690.0s realT=0s; (s/r): Infinity
2024-05-03T16:22:46,208  INFO AbstractQNetsimEngine:366 SIMULATION (QNetsimEngine) AT 08:00:00 : #links=1 #nodes=0
2024-05-03T16:22:46,208  INFO QSim:566 SIMULATION (NEW QSim) AT 08:00:00 : #Veh=5 lost=0 simT=7290.0s realT=0s; (s/r): Infinity
2024-05-03T16:22:46,418  INFO AbstractQNetsimEngine:366 SIMULATION (QNetsimEngine) AT 09:00:00 : #links=1 #nodes=0
2024-05-03T16:22:46,418  INFO QSim:566 SIMULATION (NEW QSim) AT 09:00:00 : #Veh=4 lost=0 simT=10890.0s realT=0s; (s/r): Infinity
2024-05-03T16:22:46,623  INFO AbstractQNetsimEngine:366 SIMULATION (QNetsimEngine) AT 10:00:00 : #links=0 #nodes=0
2024-05-03T16:22:46,623  INFO QSim:566 SIMULATION (NEW QSim) AT 10:00:00 : #Veh=2 lost=0 simT=14490.0s realT=1s; (s/r): 14490.0
2024-05-03T16:22:46,838  INFO AbstractQNetsimEngine:366 SIMULATION (QNetsimEngine) AT 11:00:00 : #links=0 #nodes=0
2024-05-03T16:22:46,838  INFO QSim:566 SIMULATION (NEW QSim) AT 11:00:00 : #Veh=1 lost=0 simT=18090.0s realT=1s; (s/r): 18090.0
2024-05-03T16:22:47,048  INFO AbstractQNetsimEngine:366 SIMULATION (QNetsimEngine) AT 12:00:00 : #links=0 #nodes=0
2024-05-03T16:22:47,048  INFO QSim:566 SIMULATION (NEW QSim) AT 12:00:00 : #Veh=1 lost=0 simT=21690.0s realT=1s; (s/r): 21690.0
2024-05-03T16:22:47,261  INFO AbstractQNetsimEngine:366 SIMULATION (QNetsimEngine) AT 13:00:00 : #links=1 #nodes=0
2024-05-03T16:22:47,261  INFO QSim:566 SIMULATION (NEW QSim) AT 13:00:00 : #Veh=1 lost=0 simT=25290.0s realT=1s; (s/r): 25290.0
2024-05-03T16:22:47,357  INFO AbstractController$9:235 ### ITERATION 0 fires after mobsim event
2024-05-03T16:22:47,358  INFO Gbl:192 Thread performance: Thread=class org.matsim.core.events.SimStepParallelEventsManagerImpl$ProcessEventsRunnable0  cpu-time=0.046875sec
2024-05-03T16:22:47,358  INFO ControlerListenerManagerImpl:249 calling notifyAfterMobsim on org.matsim.analysis.LegTimesControlerListener
2024-05-03T16:22:47,362  INFO LegTimesControlerListener:51 [0] average trip (probably: leg) duration is: 1695 seconds = 00:28:15
2024-05-03T16:22:47,362  INFO ControlerListenerManagerImpl:249 calling notifyAfterMobsim on org.matsim.core.events.MobsimScopeEventHandling
2024-05-03T16:22:47,363  INFO ControlerListenerManagerImpl:249 calling notifyAfterMobsim on org.matsim.core.scoring.EventsToActivities$1
2024-05-03T16:22:47,364  INFO ControlerListenerManagerImpl:252 [it.0] all ControlerAfterMobsimListeners called.
2024-05-03T16:22:47,365  INFO AbstractController$4:160 ### ITERATION 0 fires scoring event
2024-05-03T16:22:47,365  INFO ControlerListenerManagerImpl:184 calling notifyScoring on org.matsim.core.scoring.PlansScoringImpl
2024-05-03T16:22:47,367  INFO NewScoreAssignerImpl:58 it: 0 msaStart: null
2024-05-03T16:22:47,367  INFO ControlerListenerManagerImpl:195 [it.0] all ControlerScoringListeners called.
2024-05-03T16:22:47,368  INFO AbstractController$5:168 ### ITERATION 0 fires iteration end event
2024-05-03T16:22:47,368  INFO ControlerListenerManagerImpl:161 calling notifyIterationEnds on org.matsim.core.controler.corelisteners.EventsHandlingImpl
2024-05-03T16:22:47,369  INFO EventsManagerImpl:159 removing Event-Handler: org.matsim.core.events.algorithms.EventWriterXML
2024-05-03T16:22:47,369  INFO EventsManagerImpl:159 removing Event-Handler: org.matsim.core.events.algorithms.EventWriterXML
2024-05-03T16:22:47,369  INFO ControlerListenerManagerImpl:161 calling notifyIterationEnds on org.matsim.core.scoring.PlansScoringImpl
2024-05-03T16:22:47,370  INFO ControlerListenerManagerImpl:168 calling notifyIterationEnds on org.matsim.counts.CountsControlerListener
2024-05-03T16:22:47,370  INFO ControlerListenerManagerImpl:168 calling notifyIterationEnds on org.matsim.analysis.ModeStatsControlerListener
2024-05-03T16:22:47,371  INFO ModeStatsControlerListener:145 Mode shares over all 201.0 trips found. MainModeIdentifier: class org.matsim.core.router.RoutingModeMainModeIdentifier
2024-05-03T16:22:47,372  INFO ModeStatsControlerListener:152 -- mode share of mode car = 1.0
2024-05-03T16:22:47,374  INFO ControlerListenerManagerImpl:168 calling notifyIterationEnds on org.matsim.analysis.ScoreStatsControlerListener
2024-05-03T16:22:47,375  INFO ScoreStatsControlerListener:182 -- avg. score of the executed plan of each agent: 64.75686659291274
2024-05-03T16:22:47,375  INFO ScoreStatsControlerListener:183 -- avg. score of the worst plan of each agent: 64.75686659291274
2024-05-03T16:22:47,375  INFO ScoreStatsControlerListener:184 -- avg. of the avg. plan score per agent: 64.75686659291274
2024-05-03T16:22:47,375  INFO ScoreStatsControlerListener:185 -- avg. score of the best plan of each agent: 64.75686659291274
2024-05-03T16:22:47,378  INFO ControlerListenerManagerImpl:168 calling notifyIterationEnds on org.matsim.analysis.IterationTravelStatsControlerListener
2024-05-03T16:22:47,388  INFO TravelDistanceStats:144 -- average leg distance per plan (executed plans only): 44776.119402985074 meters
2024-05-03T16:22:47,389  INFO TravelDistanceStats:145 average leg distance per Person (executed plans only): 90000.0 meters (statistic on all 201 legs which have a finite distance)
2024-05-03T16:22:47,389  INFO TravelDistanceStats:146 -- average trip distance per plan (executed plans only): 44776.119402985074 meters
2024-05-03T16:22:47,389  INFO TravelDistanceStats:147 average trip distance per Person (executed plans only): 90000.0 meters (statistic on all 201 trips which have a finite distance)
2024-05-03T16:22:47,389  INFO TravelDistanceStats:148 (TravelDistanceStats takes an average over all legs where the simulation reports travelled (network) distances
2024-05-03T16:22:47,389  INFO TravelDistanceStats:149 (and teleported legs whose route contains a distance.)
2024-05-03T16:22:48,003  INFO ControlerListenerManagerImpl:168 calling notifyIterationEnds on org.matsim.analysis.LegHistogramListener
2024-05-03T16:22:48,011  INFO LegHistogramListener:73 number of legs:	201	100%
2024-05-03T16:22:48,013  INFO LegHistogramListener:80 number of car legs:	201	100.0%
2024-05-03T16:22:48,166  INFO ControlerListenerManagerImpl:168 calling notifyIterationEnds on org.matsim.analysis.LinkStatsControlerListener
2024-05-03T16:22:48,166  INFO ControlerListenerManagerImpl:172 [it.0] all ControlerIterationEndsListeners called.
2024-05-03T16:22:48,259  INFO AbstractController:182 ### ITERATION 0 ENDS
2024-05-03T16:22:48,259  INFO AbstractController:183 ###################################################
2024-05-03T16:22:48,259  INFO AbstractController:134 ###################################################
2024-05-03T16:22:48,259  INFO AbstractController:135 ### ITERATION 1 BEGINS
2024-05-03T16:22:48,260  INFO ControlerListenerManagerImpl:146 calling notifyIterationStarts on org.matsim.analysis.LegHistogramListener
2024-05-03T16:22:48,260  INFO ControlerListenerManagerImpl:146 calling notifyIterationStarts on org.matsim.analysis.LinkStatsControlerListener
2024-05-03T16:22:48,260  INFO ControlerListenerManagerImpl:146 calling notifyIterationStarts on org.matsim.core.replanning.ReplanningContextImpl
2024-05-03T16:22:48,260  INFO ControlerListenerManagerImpl:146 calling notifyIterationStarts on org.matsim.core.scoring.ScoringFunctionsForPopulation$$Lambda/0x000001ba5b39e568
2024-05-03T16:22:48,261  INFO ControlerListenerManagerImpl:146 calling notifyIterationStarts on org.matsim.core.scoring.ExperiencedPlansServiceImpl$1
2024-05-03T16:22:48,261  INFO ControlerListenerManagerImpl:149 [it.1] all ControlerIterationStartsListeners called.
2024-05-03T16:22:48,261  INFO ControlerListenerManagerImpl:206 calling notifyReplanning on org.matsim.core.controler.corelisteners.PlansReplanningImpl
2024-05-03T16:22:48,262  INFO RandomizingTimeDistanceTravelDisutilityFactory:86  sigma: 3.0; resulting normalization: 0.011108996538242306
2024-05-03T16:22:48,264  INFO RandomizingTimeDistanceTravelDisutilityFactory:86  sigma: 3.0; resulting normalization: 0.011108996538242306
2024-05-03T16:22:48,268  INFO GenericPlanStrategyImpl:127 Plan-Strategy finished, 89 plans handled. Strategy: BestPlanSelector
2024-05-03T16:22:48,268  INFO AbstractMultithreadedModule:142 [PlanRouter] starting 2 threads, handling 11 plans
2024-05-03T16:22:48,276  INFO Counter:70 [PlanRouter] handled plan # 1
2024-05-03T16:22:48,276  INFO Counter:70 [PlanRouter] handled plan # 2
2024-05-03T16:22:48,276  INFO Counter:70 [PlanRouter] handled plan # 4
2024-05-03T16:22:48,277  INFO Counter:70 [PlanRouter] handled plan # 8
2024-05-03T16:22:48,277  INFO AbstractMultithreadedModule:157 [PlanRouter] all 2 threads finished.
2024-05-03T16:22:48,277  INFO GenericPlanStrategyImpl:127 Plan-Strategy finished, 11 plans handled. Strategy: RandomPlanSelector_ReRoute
2024-05-03T16:22:48,278  INFO ControlerListenerManagerImpl:214 [it.1] all ControlerReplanningListeners called.
2024-05-03T16:22:48,278  INFO ControlerListenerManagerImpl:225 calling notifyBeforeMobsim on org.matsim.core.controler.corelisteners.EventsHandlingImpl
2024-05-03T16:22:48,278  INFO EventsManagerImpl:168 resetting Event-Handlers
2024-05-03T16:22:48,278  INFO EventsManagerImpl:175   org.matsim.core.trafficmonitoring.TravelTimeCalculator
2024-05-03T16:22:48,278  INFO EventsManagerImpl:175   org.matsim.analysis.VolumesAnalyzer
2024-05-03T16:22:48,278  INFO EventsManagerImpl:175   org.matsim.core.scoring.ScoringFunctionsForPopulation
2024-05-03T16:22:48,278  INFO EventsManagerImpl:175   org.matsim.analysis.LegHistogram
2024-05-03T16:22:48,278  INFO EventsManagerImpl:175   org.matsim.analysis.CalcLegTimes
2024-05-03T16:22:48,279  INFO EventsManagerImpl:138 adding Event-Handler: org.matsim.core.events.algorithms.EventWriterXML
2024-05-03T16:22:48,280  INFO EventsManagerImpl:144   org.matsim.core.events.algorithms.EventWriter
2024-05-03T16:22:48,280  INFO EventsManagerImpl:144   org.matsim.core.events.handler.BasicEventHandler
2024-05-03T16:22:48,280  INFO EventsManagerImpl:205     > org.matsim.api.core.v01.events.Event
2024-05-03T16:22:48,280  INFO EventsManagerImpl:154 
2024-05-03T16:22:48,280  INFO EventsManagerImpl:138 adding Event-Handler: org.matsim.core.events.algorithms.EventWriterXML
2024-05-03T16:22:48,280  INFO EventsManagerImpl:144   org.matsim.core.events.algorithms.EventWriter
2024-05-03T16:22:48,280  INFO EventsManagerImpl:144   org.matsim.core.events.handler.BasicEventHandler
2024-05-03T16:22:48,280  INFO EventsManagerImpl:205     > org.matsim.api.core.v01.events.Event
2024-05-03T16:22:48,280  INFO EventsManagerImpl:154 
2024-05-03T16:22:48,281  INFO ControlerListenerManagerImpl:225 calling notifyBeforeMobsim on org.matsim.core.controler.corelisteners.PlansDumpingImpl
2024-05-03T16:22:48,281  INFO PlansDumpingImpl:77 dumping plans...
2024-05-03T16:22:48,283  INFO Counter:70 [PopulationWriter] dumped person # 1
2024-05-03T16:22:48,284  INFO Counter:70 [PopulationWriter] dumped person # 2
2024-05-03T16:22:48,285  INFO Counter:70 [PopulationWriter] dumped person # 4
2024-05-03T16:22:48,286  INFO Counter:70 [PopulationWriter] dumped person # 8
2024-05-03T16:22:48,287  INFO Counter:70 [PopulationWriter] dumped person # 16
2024-05-03T16:22:48,289  INFO Counter:70 [PopulationWriter] dumped person # 32
2024-05-03T16:22:48,292  INFO Counter:70 [PopulationWriter] dumped person # 64
2024-05-03T16:22:48,296  INFO PopulationWriter:145 Population written to: test/output/org/matsim/project/RunMatsimTest/test/ITERS/it.1/1.plans.xml.gz
2024-05-03T16:22:48,298  INFO Counter:75 [PopulationWriter] dumped person # 100
2024-05-03T16:22:48,298  INFO PlansDumpingImpl:94 finished plans dump.
2024-05-03T16:22:48,298  INFO ControlerListenerManagerImpl:230 calling notifyBeforeMobsim on org.matsim.core.population.VspPlansCleaner
2024-05-03T16:22:48,298  INFO ControlerListenerManagerImpl:233 [it.1] all ControlerBeforeMobsimListeners called.
2024-05-03T16:22:48,299  INFO RandomizingTimeDistanceTravelDisutilityFactory:86  sigma: 3.0; resulting normalization: 0.011108996538242306
2024-05-03T16:22:48,299  INFO RandomizingTimeDistanceTravelDisutilityFactory:86  sigma: 3.0; resulting normalization: 0.011108996538242306
2024-05-03T16:22:48,300  INFO Counter:70 [PersonPrepareForSim] handled person # 2
2024-05-03T16:22:48,300  INFO Counter:70 [PersonPrepareForSim] handled person # 1
2024-05-03T16:22:48,300  INFO Counter:70 [PersonPrepareForSim] handled person # 4
2024-05-03T16:22:48,300  INFO Counter:70 [PersonPrepareForSim] handled person # 8
2024-05-03T16:22:48,301  INFO Counter:70 [PersonPrepareForSim] handled person # 16
2024-05-03T16:22:48,301  INFO Counter:70 [PersonPrepareForSim] handled person # 32
2024-05-03T16:22:48,301  INFO Counter:70 [PersonPrepareForSim] handled person # 64
2024-05-03T16:22:48,301  INFO Counter:75 [PersonPrepareForSim] handled person # 100
2024-05-03T16:22:48,324  INFO MobsimListenerManager:50 calling addQueueSimulationListener
2024-05-03T16:22:48,325  INFO MobsimListenerManager:54   assigned class org.matsim.core.mobsim.framework.listeners.MobsimListener to interface org.matsim.core.mobsim.framework.listeners.MobsimListener
2024-05-03T16:22:48,325  INFO MobsimListenerManager:54   assigned class org.matsim.core.mobsim.framework.listeners.MobsimListener to interface org.matsim.core.mobsim.framework.listeners.MobsimInitializedListener
2024-05-03T16:22:48,325  INFO MobsimListenerManager:54   assigned class org.matsim.core.mobsim.framework.listeners.MobsimListener to interface org.matsim.core.mobsim.framework.listeners.MobsimAfterSimStepListener
2024-05-03T16:22:48,325  INFO MobsimListenerManager:54   assigned class org.matsim.core.mobsim.framework.listeners.MobsimListener to interface org.matsim.vis.snapshotwriters.SnapshotWriterManager
2024-05-03T16:22:48,325  INFO MobsimListenerManager:54   assigned class org.matsim.core.mobsim.framework.listeners.MobsimListener to interface org.matsim.core.mobsim.framework.listeners.MobsimBeforeCleanupListener
2024-05-03T16:22:48,327  INFO QSimProvider:131 Added MobsimEngine class org.matsim.core.mobsim.qsim.ActivityEngineDefaultImpl
2024-05-03T16:22:48,327  INFO QSimProvider:137 Added Activityhandler class org.matsim.core.mobsim.qsim.ActivityEngineDefaultImpl
2024-05-03T16:22:48,327  INFO QSimProvider:143 Added DepartureHandler class org.matsim.core.mobsim.qsim.qnetsimengine.VehicularDepartureHandler
2024-05-03T16:22:48,327  INFO QSimProvider:131 Added MobsimEngine class org.matsim.core.mobsim.qsim.qnetsimengine.QNetsimEngineWithThreadpool
2024-05-03T16:22:48,327  INFO QSimProvider:131 Added MobsimEngine class org.matsim.core.mobsim.qsim.DefaultTeleportationEngine
2024-05-03T16:22:48,327  INFO QSimProvider:143 Added DepartureHandler class org.matsim.core.mobsim.qsim.DefaultTeleportationEngine
2024-05-03T16:22:48,327  INFO QSimProvider:149 Added AgentSource class org.matsim.core.mobsim.qsim.agents.PopulationAgentSource
2024-05-03T16:22:48,327  INFO MobsimListenerManager:50 calling addQueueSimulationListener
2024-05-03T16:22:48,327  INFO MobsimListenerManager:54   assigned class org.matsim.core.mobsim.framework.listeners.MobsimListener to interface org.matsim.core.mobsim.framework.listeners.MobsimListener
2024-05-03T16:22:48,327  INFO MobsimListenerManager:54   assigned class org.matsim.core.mobsim.framework.listeners.MobsimListener to interface org.matsim.core.mobsim.framework.listeners.MobsimBeforeSimStepListener
2024-05-03T16:22:48,327  INFO MobsimListenerManager:54   assigned class org.matsim.core.mobsim.framework.listeners.MobsimListener to interface org.matsim.core.mobsim.qsim.messagequeueengine.MessageQueueEngine
2024-05-03T16:22:48,327  INFO QSimProvider:155 Added MobsimListener class org.matsim.core.mobsim.qsim.messagequeueengine.MessageQueueEngine
2024-05-03T16:22:48,329  INFO AbstractQNetsimEngine:428 Assigned 15 nodes and 23 links to QSimEngineRunner #0
2024-05-03T16:22:48,331  INFO AbstractQNetsimEngine:366 SIMULATION (QNetsimEngine) AT 05:58:30 : #links=1 #nodes=1
2024-05-03T16:22:48,332  INFO QSim:566 SIMULATION (NEW QSim) AT 05:58:30 : #Veh=100 lost=0 simT=0.0s realT=0s; (s/r): 0.0
2024-05-03T16:22:48,342  INFO AbstractQNetsimEngine:366 SIMULATION (QNetsimEngine) AT 06:00:00 : #links=2 #nodes=1
2024-05-03T16:22:48,342  INFO QSim:566 SIMULATION (NEW QSim) AT 06:00:00 : #Veh=100 lost=0 simT=90.0s realT=0s; (s/r): Infinity
2024-05-03T16:22:48,417  INFO EventsManagerImpl:115  event # 4096
2024-05-03T16:22:48,615  INFO AbstractQNetsimEngine:366 SIMULATION (QNetsimEngine) AT 07:00:00 : #links=1 #nodes=0
2024-05-03T16:22:48,615  INFO QSim:566 SIMULATION (NEW QSim) AT 07:00:00 : #Veh=100 lost=0 simT=3690.0s realT=0s; (s/r): Infinity
2024-05-03T16:22:48,838  INFO AbstractQNetsimEngine:366 SIMULATION (QNetsimEngine) AT 08:00:00 : #links=1 #nodes=0
2024-05-03T16:22:48,838  INFO QSim:566 SIMULATION (NEW QSim) AT 08:00:00 : #Veh=5 lost=0 simT=7290.0s realT=0s; (s/r): Infinity
2024-05-03T16:22:49,052  INFO AbstractQNetsimEngine:366 SIMULATION (QNetsimEngine) AT 09:00:00 : #links=1 #nodes=0
2024-05-03T16:22:49,052  INFO QSim:566 SIMULATION (NEW QSim) AT 09:00:00 : #Veh=4 lost=0 simT=10890.0s realT=0s; (s/r): Infinity
2024-05-03T16:22:49,264  INFO AbstractQNetsimEngine:366 SIMULATION (QNetsimEngine) AT 10:00:00 : #links=0 #nodes=0
2024-05-03T16:22:49,264  INFO QSim:566 SIMULATION (NEW QSim) AT 10:00:00 : #Veh=2 lost=0 simT=14490.0s realT=0s; (s/r): Infinity
2024-05-03T16:22:49,472  INFO AbstractQNetsimEngine:366 SIMULATION (QNetsimEngine) AT 11:00:00 : #links=0 #nodes=0
2024-05-03T16:22:49,472  INFO QSim:566 SIMULATION (NEW QSim) AT 11:00:00 : #Veh=1 lost=0 simT=18090.0s realT=1s; (s/r): 18090.0
2024-05-03T16:22:49,681  INFO AbstractQNetsimEngine:366 SIMULATION (QNetsimEngine) AT 12:00:00 : #links=0 #nodes=0
2024-05-03T16:22:49,681  INFO QSim:566 SIMULATION (NEW QSim) AT 12:00:00 : #Veh=1 lost=0 simT=21690.0s realT=1s; (s/r): 21690.0
2024-05-03T16:22:49,894  INFO AbstractQNetsimEngine:366 SIMULATION (QNetsimEngine) AT 13:00:00 : #links=1 #nodes=0
2024-05-03T16:22:49,895  INFO QSim:566 SIMULATION (NEW QSim) AT 13:00:00 : #Veh=1 lost=0 simT=25290.0s realT=1s; (s/r): 25290.0
2024-05-03T16:22:49,991  INFO AbstractController$9:235 ### ITERATION 1 fires after mobsim event
2024-05-03T16:22:49,991  INFO Gbl:192 Thread performance: Thread=class org.matsim.core.events.SimStepParallelEventsManagerImpl$ProcessEventsRunnable0  cpu-time=0.0sec
2024-05-03T16:22:49,991  INFO ControlerListenerManagerImpl:249 calling notifyAfterMobsim on org.matsim.analysis.LegTimesControlerListener
2024-05-03T16:22:49,992  INFO LegTimesControlerListener:51 [1] average trip (probably: leg) duration is: 1678 seconds = 00:27:58
2024-05-03T16:22:49,992  INFO ControlerListenerManagerImpl:249 calling notifyAfterMobsim on org.matsim.core.events.MobsimScopeEventHandling
2024-05-03T16:22:49,992  INFO ControlerListenerManagerImpl:249 calling notifyAfterMobsim on org.matsim.core.scoring.EventsToActivities$1
2024-05-03T16:22:49,993  INFO ControlerListenerManagerImpl:252 [it.1] all ControlerAfterMobsimListeners called.
2024-05-03T16:22:49,993  INFO AbstractController$4:160 ### ITERATION 1 fires scoring event
2024-05-03T16:22:49,993  INFO ControlerListenerManagerImpl:184 calling notifyScoring on org.matsim.core.scoring.PlansScoringImpl
2024-05-03T16:22:49,993  INFO NewScoreAssignerImpl:58 it: 1 msaStart: null
2024-05-03T16:22:49,994  INFO ControlerListenerManagerImpl:195 [it.1] all ControlerScoringListeners called.
2024-05-03T16:22:49,994  INFO AbstractController$5:168 ### ITERATION 1 fires iteration end event
2024-05-03T16:22:49,994  INFO ControlerListenerManagerImpl:161 calling notifyIterationEnds on org.matsim.core.controler.corelisteners.EventsHandlingImpl
2024-05-03T16:22:49,996  INFO EventsManagerImpl:159 removing Event-Handler: org.matsim.core.events.algorithms.EventWriterXML
2024-05-03T16:22:49,996  INFO EventsManagerImpl:159 removing Event-Handler: org.matsim.core.events.algorithms.EventWriterXML
2024-05-03T16:22:49,996  INFO ControlerListenerManagerImpl:161 calling notifyIterationEnds on org.matsim.core.scoring.PlansScoringImpl
2024-05-03T16:22:49,996  INFO ControlerListenerManagerImpl:168 calling notifyIterationEnds on org.matsim.counts.CountsControlerListener
2024-05-03T16:22:49,996  INFO ControlerListenerManagerImpl:168 calling notifyIterationEnds on org.matsim.analysis.ModeStatsControlerListener
2024-05-03T16:22:49,997  INFO ModeStatsControlerListener:145 Mode shares over all 201.0 trips found. MainModeIdentifier: class org.matsim.core.router.RoutingModeMainModeIdentifier
2024-05-03T16:22:49,997  INFO ModeStatsControlerListener:152 -- mode share of mode car = 1.0
2024-05-03T16:22:50,107  INFO ControlerListenerManagerImpl:168 calling notifyIterationEnds on org.matsim.analysis.ScoreStatsControlerListener
2024-05-03T16:22:50,108  INFO ScoreStatsControlerListener:182 -- avg. score of the executed plan of each agent: 64.84180132563583
2024-05-03T16:22:50,108  INFO ScoreStatsControlerListener:183 -- avg. score of the worst plan of each agent: 64.78366379257605
2024-05-03T16:22:50,108  INFO ScoreStatsControlerListener:184 -- avg. of the avg. plan score per agent: 64.81273255910591
2024-05-03T16:22:50,108  INFO ScoreStatsControlerListener:185 -- avg. score of the best plan of each agent: 64.84180132563583
2024-05-03T16:22:50,156  INFO ControlerListenerManagerImpl:168 calling notifyIterationEnds on org.matsim.analysis.IterationTravelStatsControlerListener
2024-05-03T16:22:50,157  INFO TravelDistanceStats:144 -- average leg distance per plan (executed plans only): 44776.119402985074 meters
2024-05-03T16:22:50,157  INFO TravelDistanceStats:145 average leg distance per Person (executed plans only): 90000.0 meters (statistic on all 201 legs which have a finite distance)
2024-05-03T16:22:50,157  INFO TravelDistanceStats:146 -- average trip distance per plan (executed plans only): 44776.119402985074 meters
2024-05-03T16:22:50,157  INFO TravelDistanceStats:147 average trip distance per Person (executed plans only): 90000.0 meters (statistic on all 201 trips which have a finite distance)
2024-05-03T16:22:50,157  INFO TravelDistanceStats:148 (TravelDistanceStats takes an average over all legs where the simulation reports travelled (network) distances
2024-05-03T16:22:50,157  INFO TravelDistanceStats:149 (and teleported legs whose route contains a distance.)
2024-05-03T16:22:50,386  INFO ControlerListenerManagerImpl:168 calling notifyIterationEnds on org.matsim.analysis.LegHistogramListener
2024-05-03T16:22:50,388  INFO LegHistogramListener:73 number of legs:	201	100%
2024-05-03T16:22:50,389  INFO LegHistogramListener:80 number of car legs:	201	100.0%
2024-05-03T16:22:50,485  INFO ControlerListenerManagerImpl:168 calling notifyIterationEnds on org.matsim.analysis.LinkStatsControlerListener
2024-05-03T16:22:50,486  INFO ControlerListenerManagerImpl:172 [it.1] all ControlerIterationEndsListeners called.
2024-05-03T16:22:50,541  INFO AbstractController:182 ### ITERATION 1 ENDS
2024-05-03T16:22:50,541  INFO AbstractController:183 ###################################################
2024-05-03T16:22:50,541  INFO MatsimRuntimeModifications:80 S H U T D O W N   ---   start shutdown.
2024-05-03T16:22:50,542  INFO ControlerListenerManagerImpl:122 calling notifyShutdown on org.matsim.core.controler.corelisteners.EventsHandlingImpl
2024-05-03T16:22:50,542  INFO ControlerListenerManagerImpl:122 calling notifyShutdown on org.matsim.core.controler.corelisteners.DumpDataAtEndImpl
2024-05-03T16:22:50,543  INFO Counter:70 [PopulationWriter] dumped person # 1
2024-05-03T16:22:50,544  INFO Counter:70 [PopulationWriter] dumped person # 2
2024-05-03T16:22:50,544  INFO Counter:70 [PopulationWriter] dumped person # 4
2024-05-03T16:22:50,545  INFO Counter:70 [PopulationWriter] dumped person # 8
2024-05-03T16:22:50,545  INFO Counter:70 [PopulationWriter] dumped person # 16
2024-05-03T16:22:50,547  INFO Counter:70 [PopulationWriter] dumped person # 32
2024-05-03T16:22:50,549  INFO Counter:70 [PopulationWriter] dumped person # 64
2024-05-03T16:22:50,552  INFO PopulationWriter:145 Population written to: test/output/org/matsim/project/RunMatsimTest/test/output_plans.xml.gz
2024-05-03T16:22:50,553  INFO Counter:75 [PopulationWriter] dumped person # 100
2024-05-03T16:22:50,555  INFO NetworkWriter:70 Writing network to file: test/output/org/matsim/project/RunMatsimTest/test/output_network.xml.gz...
2024-05-03T16:22:50,560  INFO NetworkWriter:73 done.
2024-05-03T16:22:50,566  INFO Config:602 setting context to [file:/C:/Users/ranyjulek/Desktop/uni/inteligencja-obliczeniowa/IO_projekt/java/]
2024-05-03T16:22:50,569  INFO Config:602 setting context to [file:/C:/Users/ranyjulek/Desktop/uni/inteligencja-obliczeniowa/IO_projekt/java/]
2024-05-03T16:22:50,571  INFO Config:602 setting context to [file:/C:/Users/ranyjulek/Desktop/uni/inteligencja-obliczeniowa/IO_projekt/java/]
2024-05-03T16:22:50,574  INFO Config:602 setting context to [file:/C:/Users/ranyjulek/Desktop/uni/inteligencja-obliczeniowa/IO_projekt/java/]
2024-05-03T16:22:50,576  INFO Config:602 setting context to [file:/C:/Users/ranyjulek/Desktop/uni/inteligencja-obliczeniowa/IO_projekt/java/]
2024-05-03T16:22:50,579  INFO Config:602 setting context to [file:/C:/Users/ranyjulek/Desktop/uni/inteligencja-obliczeniowa/IO_projekt/java/]
2024-05-03T16:22:50,581  INFO Config:602 setting context to [file:/C:/Users/ranyjulek/Desktop/uni/inteligencja-obliczeniowa/IO_projekt/java/]
2024-05-03T16:22:50,585  INFO Config:602 setting context to [file:/C:/Users/ranyjulek/Desktop/uni/inteligencja-obliczeniowa/IO_projekt/java/]
2024-05-03T16:22:50,587  INFO Config:602 setting context to [file:/C:/Users/ranyjulek/Desktop/uni/inteligencja-obliczeniowa/IO_projekt/java/]
2024-05-03T16:22:50,589  INFO Config:602 setting context to [file:/C:/Users/ranyjulek/Desktop/uni/inteligencja-obliczeniowa/IO_projekt/java/]
2024-05-03T16:22:50,591  INFO Config:602 setting context to [file:/C:/Users/ranyjulek/Desktop/uni/inteligencja-obliczeniowa/IO_projekt/java/]
2024-05-03T16:22:50,593  INFO Config:602 setting context to [file:/C:/Users/ranyjulek/Desktop/uni/inteligencja-obliczeniowa/IO_projekt/java/]
2024-05-03T16:22:50,594  INFO Config:602 setting context to [file:/C:/Users/ranyjulek/Desktop/uni/inteligencja-obliczeniowa/IO_projekt/java/]
2024-05-03T16:22:50,596  INFO Config:602 setting context to [file:/C:/Users/ranyjulek/Desktop/uni/inteligencja-obliczeniowa/IO_projekt/java/]
2024-05-03T16:22:50,598  INFO Config:602 setting context to [file:/C:/Users/ranyjulek/Desktop/uni/inteligencja-obliczeniowa/IO_projekt/java/]
2024-05-03T16:22:50,600  INFO Config:602 setting context to [file:/C:/Users/ranyjulek/Desktop/uni/inteligencja-obliczeniowa/IO_projekt/java/]
2024-05-03T16:22:50,601  INFO Config:602 setting context to [file:/C:/Users/ranyjulek/Desktop/uni/inteligencja-obliczeniowa/IO_projekt/java/]
2024-05-03T16:22:50,602  INFO Config:602 setting context to [file:/C:/Users/ranyjulek/Desktop/uni/inteligencja-obliczeniowa/IO_projekt/java/]
2024-05-03T16:22:50,605  INFO Config:602 setting context to [file:/C:/Users/ranyjulek/Desktop/uni/inteligencja-obliczeniowa/IO_projekt/java/]
2024-05-03T16:22:50,607  INFO Config:602 setting context to [file:/C:/Users/ranyjulek/Desktop/uni/inteligencja-obliczeniowa/IO_projekt/java/]
2024-05-03T16:22:50,607  INFO Config:602 setting context to [file:/C:/Users/ranyjulek/Desktop/uni/inteligencja-obliczeniowa/IO_projekt/java/]
2024-05-03T16:22:50,609  INFO Config:602 setting context to [file:/C:/Users/ranyjulek/Desktop/uni/inteligencja-obliczeniowa/IO_projekt/java/]
2024-05-03T16:22:50,610  INFO Config:602 setting context to [file:/C:/Users/ranyjulek/Desktop/uni/inteligencja-obliczeniowa/IO_projekt/java/]
2024-05-03T16:22:50,610  INFO Config:602 setting context to [file:/C:/Users/ranyjulek/Desktop/uni/inteligencja-obliczeniowa/IO_projekt/java/]
2024-05-03T16:22:50,612  INFO Config:602 setting context to [file:/C:/Users/ranyjulek/Desktop/uni/inteligencja-obliczeniowa/IO_projekt/java/]
2024-05-03T16:22:50,613  INFO Config:602 setting context to [file:/C:/Users/ranyjulek/Desktop/uni/inteligencja-obliczeniowa/IO_projekt/java/]
2024-05-03T16:22:50,615  INFO Config:602 setting context to [file:/C:/Users/ranyjulek/Desktop/uni/inteligencja-obliczeniowa/IO_projekt/java/]
2024-05-03T16:22:50,623  INFO MatsimVehicleWriter:55 about to write vehicles to: test/output/org/matsim/project/RunMatsimTest/test/output_vehicles.xml.gz
2024-05-03T16:22:50,624  INFO VehicleWriterV2:64 about to write vehicles to: test/output/org/matsim/project/RunMatsimTest/test/output_vehicles.xml.gz
2024-05-03T16:22:50,628  INFO MatsimVehicleWriter:55 about to write vehicles to: test/output/org/matsim/project/RunMatsimTest/test/output_allVehicles.xml.gz
2024-05-03T16:22:50,628  INFO VehicleWriterV2:64 about to write vehicles to: test/output/org/matsim/project/RunMatsimTest/test/output_allVehicles.xml.gz
2024-05-03T16:22:50,632  INFO HouseholdsWriterV10:67 about to write  households to: test/output/org/matsim/project/RunMatsimTest/test/output_households.xml.gz
2024-05-03T16:22:50,634  INFO Counter:75 [HouseholdsWriter] wrote household # 0
2024-05-03T16:22:50,649  INFO ControlerListenerManagerImpl:127 calling notifyShutdown on org.matsim.analysis.ScoreStatsControlerListener
2024-05-03T16:22:50,650  INFO ControlerListenerManagerImpl:127 calling notifyShutdown on org.matsim.analysis.IterationTravelStatsControlerListener
2024-05-03T16:22:50,650  INFO IterationTravelStatsControlerListener:109 Writing all Person and Attributes to personscsv
2024-05-03T16:22:50,654  INFO IterationTravelStatsControlerListener:153 ...done
2024-05-03T16:22:50,654  INFO ControlerListenerManagerImpl:130 all ControlerShutdownListeners called.
2024-05-03T16:22:50,654  INFO MatsimRuntimeModifications:103 S H U T D O W N   ---   shutdown completed.
2024-05-03T16:22:50,654  INFO OutputDirectoryLogging:171 closing the logfile, i.e. messages sent to the logger after this message are not written to the logfile.
2024-05-03T16:22:50,656  INFO OutputDirectoryLogging:171 closing the logfile, i.e. messages sent to the logger after this message are not written to the logfile.
2024-05-03T16:22:50,657  INFO Config:602 setting context to [file:/C:/Users/ranyjulek/Desktop/uni/inteligencja-obliczeniowa/IO_projekt/java/]
2024-05-03T16:22:50,658  INFO MatsimTestUtils:265 user.dir = C:\Users\ranyjulek\Desktop\uni\inteligencja-obliczeniowa\IO_projekt\java
2024-05-03T16:22:50,658  INFO Config:602 setting context to [file:/C:/Users/ranyjulek/Desktop/uni/inteligencja-obliczeniowa/IO_projekt/java/]
2024-05-03T16:22:50,659  INFO MatsimXmlParser:148 starting to parse xml from file test/input/org/matsim/project/RunMatsimTest/test//output_plans.xml.gz ...
2024-05-03T16:22:50,659  INFO IOUtils:213 Resolved test/input/org/matsim/project/RunMatsimTest/test//output_plans.xml.gz to test\input\org\matsim\project\RunMatsimTest\test\output_plans.xml.gz
2024-05-03T16:22:50,665  INFO PopulationReader:124 using population_v6-reader.
2024-05-03T16:22:50,665  INFO MatsimXmlParser:281 Trying to load http://www.matsim.org/files/dtd/population_v6.dtd. In some cases (e.g. network interface up but no connection), this may take a bit.
2024-05-03T16:22:50,750  INFO PopulationImpl:107  person # 1
2024-05-03T16:22:50,751  INFO PopulationImpl:107  person # 4
2024-05-03T16:22:50,758  INFO PopulationImpl:107  person # 16
2024-05-03T16:22:50,777  INFO PopulationImpl:107  person # 64
2024-05-03T16:22:50,786  INFO Config:602 setting context to [file:/C:/Users/ranyjulek/Desktop/uni/inteligencja-obliczeniowa/IO_projekt/java/]
2024-05-03T16:22:50,787  INFO Config:602 setting context to [file:/C:/Users/ranyjulek/Desktop/uni/inteligencja-obliczeniowa/IO_projekt/java/]
2024-05-03T16:22:50,788  INFO MatsimXmlParser:148 starting to parse xml from file test/output/org/matsim/project/RunMatsimTest/test//output_plans.xml.gz ...
2024-05-03T16:22:50,788  INFO IOUtils:213 Resolved test/output/org/matsim/project/RunMatsimTest/test//output_plans.xml.gz to test\output\org\matsim\project\RunMatsimTest\test\output_plans.xml.gz
2024-05-03T16:22:50,793  INFO PopulationReader:124 using population_v6-reader.
2024-05-03T16:22:50,793  INFO MatsimXmlParser:281 Trying to load http://www.matsim.org/files/dtd/population_v6.dtd. In some cases (e.g. network interface up but no connection), this may take a bit.
2024-05-03T16:22:50,851  INFO PopulationImpl:107  person # 1
2024-05-03T16:22:50,853  INFO PopulationImpl:107  person # 4
2024-05-03T16:22:50,859  INFO PopulationImpl:107  person # 16
2024-05-03T16:22:50,878  INFO PopulationImpl:107  person # 64
2024-05-03T16:22:50,903  INFO SingleHandlerEventsManager:148 adding Event-Handler: org.matsim.utils.eventsfilecomparison.Worker
2024-05-03T16:22:50,904  INFO SingleHandlerEventsManager:152   org.matsim.core.events.handler.BasicEventHandler
2024-05-03T16:22:50,904  INFO SingleHandlerEventsManager:284     > org.matsim.api.core.v01.events.Event
2024-05-03T16:22:50,904  INFO SingleHandlerEventsManager:152   java.lang.Runnable
2024-05-03T16:22:50,904  INFO SingleHandlerEventsManager:159 
2024-05-03T16:22:50,904  INFO SingleHandlerEventsManager:148 adding Event-Handler: org.matsim.utils.eventsfilecomparison.Worker
2024-05-03T16:22:50,905  INFO SingleHandlerEventsManager:152   org.matsim.core.events.handler.BasicEventHandler
2024-05-03T16:22:50,905  INFO SingleHandlerEventsManager:284     > org.matsim.api.core.v01.events.Event
2024-05-03T16:22:50,905  INFO SingleHandlerEventsManager:152   java.lang.Runnable
2024-05-03T16:22:50,905  INFO SingleHandlerEventsManager:159 
2024-05-03T16:22:50,910  INFO MatsimEventsReader$XmlEventsReader:167 using events_v1-reader.
2024-05-03T16:22:50,910  INFO MatsimEventsReader$XmlEventsReader:167 using events_v1-reader.
2024-05-03T16:22:50,911  INFO MatsimXmlParser:148 starting to parse xml from file test/output/org/matsim/project/RunMatsimTest/test//output_events.xml.gz ...
2024-05-03T16:22:50,911  INFO MatsimXmlParser:148 starting to parse xml from file test/input/org/matsim/project/RunMatsimTest/test//output_events.xml.gz ...
2024-05-03T16:22:50,911  INFO IOUtils:213 Resolved test/input/org/matsim/project/RunMatsimTest/test//output_events.xml.gz to test\input\org\matsim\project\RunMatsimTest\test\output_events.xml.gz
2024-05-03T16:22:50,911  INFO IOUtils:213 Resolved test/output/org/matsim/project/RunMatsimTest/test//output_events.xml.gz to test\output\org\matsim\project\RunMatsimTest\test\output_events.xml.gz
2024-05-03T16:22:50,915  INFO SingleHandlerEventsManager:181  event # 1
2024-05-03T16:22:50,926  INFO SingleHandlerEventsManager:181  event # 1
2024-05-03T16:22:50,928  INFO SingleHandlerEventsManager:181  event # 4
2024-05-03T16:22:50,928  INFO SingleHandlerEventsManager:181  event # 4
2024-05-03T16:22:50,928  INFO SingleHandlerEventsManager:181  event # 16
2024-05-03T16:22:50,928  INFO SingleHandlerEventsManager:181  event # 16
2024-05-03T16:22:50,930  INFO SingleHandlerEventsManager:181  event # 64
2024-05-03T16:22:50,930  INFO SingleHandlerEventsManager:181  event # 64
2024-05-03T16:22:50,936  INFO SingleHandlerEventsManager:181  event # 256
2024-05-03T16:22:50,936  INFO SingleHandlerEventsManager:181  event # 256
2024-05-03T16:22:50,961  INFO SingleHandlerEventsManager:181  event # 1024
2024-05-03T16:22:50,961  INFO SingleHandlerEventsManager:181  event # 1024
2024-05-03T16:22:50,998  INFO EventsFileComparator:94 Event files are semantically equivalent.
]]></system-out>
    <system-err><![CDATA[2024-05-03T16:22:45,266  WARN XY2LinksForFacilities:51 There is no link for at least a facility. Assigning links for such facilities from coords.
2024-05-03T16:22:45,268  WARN XY2LinksForFacilities:52  This message given only once.
2024-05-03T16:22:45,283  WARN PrepareForSimImpl:229 'usePersonIdForMissingVehicleId' is deprecated. It will be removed soon.
2024-05-03T16:22:45,325  WARN PreProcessEuclidean:60 There are links with stored length smaller than their Euclidean distance in this network. Thus, A* cannot guarantee to calculate the least-cost paths between two nodes.
2024-05-03T16:22:45,354  WARN RandomizingTimeDistanceTravelDisutilityFactory:113 There will be no routing randomness. The randomization of the travel disutility requires the monetary distance rate to be different than zero. Continuing anyway.
2024-05-03T16:22:45,355  WARN RandomizingTimeDistanceTravelDisutilityFactory:118 There will be no routing randomness. The randomization of the travel disutility requires the travel time cost rate to be different than zero. Continuing anyway.
2024-05-03T16:22:45,358  WARN PreProcessEuclidean:60 There are links with stored length smaller than their Euclidean distance in this network. Thus, A* cannot guarantee to calculate the least-cost paths between two nodes.
2024-05-03T16:22:45,563  WARN QueueWithBuffer:500 Link 1 too small: enlarge storage capacity from: 1333.3333333333333 Vehicles to: 3599.712023038157 Vehicles.  This is not fatal, but modifies the traffic flow dynamics.
2024-05-03T16:22:45,564  WARN QueueWithBuffer:500 Link 20 too small: enlarge storage capacity from: 1333.3333333333333 Vehicles to: 3599.712023038157 Vehicles.  This is not fatal, but modifies the traffic flow dynamics.
2024-05-03T16:22:45,564  WARN QueueWithBuffer:500 Link 21 too small: enlarge storage capacity from: 1333.3333333333333 Vehicles to: 3599.712023038157 Vehicles.  This is not fatal, but modifies the traffic flow dynamics.
2024-05-03T16:22:45,564  WARN QueueWithBuffer:500 Link 22 too small: enlarge storage capacity from: 4666.666666666667 Vehicles to: 12598.99208063355 Vehicles.  This is not fatal, but modifies the traffic flow dynamics.
2024-05-03T16:22:45,564  WARN QueueWithBuffer:500 Link 23 too small: enlarge storage capacity from: 1333.3333333333333 Vehicles to: 3599.712023038157 Vehicles.  This is not fatal, but modifies the traffic flow dynamics.
2024-05-03T16:22:48,325  WARN QueueWithBuffer:500 Link 1 too small: enlarge storage capacity from: 1333.3333333333333 Vehicles to: 3599.712023038157 Vehicles.  This is not fatal, but modifies the traffic flow dynamics.
2024-05-03T16:22:48,326  WARN QueueWithBuffer:500 Link 20 too small: enlarge storage capacity from: 1333.3333333333333 Vehicles to: 3599.712023038157 Vehicles.  This is not fatal, but modifies the traffic flow dynamics.
2024-05-03T16:22:48,326  WARN QueueWithBuffer:500 Link 21 too small: enlarge storage capacity from: 1333.3333333333333 Vehicles to: 3599.712023038157 Vehicles.  This is not fatal, but modifies the traffic flow dynamics.
2024-05-03T16:22:48,326  WARN QueueWithBuffer:500 Link 22 too small: enlarge storage capacity from: 4666.666666666667 Vehicles to: 12598.99208063355 Vehicles.  This is not fatal, but modifies the traffic flow dynamics.
2024-05-03T16:22:48,326  WARN QueueWithBuffer:500 Link 23 too small: enlarge storage capacity from: 1333.3333333333333 Vehicles to: 3599.712023038157 Vehicles.  This is not fatal, but modifies the traffic flow dynamics.
]]></system-err>
  </testcase>
</testsuite>